<?xml version="1.0" encoding="UTF-8"?>
<!-- Generated by org.testng.reporters.JUnitXMLReporter -->
<testsuite ignored="0" hostname="LAPTOP-U11H1911" failures="1" tests="1" name="Default test(failed)" time="0.088" errors="0" timestamp="2020-03-17T19:50:53 IST">
  <testcase classname="testcases.TCID149" name="flatNegativeCase" time="0.017">
    <failure type="java.lang.NullPointerException">
      <![CDATA[java.lang.NullPointerException
at automation.AutomationScript.launchUrl(AutomationScript.java:31)
at testcases.TCID149.flatNegativeCase(TCID149.java:12)
at java.base/java.util.ArrayList.forEach(ArrayList.java:1507)
... Removed 27 stack frames]]>
    </failure>
  </testcase> <!-- flatNegativeCase -->
</testsuite> <!-- Default test(failed) -->
