<?xml version="1.0" encoding="UTF-8"?>
<testsuite name="TestSuite" time="33.062" tests="14" errors="0" skipped="0" failures="1">
  <properties>
[...]
</properties>
  <testcase name="startTest" classname="testcases.TCID1" time="5.327"/>
  <testcase name="addCart" classname="testcases.TCID2" time="1.562"/>
  <testcase name="cartPlus" classname="testcases.TCID3" time="0.624"/>
  <testcase name="cartMinus" classname="testcases.TCID4" time="0.703"/>
  <testcase name="sort" classname="testcases.TCID7" time="0.214"/>
  <testcase name="relevance" classname="testcases.TCID8" time="0.14"/>
  <testcase name="lowhigh" classname="testcases.TCID9" time="0.39"/>
  <testcase name="highlow" classname="testcases.TCID10" time="0.578"/>
  <testcase name="atoz" classname="testcases.TCID11" time="0.562"/>
  <testcase name="ztoa" classname="testcases.TCID12" time="5.087"/>
  <testcase name="checkout_emp" classname="testcases.TCID16" time="5.733"/>
  <testcase name="checkout_pro" classname="testcases.TCID18" time="10.241"/>
  <testcase name="clearPro" classname="testcases.TCID20" time="1.439"/>
  <testcase name="clearEmp" classname="testcases.TCID19" time="0.462">
    <failure message="&#10;Build info: version: &apos;3.141.59&apos;, revision: &apos;e82be7d358&apos;, time: &apos;2018-11-14T08:17:03&apos;&#10;System info: host: &apos;DESKTOP-P4MLSHK&apos;, ip: &apos;192.168.15.124&apos;, os.name: &apos;Windows 10&apos;, os.arch: &apos;amd64&apos;, os.version: &apos;10.0&apos;, java.version: &apos;13.0.2&apos;&#10;Driver info: org.openqa.selenium.firefox.FirefoxDriver&#10;Capabilities {acceptInsecureCerts: true, browserName: firefox, browserVersion: 74.0, javascriptEnabled: true, moz:accessibilityChecks: false, moz:buildID: 20200309095159, moz:geckodriverVersion: 0.26.0, moz:headless: false, moz:processID: 8544, moz:profile: C:\Users\USER\AppData\Local..., moz:shutdownTimeout: 60000, moz:useNonSpecCompliantPointerOrigin: false, moz:webdriverClick: true, pageLoadStrategy: normal, platform: WINDOWS, platformName: WINDOWS, platformVersion: 10.0, rotatable: false, setWindowRect: true, strictFileInteractability: false, timeouts: {implicit: 0, pageLoad: 300000, script: 30000}, unhandledPromptBehavior: dismiss and notify}&#10;Session ID: 7ff63641-5ad4-4a02-b3ca-f9732e16914e" type="org.openqa.selenium.NoAlertPresentException">org.openqa.selenium.NoAlertPresentException: 
Build info: version: '3.141.59', revision: 'e82be7d358', time: '2018-11-14T08:17:03'
System info: host: 'DESKTOP-P4MLSHK', ip: '192.168.15.124', os.name: 'Windows 10', os.arch: 'amd64', os.version: '10.0', java.version: '13.0.2'
Driver info: org.openqa.selenium.firefox.FirefoxDriver
Capabilities {acceptInsecureCerts: true, browserName: firefox, browserVersion: 74.0, javascriptEnabled: true, moz:accessibilityChecks: false, moz:buildID: 20200309095159, moz:geckodriverVersion: 0.26.0, moz:headless: false, moz:processID: 8544, moz:profile: C:\Users\USER\AppData\Local..., moz:shutdownTimeout: 60000, moz:useNonSpecCompliantPointerOrigin: false, moz:webdriverClick: true, pageLoadStrategy: normal, platform: WINDOWS, platformName: WINDOWS, platformVersion: 10.0, rotatable: false, setWindowRect: true, strictFileInteractability: false, timeouts: {implicit: 0, pageLoad: 300000, script: 30000}, unhandledPromptBehavior: dismiss and notify}
Session ID: 7ff63641-5ad4-4a02-b3ca-f9732e16914e
	at java.base/jdk.internal.reflect.NativeConstructorAccessorImpl.newInstance0(Native Method)
	at java.base/jdk.internal.reflect.NativeConstructorAccessorImpl.newInstance(NativeConstructorAccessorImpl.java:62)
	at java.base/jdk.internal.reflect.DelegatingConstructorAccessorImpl.newInstance(DelegatingConstructorAccessorImpl.java:45)
	at java.base/java.lang.reflect.Constructor.newInstanceWithCaller(Constructor.java:500)
	at java.base/java.lang.reflect.Constructor.newInstance(Constructor.java:481)
	at org.openqa.selenium.remote.http.W3CHttpResponseCodec.createException(W3CHttpResponseCodec.java:187)
	at org.openqa.selenium.remote.http.W3CHttpResponseCodec.decode(W3CHttpResponseCodec.java:122)
	at org.openqa.selenium.remote.http.W3CHttpResponseCodec.decode(W3CHttpResponseCodec.java:49)
	at org.openqa.selenium.remote.HttpCommandExecutor.execute(HttpCommandExecutor.java:158)
	at org.openqa.selenium.remote.service.DriverCommandExecutor.execute(DriverCommandExecutor.java:83)
	at org.openqa.selenium.remote.RemoteWebDriver.execute(RemoteWebDriver.java:552)
	at org.openqa.selenium.remote.RemoteWebDriver.execute(RemoteWebDriver.java:609)
	at org.openqa.selenium.remote.RemoteWebDriver$RemoteTargetLocator.alert(RemoteWebDriver.java:932)
	at automation.AutomationScript.clearcartemp(AutomationScript.java:196)
	at testcases.TCID19.clearEmp(TCID19.java:10)
</failure>
  </testcase>
</testsuite>