<?xml version="1.0" encoding="UTF-8"?>
<testng-results ignored="0" total="1" passed="0" failed="1" skipped="0">
  <reporter-output>
  </reporter-output>
  <suite started-at="2020-03-23T20:14:35 IST" name="HomePageSuite" finished-at="2020-03-23T20:16:06 IST" duration-ms="90220">
    <groups>
    </groups>
    <test started-at="2020-03-23T20:14:35 IST" name="BeforeSuite" finished-at="2020-03-23T20:14:35 IST" duration-ms="19">
    </test> <!-- BeforeSuite -->
    <test started-at="2020-03-23T20:14:36 IST" name="TCID85" finished-at="2020-03-23T20:16:06 IST" duration-ms="90067">
      <class name="testcases.TCID85">
        <test-method signature="clickFruite()[pri:0, instance:testcases.TCID85@50de0926]" started-at="2020-03-23T20:14:36 IST" name="clickFruite" finished-at="2020-03-23T20:16:06 IST" duration-ms="89979" status="FAIL">
          <exception class="java.lang.AssertionError">
            <message>
              <![CDATA[TCID <85> failed: <when click fruite option in category not see fruites page>]]>
            </message>
            <full-stacktrace>
              <![CDATA[java.lang.AssertionError: TCID <85> failed: <when click fruite option in category not see fruites page>
at org.testng.Assert.fail(Assert.java:97)
at automation.AutomationScript.categoryFruite(AutomationScript.java:850)
at testcases.TCID85.clickFruite(TCID85.java:12)
at java.base/jdk.internal.reflect.NativeMethodAccessorImpl.invoke0(Native Method)
at java.base/jdk.internal.reflect.NativeMethodAccessorImpl.invoke(NativeMethodAccessorImpl.java:62)
at java.base/jdk.internal.reflect.DelegatingMethodAccessorImpl.invoke(DelegatingMethodAccessorImpl.java:43)
at java.base/java.lang.reflect.Method.invoke(Method.java:567)
at org.testng.internal.MethodInvocationHelper.invokeMethod(MethodInvocationHelper.java:134)
at org.testng.internal.TestInvoker.invokeMethod(TestInvoker.java:597)
at org.testng.internal.TestInvoker.invokeTestMethod(TestInvoker.java:173)
at org.testng.internal.MethodRunner.runInSequence(MethodRunner.java:46)
at org.testng.internal.TestInvoker$MethodInvocationAgent.invoke(TestInvoker.java:816)
at org.testng.internal.TestInvoker.invokeTestMethods(TestInvoker.java:146)
at org.testng.internal.TestMethodWorker.invokeTestMethods(TestMethodWorker.java:146)
at org.testng.internal.TestMethodWorker.run(TestMethodWorker.java:128)
at java.base/java.util.ArrayList.forEach(ArrayList.java:1507)
at org.testng.TestRunner.privateRun(TestRunner.java:766)
at org.testng.TestRunner.run(TestRunner.java:587)
at org.testng.SuiteRunner.runTest(SuiteRunner.java:384)
at org.testng.SuiteRunner.runSequentially(SuiteRunner.java:378)
at org.testng.SuiteRunner.privateRun(SuiteRunner.java:337)
at org.testng.SuiteRunner.run(SuiteRunner.java:286)
at org.testng.SuiteRunnerWorker.runSuite(SuiteRunnerWorker.java:53)
at org.testng.SuiteRunnerWorker.run(SuiteRunnerWorker.java:96)
at org.testng.TestNG.runSuitesSequentially(TestNG.java:1187)
at org.testng.TestNG.runSuitesLocally(TestNG.java:1109)
at org.testng.TestNG.runSuites(TestNG.java:1039)
at org.testng.TestNG.run(TestNG.java:1007)
at org.apache.maven.surefire.testng.TestNGExecutor.run(TestNGExecutor.java:293)
at org.apache.maven.surefire.testng.TestNGXmlTestSuite.execute(TestNGXmlTestSuite.java:84)
at org.apache.maven.surefire.testng.TestNGProvider.invoke(TestNGProvider.java:91)
at org.apache.maven.surefire.booter.ForkedBooter.invokeProviderInSameClassLoader(ForkedBooter.java:200)
at org.apache.maven.surefire.booter.ForkedBooter.runSuitesInProcess(ForkedBooter.java:153)
at org.apache.maven.surefire.booter.ForkedBooter.main(ForkedBooter.java:103)
]]>
            </full-stacktrace>
          </exception> <!-- java.lang.AssertionError -->
          <reporter-output>
          </reporter-output>
        </test-method> <!-- clickFruite -->
      </class> <!-- testcases.TCID85 -->
      <class name="testcases.BeforeSuites">
        <test-method is-config="true" signature="init()[pri:0, instance:testcases.BeforeSuites@4d1b0d2a]" started-at="2020-03-23T20:14:23 IST" name="init" finished-at="2020-03-23T20:14:35 IST" duration-ms="12396" status="PASS">
          <reporter-output>
          </reporter-output>
        </test-method> <!-- init -->
      </class> <!-- testcases.BeforeSuites -->
    </test> <!-- TCID85 -->
  </suite> <!-- HomePageSuite -->
</testng-results>
