<?xml version="1.0" encoding="UTF-8"?>
<testng-results ignored="0" total="1" passed="1" failed="0" skipped="0">
  <reporter-output>
  </reporter-output>
  <suite started-at="2020-03-21T20:27:25 IST" name="HomePageSuite" finished-at="2020-03-21T20:27:38 IST" duration-ms="12513">
    <groups>
    </groups>
    <test started-at="2020-03-21T20:27:25 IST" name="BeforeSuite" finished-at="2020-03-21T20:27:25 IST" duration-ms="7">
    </test> <!-- BeforeSuite -->
    <test started-at="2020-03-21T20:27:26 IST" name="TCID74" finished-at="2020-03-21T20:27:38 IST" duration-ms="12382">
      <class name="testcases.TCID74">
        <test-method signature="goToHome()[pri:0, instance:testcases.TCID74@50de0926]" started-at="2020-03-21T20:27:26 IST" name="goToHome" finished-at="2020-03-21T20:27:38 IST" duration-ms="12325" status="PASS">
          <reporter-output>
          </reporter-output>
        </test-method> <!-- goToHome -->
      </class> <!-- testcases.TCID74 -->
      <class name="testcases.BeforeSuites">
        <test-method is-config="true" signature="init()[pri:0, instance:testcases.BeforeSuites@4d1b0d2a]" started-at="2020-03-21T20:27:16 IST" name="init" finished-at="2020-03-21T20:27:25 IST" duration-ms="9248" status="PASS">
          <reporter-output>
          </reporter-output>
        </test-method> <!-- init -->
      </class> <!-- testcases.BeforeSuites -->
    </test> <!-- TCID74 -->
  </suite> <!-- HomePageSuite -->
</testng-results>
