<?xml version="1.0" encoding="UTF-8"?>
<testng-results ignored="0" total="14" passed="14" failed="0" skipped="0">
  <reporter-output>
  </reporter-output>
  <suite started-at="2020-03-18T11:56:04 IST" name="HomePageSuite" finished-at="2020-03-18T11:57:02 IST" duration-ms="57647">
    <groups>
    </groups>
    <test started-at="2020-03-18T11:56:04 IST" name="BeforeSuite" finished-at="2020-03-18T11:56:04 IST" duration-ms="70">
    </test> <!-- BeforeSuite -->
    <test started-at="2020-03-18T11:56:05 IST" name="TCID1" finished-at="2020-03-18T11:56:20 IST" duration-ms="15243">
      <class name="testcases.TCID1">
        <test-method signature="startTest()[pri:0, instance:testcases.TCID1@50de0926]" started-at="2020-03-18T11:56:05 IST" name="startTest" finished-at="2020-03-18T11:56:20 IST" duration-ms="15106" status="PASS">
          <reporter-output>
          </reporter-output>
        </test-method> <!-- startTest -->
      </class> <!-- testcases.TCID1 -->
    </test> <!-- TCID1 -->
    <test started-at="2020-03-18T11:56:20 IST" name="TCID2" finished-at="2020-03-18T11:56:22 IST" duration-ms="1586">
      <class name="testcases.TCID2">
        <test-method signature="addCart()[pri:0, instance:testcases.TCID2@76b10754]" started-at="2020-03-18T11:56:20 IST" name="addCart" finished-at="2020-03-18T11:56:22 IST" duration-ms="1583" status="PASS">
          <reporter-output>
          </reporter-output>
        </test-method> <!-- addCart -->
      </class> <!-- testcases.TCID2 -->
    </test> <!-- TCID2 -->
    <test started-at="2020-03-18T11:56:22 IST" name="TCID3" finished-at="2020-03-18T11:56:23 IST" duration-ms="1061">
      <class name="testcases.TCID3">
        <test-method signature="cartPlus()[pri:0, instance:testcases.TCID3@58a90037]" started-at="2020-03-18T11:56:22 IST" name="cartPlus" finished-at="2020-03-18T11:56:23 IST" duration-ms="1047" status="PASS">
          <reporter-output>
          </reporter-output>
        </test-method> <!-- cartPlus -->
      </class> <!-- testcases.TCID3 -->
    </test> <!-- TCID3 -->
    <test started-at="2020-03-18T11:56:24 IST" name="TCID4" finished-at="2020-03-18T11:56:24 IST" duration-ms="721">
      <class name="testcases.TCID4">
        <test-method signature="cartMinus()[pri:0, instance:testcases.TCID4@40f08448]" started-at="2020-03-18T11:56:24 IST" name="cartMinus" finished-at="2020-03-18T11:56:24 IST" duration-ms="717" status="PASS">
          <reporter-output>
          </reporter-output>
        </test-method> <!-- cartMinus -->
      </class> <!-- testcases.TCID4 -->
    </test> <!-- TCID4 -->
    <test started-at="2020-03-18T11:56:25 IST" name="TCID7" finished-at="2020-03-18T11:56:25 IST" duration-ms="431">
      <class name="testcases.TCID7">
        <test-method signature="sort()[pri:0, instance:testcases.TCID7@32464a14]" started-at="2020-03-18T11:56:25 IST" name="sort" finished-at="2020-03-18T11:56:25 IST" duration-ms="429" status="PASS">
          <reporter-output>
          </reporter-output>
        </test-method> <!-- sort -->
      </class> <!-- testcases.TCID7 -->
    </test> <!-- TCID7 -->
    <test started-at="2020-03-18T11:56:25 IST" name="TCID8" finished-at="2020-03-18T11:56:25 IST" duration-ms="172">
      <class name="testcases.TCID8">
        <test-method signature="relevance()[pri:0, instance:testcases.TCID8@32cf48b7]" started-at="2020-03-18T11:56:25 IST" name="relevance" finished-at="2020-03-18T11:56:25 IST" duration-ms="168" status="PASS">
          <reporter-output>
          </reporter-output>
        </test-method> <!-- relevance -->
      </class> <!-- testcases.TCID8 -->
    </test> <!-- TCID8 -->
    <test started-at="2020-03-18T11:56:25 IST" name="TCID9" finished-at="2020-03-18T11:56:26 IST" duration-ms="422">
      <class name="testcases.TCID9">
        <test-method signature="lowhigh()[pri:0, instance:testcases.TCID9@12028586]" started-at="2020-03-18T11:56:25 IST" name="lowhigh" finished-at="2020-03-18T11:56:26 IST" duration-ms="422" status="PASS">
          <reporter-output>
          </reporter-output>
        </test-method> <!-- lowhigh -->
      </class> <!-- testcases.TCID9 -->
    </test> <!-- TCID9 -->
    <test started-at="2020-03-18T11:56:26 IST" name="TCID10" finished-at="2020-03-18T11:56:26 IST" duration-ms="421">
      <class name="testcases.TCID10">
        <test-method signature="highlow()[pri:0, instance:testcases.TCID10@1176dcec]" started-at="2020-03-18T11:56:26 IST" name="highlow" finished-at="2020-03-18T11:56:26 IST" duration-ms="417" status="PASS">
          <reporter-output>
          </reporter-output>
        </test-method> <!-- highlow -->
      </class> <!-- testcases.TCID10 -->
    </test> <!-- TCID10 -->
    <test started-at="2020-03-18T11:56:27 IST" name="TCID11" finished-at="2020-03-18T11:56:28 IST" duration-ms="659">
      <class name="testcases.TCID11">
        <test-method signature="atoz()[pri:0, instance:testcases.TCID11@21a947fe]" started-at="2020-03-18T11:56:27 IST" name="atoz" finished-at="2020-03-18T11:56:28 IST" duration-ms="655" status="PASS">
          <reporter-output>
          </reporter-output>
        </test-method> <!-- atoz -->
      </class> <!-- testcases.TCID11 -->
    </test> <!-- TCID11 -->
    <test started-at="2020-03-18T11:56:28 IST" name="TCID12" finished-at="2020-03-18T11:56:31 IST" duration-ms="3284">
      <class name="testcases.TCID12">
        <test-method signature="ztoa()[pri:0, instance:testcases.TCID12@10b48321]" started-at="2020-03-18T11:56:28 IST" name="ztoa" finished-at="2020-03-18T11:56:31 IST" duration-ms="3283" status="PASS">
          <reporter-output>
          </reporter-output>
        </test-method> <!-- ztoa -->
      </class> <!-- testcases.TCID12 -->
    </test> <!-- TCID12 -->
    <test started-at="2020-03-18T11:56:31 IST" name="TCID16" finished-at="2020-03-18T11:56:37 IST" duration-ms="6501">
      <class name="testcases.TCID16">
        <test-method signature="checkout_emp()[pri:0, instance:testcases.TCID16@1c72da34]" started-at="2020-03-18T11:56:31 IST" name="checkout_emp" finished-at="2020-03-18T11:56:37 IST" duration-ms="6500" status="PASS">
          <reporter-output>
          </reporter-output>
        </test-method> <!-- checkout_emp -->
      </class> <!-- testcases.TCID16 -->
    </test> <!-- TCID16 -->
    <test started-at="2020-03-18T11:56:38 IST" name="TCID18" finished-at="2020-03-18T11:56:56 IST" duration-ms="18422">
      <class name="testcases.TCID18">
        <test-method signature="checkout_pro()[pri:0, instance:testcases.TCID18@6385cb26]" started-at="2020-03-18T11:56:38 IST" name="checkout_pro" finished-at="2020-03-18T11:56:56 IST" duration-ms="18421" status="PASS">
          <reporter-output>
          </reporter-output>
        </test-method> <!-- checkout_pro -->
      </class> <!-- testcases.TCID18 -->
    </test> <!-- TCID18 -->
    <test started-at="2020-03-18T11:56:56 IST" name="TCID20" finished-at="2020-03-18T11:56:56 IST" duration-ms="336">
      <class name="testcases.TCID20">
        <test-method signature="clearPro()[pri:0, instance:testcases.TCID20@516be40f]" started-at="2020-03-18T11:56:56 IST" name="clearPro" finished-at="2020-03-18T11:56:56 IST" duration-ms="331" status="PASS">
          <reporter-output>
          </reporter-output>
        </test-method> <!-- clearPro -->
      </class> <!-- testcases.TCID20 -->
    </test> <!-- TCID20 -->
    <test started-at="2020-03-18T11:56:56 IST" name="TCID19" finished-at="2020-03-18T11:57:02 IST" duration-ms="5528">
      <class name="testcases.BeforeSuites">
        <test-method is-config="true" signature="init()[pri:0, instance:testcases.BeforeSuites@4d1b0d2a]" started-at="2020-03-18T11:55:15 IST" name="init" finished-at="2020-03-18T11:56:04 IST" duration-ms="48991" status="PASS">
          <reporter-output>
          </reporter-output>
        </test-method> <!-- init -->
      </class> <!-- testcases.BeforeSuites -->
      <class name="testcases.TCID19">
        <test-method signature="clearEmp()[pri:0, instance:testcases.TCID19@23a5fd2]" started-at="2020-03-18T11:56:56 IST" name="clearEmp" finished-at="2020-03-18T11:57:02 IST" duration-ms="5525" status="PASS">
          <reporter-output>
          </reporter-output>
        </test-method> <!-- clearEmp -->
      </class> <!-- testcases.TCID19 -->
    </test> <!-- TCID19 -->
  </suite> <!-- HomePageSuite -->
</testng-results>
