<?xml version="1.0" encoding="UTF-8"?>
<testng-results ignored="0" total="14" passed="13" failed="1" skipped="0">
  <reporter-output>
  </reporter-output>
  <suite started-at="2020-03-17T20:11:32 IST" name="HomePageSuite" finished-at="2020-03-17T20:12:08 IST" duration-ms="36057">
    <groups>
    </groups>
    <test started-at="2020-03-17T20:11:32 IST" name="BeforeSuite" finished-at="2020-03-17T20:11:32 IST" duration-ms="15">
    </test> <!-- BeforeSuite -->
    <test started-at="2020-03-17T20:11:33 IST" name="TCID1" finished-at="2020-03-17T20:11:38 IST" duration-ms="5357">
      <class name="testcases.TCID1">
        <test-method signature="startTest()[pri:0, instance:testcases.TCID1@50de0926]" started-at="2020-03-17T20:11:33 IST" name="startTest" finished-at="2020-03-17T20:11:38 IST" duration-ms="5296" status="PASS">
          <reporter-output>
          </reporter-output>
        </test-method> <!-- startTest -->
      </class> <!-- testcases.TCID1 -->
    </test> <!-- TCID1 -->
    <test started-at="2020-03-17T20:11:39 IST" name="TCID2" finished-at="2020-03-17T20:11:40 IST" duration-ms="1562">
      <class name="testcases.TCID2">
        <test-method signature="addCart()[pri:0, instance:testcases.TCID2@76b10754]" started-at="2020-03-17T20:11:39 IST" name="addCart" finished-at="2020-03-17T20:11:40 IST" duration-ms="1562" status="PASS">
          <reporter-output>
          </reporter-output>
        </test-method> <!-- addCart -->
      </class> <!-- testcases.TCID2 -->
    </test> <!-- TCID2 -->
    <test started-at="2020-03-17T20:11:41 IST" name="TCID3" finished-at="2020-03-17T20:11:41 IST" duration-ms="640">
      <class name="testcases.TCID3">
        <test-method signature="cartPlus()[pri:0, instance:testcases.TCID3@58a90037]" started-at="2020-03-17T20:11:41 IST" name="cartPlus" finished-at="2020-03-17T20:11:41 IST" duration-ms="624" status="PASS">
          <reporter-output>
          </reporter-output>
        </test-method> <!-- cartPlus -->
      </class> <!-- testcases.TCID3 -->
    </test> <!-- TCID3 -->
    <test started-at="2020-03-17T20:11:42 IST" name="TCID4" finished-at="2020-03-17T20:11:42 IST" duration-ms="703">
      <class name="testcases.TCID4">
        <test-method signature="cartMinus()[pri:0, instance:testcases.TCID4@40f08448]" started-at="2020-03-17T20:11:42 IST" name="cartMinus" finished-at="2020-03-17T20:11:42 IST" duration-ms="703" status="PASS">
          <reporter-output>
          </reporter-output>
        </test-method> <!-- cartMinus -->
      </class> <!-- testcases.TCID4 -->
    </test> <!-- TCID4 -->
    <test started-at="2020-03-17T20:11:42 IST" name="TCID7" finished-at="2020-03-17T20:11:43 IST" duration-ms="214">
      <class name="testcases.TCID7">
        <test-method signature="sort()[pri:0, instance:testcases.TCID7@32464a14]" started-at="2020-03-17T20:11:42 IST" name="sort" finished-at="2020-03-17T20:11:43 IST" duration-ms="214" status="PASS">
          <reporter-output>
          </reporter-output>
        </test-method> <!-- sort -->
      </class> <!-- testcases.TCID7 -->
    </test> <!-- TCID7 -->
    <test started-at="2020-03-17T20:11:43 IST" name="TCID8" finished-at="2020-03-17T20:11:43 IST" duration-ms="140">
      <class name="testcases.TCID8">
        <test-method signature="relevance()[pri:0, instance:testcases.TCID8@32cf48b7]" started-at="2020-03-17T20:11:43 IST" name="relevance" finished-at="2020-03-17T20:11:43 IST" duration-ms="140" status="PASS">
          <reporter-output>
          </reporter-output>
        </test-method> <!-- relevance -->
      </class> <!-- testcases.TCID8 -->
    </test> <!-- TCID8 -->
    <test started-at="2020-03-17T20:11:43 IST" name="TCID9" finished-at="2020-03-17T20:11:43 IST" duration-ms="390">
      <class name="testcases.TCID9">
        <test-method signature="lowhigh()[pri:0, instance:testcases.TCID9@12028586]" started-at="2020-03-17T20:11:43 IST" name="lowhigh" finished-at="2020-03-17T20:11:43 IST" duration-ms="390" status="PASS">
          <reporter-output>
          </reporter-output>
        </test-method> <!-- lowhigh -->
      </class> <!-- testcases.TCID9 -->
    </test> <!-- TCID9 -->
    <test started-at="2020-03-17T20:11:44 IST" name="TCID10" finished-at="2020-03-17T20:11:44 IST" duration-ms="562">
      <class name="testcases.TCID10">
        <test-method signature="highlow()[pri:0, instance:testcases.TCID10@1176dcec]" started-at="2020-03-17T20:11:44 IST" name="highlow" finished-at="2020-03-17T20:11:44 IST" duration-ms="562" status="PASS">
          <reporter-output>
          </reporter-output>
        </test-method> <!-- highlow -->
      </class> <!-- testcases.TCID10 -->
    </test> <!-- TCID10 -->
    <test started-at="2020-03-17T20:11:44 IST" name="TCID11" finished-at="2020-03-17T20:11:45 IST" duration-ms="546">
      <class name="testcases.TCID11">
        <test-method signature="atoz()[pri:0, instance:testcases.TCID11@21a947fe]" started-at="2020-03-17T20:11:44 IST" name="atoz" finished-at="2020-03-17T20:11:45 IST" duration-ms="546" status="PASS">
          <reporter-output>
          </reporter-output>
        </test-method> <!-- atoz -->
      </class> <!-- testcases.TCID11 -->
    </test> <!-- TCID11 -->
    <test started-at="2020-03-17T20:11:45 IST" name="TCID12" finished-at="2020-03-17T20:11:50 IST" duration-ms="5087">
      <class name="testcases.TCID12">
        <test-method signature="ztoa()[pri:0, instance:testcases.TCID12@10b48321]" started-at="2020-03-17T20:11:45 IST" name="ztoa" finished-at="2020-03-17T20:11:50 IST" duration-ms="5087" status="PASS">
          <reporter-output>
          </reporter-output>
        </test-method> <!-- ztoa -->
      </class> <!-- testcases.TCID12 -->
    </test> <!-- TCID12 -->
    <test started-at="2020-03-17T20:11:50 IST" name="TCID16" finished-at="2020-03-17T20:11:56 IST" duration-ms="5733">
      <class name="testcases.TCID16">
        <test-method signature="checkout_emp()[pri:0, instance:testcases.TCID16@1c72da34]" started-at="2020-03-17T20:11:50 IST" name="checkout_emp" finished-at="2020-03-17T20:11:56 IST" duration-ms="5733" status="PASS">
          <reporter-output>
          </reporter-output>
        </test-method> <!-- checkout_emp -->
      </class> <!-- testcases.TCID16 -->
    </test> <!-- TCID16 -->
    <test started-at="2020-03-17T20:11:56 IST" name="TCID18" finished-at="2020-03-17T20:12:06 IST" duration-ms="10253">
      <class name="testcases.TCID18">
        <test-method signature="checkout_pro()[pri:0, instance:testcases.TCID18@6385cb26]" started-at="2020-03-17T20:11:56 IST" name="checkout_pro" finished-at="2020-03-17T20:12:06 IST" duration-ms="10252" status="PASS">
          <reporter-output>
          </reporter-output>
        </test-method> <!-- checkout_pro -->
      </class> <!-- testcases.TCID18 -->
    </test> <!-- TCID18 -->
    <test started-at="2020-03-17T20:12:06 IST" name="TCID20" finished-at="2020-03-17T20:12:08 IST" duration-ms="1450">
      <class name="testcases.TCID20">
        <test-method signature="clearPro()[pri:0, instance:testcases.TCID20@516be40f]" started-at="2020-03-17T20:12:06 IST" name="clearPro" finished-at="2020-03-17T20:12:08 IST" duration-ms="1445" status="PASS">
          <reporter-output>
          </reporter-output>
        </test-method> <!-- clearPro -->
      </class> <!-- testcases.TCID20 -->
    </test> <!-- TCID20 -->
    <test started-at="2020-03-17T20:12:08 IST" name="TCID19" finished-at="2020-03-17T20:12:08 IST" duration-ms="455">
      <class name="testcases.BeforeSuites">
        <test-method is-config="true" signature="init()[pri:0, instance:testcases.BeforeSuites@4d1b0d2a]" started-at="2020-03-17T20:11:03 IST" name="init" finished-at="2020-03-17T20:11:32 IST" duration-ms="29519" status="PASS">
          <reporter-output>
          </reporter-output>
        </test-method> <!-- init -->
      </class> <!-- testcases.BeforeSuites -->
      <class name="testcases.TCID19">
        <test-method signature="clearEmp()[pri:0, instance:testcases.TCID19@23a5fd2]" started-at="2020-03-17T20:12:08 IST" name="clearEmp" finished-at="2020-03-17T20:12:08 IST" duration-ms="421" status="FAIL">
          <exception class="org.openqa.selenium.NoAlertPresentException">
            <message>
              <![CDATA[
Build info: version: '3.141.59', revision: 'e82be7d358', time: '2018-11-14T08:17:03'
System info: host: 'DESKTOP-P4MLSHK', ip: '192.168.15.124', os.name: 'Windows 10', os.arch: 'amd64', os.version: '10.0', java.version: '13.0.2'
Driver info: org.openqa.selenium.firefox.FirefoxDriver
Capabilities {acceptInsecureCerts: true, browserName: firefox, browserVersion: 74.0, javascriptEnabled: true, moz:accessibilityChecks: false, moz:buildID: 20200309095159, moz:geckodriverVersion: 0.26.0, moz:headless: false, moz:processID: 8544, moz:profile: C:\Users\USER\AppData\Local..., moz:shutdownTimeout: 60000, moz:useNonSpecCompliantPointerOrigin: false, moz:webdriverClick: true, pageLoadStrategy: normal, platform: WINDOWS, platformName: WINDOWS, platformVersion: 10.0, rotatable: false, setWindowRect: true, strictFileInteractability: false, timeouts: {implicit: 0, pageLoad: 300000, script: 30000}, unhandledPromptBehavior: dismiss and notify}
Session ID: 7ff63641-5ad4-4a02-b3ca-f9732e16914e]]>
            </message>
            <full-stacktrace>
              <![CDATA[org.openqa.selenium.NoAlertPresentException: 
Build info: version: '3.141.59', revision: 'e82be7d358', time: '2018-11-14T08:17:03'
System info: host: 'DESKTOP-P4MLSHK', ip: '192.168.15.124', os.name: 'Windows 10', os.arch: 'amd64', os.version: '10.0', java.version: '13.0.2'
Driver info: org.openqa.selenium.firefox.FirefoxDriver
Capabilities {acceptInsecureCerts: true, browserName: firefox, browserVersion: 74.0, javascriptEnabled: true, moz:accessibilityChecks: false, moz:buildID: 20200309095159, moz:geckodriverVersion: 0.26.0, moz:headless: false, moz:processID: 8544, moz:profile: C:\Users\USER\AppData\Local..., moz:shutdownTimeout: 60000, moz:useNonSpecCompliantPointerOrigin: false, moz:webdriverClick: true, pageLoadStrategy: normal, platform: WINDOWS, platformName: WINDOWS, platformVersion: 10.0, rotatable: false, setWindowRect: true, strictFileInteractability: false, timeouts: {implicit: 0, pageLoad: 300000, script: 30000}, unhandledPromptBehavior: dismiss and notify}
Session ID: 7ff63641-5ad4-4a02-b3ca-f9732e16914e
at java.base/jdk.internal.reflect.NativeConstructorAccessorImpl.newInstance0(Native Method)
at java.base/jdk.internal.reflect.NativeConstructorAccessorImpl.newInstance(NativeConstructorAccessorImpl.java:62)
at java.base/jdk.internal.reflect.DelegatingConstructorAccessorImpl.newInstance(DelegatingConstructorAccessorImpl.java:45)
at java.base/java.lang.reflect.Constructor.newInstanceWithCaller(Constructor.java:500)
at java.base/java.lang.reflect.Constructor.newInstance(Constructor.java:481)
at org.openqa.selenium.remote.http.W3CHttpResponseCodec.createException(W3CHttpResponseCodec.java:187)
at org.openqa.selenium.remote.http.W3CHttpResponseCodec.decode(W3CHttpResponseCodec.java:122)
at org.openqa.selenium.remote.http.W3CHttpResponseCodec.decode(W3CHttpResponseCodec.java:49)
at org.openqa.selenium.remote.HttpCommandExecutor.execute(HttpCommandExecutor.java:158)
at org.openqa.selenium.remote.service.DriverCommandExecutor.execute(DriverCommandExecutor.java:83)
at org.openqa.selenium.remote.RemoteWebDriver.execute(RemoteWebDriver.java:552)
at org.openqa.selenium.remote.RemoteWebDriver.execute(RemoteWebDriver.java:609)
at org.openqa.selenium.remote.RemoteWebDriver$RemoteTargetLocator.alert(RemoteWebDriver.java:932)
at automation.AutomationScript.clearcartemp(AutomationScript.java:196)
at testcases.TCID19.clearEmp(TCID19.java:10)
at java.base/jdk.internal.reflect.NativeMethodAccessorImpl.invoke0(Native Method)
at java.base/jdk.internal.reflect.NativeMethodAccessorImpl.invoke(NativeMethodAccessorImpl.java:62)
at java.base/jdk.internal.reflect.DelegatingMethodAccessorImpl.invoke(DelegatingMethodAccessorImpl.java:43)
at java.base/java.lang.reflect.Method.invoke(Method.java:567)
at org.testng.internal.MethodInvocationHelper.invokeMethod(MethodInvocationHelper.java:134)
at org.testng.internal.TestInvoker.invokeMethod(TestInvoker.java:597)
at org.testng.internal.TestInvoker.invokeTestMethod(TestInvoker.java:173)
at org.testng.internal.MethodRunner.runInSequence(MethodRunner.java:46)
at org.testng.internal.TestInvoker$MethodInvocationAgent.invoke(TestInvoker.java:816)
at org.testng.internal.TestInvoker.invokeTestMethods(TestInvoker.java:146)
at org.testng.internal.TestMethodWorker.invokeTestMethods(TestMethodWorker.java:146)
at org.testng.internal.TestMethodWorker.run(TestMethodWorker.java:128)
at java.base/java.util.ArrayList.forEach(ArrayList.java:1507)
at org.testng.TestRunner.privateRun(TestRunner.java:766)
at org.testng.TestRunner.run(TestRunner.java:587)
at org.testng.SuiteRunner.runTest(SuiteRunner.java:384)
at org.testng.SuiteRunner.runSequentially(SuiteRunner.java:378)
at org.testng.SuiteRunner.privateRun(SuiteRunner.java:337)
at org.testng.SuiteRunner.run(SuiteRunner.java:286)
at org.testng.SuiteRunnerWorker.runSuite(SuiteRunnerWorker.java:53)
at org.testng.SuiteRunnerWorker.run(SuiteRunnerWorker.java:96)
at org.testng.TestNG.runSuitesSequentially(TestNG.java:1187)
at org.testng.TestNG.runSuitesLocally(TestNG.java:1109)
at org.testng.TestNG.runSuites(TestNG.java:1039)
at org.testng.TestNG.run(TestNG.java:1007)
at org.apache.maven.surefire.testng.TestNGExecutor.run(TestNGExecutor.java:293)
at org.apache.maven.surefire.testng.TestNGXmlTestSuite.execute(TestNGXmlTestSuite.java:84)
at org.apache.maven.surefire.testng.TestNGProvider.invoke(TestNGProvider.java:91)
at org.apache.maven.surefire.booter.ForkedBooter.invokeProviderInSameClassLoader(ForkedBooter.java:200)
at org.apache.maven.surefire.booter.ForkedBooter.runSuitesInProcess(ForkedBooter.java:153)
at org.apache.maven.surefire.booter.ForkedBooter.main(ForkedBooter.java:103)
]]>
            </full-stacktrace>
          </exception> <!-- org.openqa.selenium.NoAlertPresentException -->
          <reporter-output>
          </reporter-output>
        </test-method> <!-- clearEmp -->
      </class> <!-- testcases.TCID19 -->
    </test> <!-- TCID19 -->
  </suite> <!-- HomePageSuite -->
</testng-results>
