<?xml version="1.0" encoding="UTF-8"?>
<testng-results ignored="0" total="29" passed="29" failed="0" skipped="0">
  <reporter-output>
  </reporter-output>
  <suite started-at="2020-03-25T19:21:36 IST" name="HomePageSuite" finished-at="2020-03-25T19:26:24 IST" duration-ms="287708">
    <groups>
    </groups>
    <test started-at="2020-03-25T19:21:36 IST" name="BeforeSuite" finished-at="2020-03-25T19:21:36 IST" duration-ms="20">
    </test> <!-- BeforeSuite -->
    <test started-at="2020-03-25T19:21:37 IST" name="TCID1" finished-at="2020-03-25T19:21:41 IST" duration-ms="3571">
      <class name="testcases.TCID1">
        <test-method signature="startTest()[pri:0, instance:testcases.TCID1@50de0926]" started-at="2020-03-25T19:21:37 IST" name="startTest" finished-at="2020-03-25T19:21:41 IST" duration-ms="3395" status="PASS">
          <reporter-output>
          </reporter-output>
        </test-method> <!-- startTest -->
      </class> <!-- testcases.TCID1 -->
    </test> <!-- TCID1 -->
    <test started-at="2020-03-25T19:21:41 IST" name="TCID2" finished-at="2020-03-25T19:21:46 IST" duration-ms="5350">
      <class name="testcases.TCID2">
        <test-method signature="addCart()[pri:0, instance:testcases.TCID2@76b10754]" started-at="2020-03-25T19:21:41 IST" name="addCart" finished-at="2020-03-25T19:21:46 IST" duration-ms="5346" status="PASS">
          <reporter-output>
          </reporter-output>
        </test-method> <!-- addCart -->
      </class> <!-- testcases.TCID2 -->
    </test> <!-- TCID2 -->
    <test started-at="2020-03-25T19:21:47 IST" name="TCID3" finished-at="2020-03-25T19:21:52 IST" duration-ms="5446">
      <class name="testcases.TCID3">
        <test-method signature="cartPlus()[pri:0, instance:testcases.TCID3@58a90037]" started-at="2020-03-25T19:21:47 IST" name="cartPlus" finished-at="2020-03-25T19:21:52 IST" duration-ms="5426" status="PASS">
          <reporter-output>
          </reporter-output>
        </test-method> <!-- cartPlus -->
      </class> <!-- testcases.TCID3 -->
    </test> <!-- TCID3 -->
    <test started-at="2020-03-25T19:21:52 IST" name="TCID4" finished-at="2020-03-25T19:22:03 IST" duration-ms="10613">
      <class name="testcases.TCID4">
        <test-method signature="cartMinus()[pri:0, instance:testcases.TCID4@40f08448]" started-at="2020-03-25T19:21:52 IST" name="cartMinus" finished-at="2020-03-25T19:22:03 IST" duration-ms="10609" status="PASS">
          <reporter-output>
          </reporter-output>
        </test-method> <!-- cartMinus -->
      </class> <!-- testcases.TCID4 -->
    </test> <!-- TCID4 -->
    <test started-at="2020-03-25T19:22:03 IST" name="TCID5" finished-at="2020-03-25T19:22:26 IST" duration-ms="22710">
      <class name="testcases.TCID5">
        <test-method signature="upper()[pri:0, instance:testcases.TCID5@32464a14]" started-at="2020-03-25T19:22:03 IST" name="upper" finished-at="2020-03-25T19:22:26 IST" duration-ms="22707" status="PASS">
          <reporter-output>
          </reporter-output>
        </test-method> <!-- upper -->
      </class> <!-- testcases.TCID5 -->
    </test> <!-- TCID5 -->
    <test started-at="2020-03-25T19:22:26 IST" name="TCID6" finished-at="2020-03-25T19:22:28 IST" duration-ms="2269">
      <class name="testcases.TCID6">
        <test-method signature="lower()[pri:0, instance:testcases.TCID6@32cf48b7]" started-at="2020-03-25T19:22:26 IST" name="lower" finished-at="2020-03-25T19:22:28 IST" duration-ms="2266" status="PASS">
          <reporter-output>
          </reporter-output>
        </test-method> <!-- lower -->
      </class> <!-- testcases.TCID6 -->
    </test> <!-- TCID6 -->
    <test started-at="2020-03-25T19:22:29 IST" name="TCID7" finished-at="2020-03-25T19:22:34 IST" duration-ms="5198">
      <class name="testcases.TCID7">
        <test-method signature="sort()[pri:0, instance:testcases.TCID7@12028586]" started-at="2020-03-25T19:22:29 IST" name="sort" finished-at="2020-03-25T19:22:34 IST" duration-ms="5198" status="PASS">
          <reporter-output>
          </reporter-output>
        </test-method> <!-- sort -->
      </class> <!-- testcases.TCID7 -->
    </test> <!-- TCID7 -->
    <test started-at="2020-03-25T19:22:34 IST" name="TCID8" finished-at="2020-03-25T19:22:39 IST" duration-ms="5151">
      <class name="testcases.TCID8">
        <test-method signature="relevance()[pri:0, instance:testcases.TCID8@1176dcec]" started-at="2020-03-25T19:22:34 IST" name="relevance" finished-at="2020-03-25T19:22:39 IST" duration-ms="5150" status="PASS">
          <reporter-output>
          </reporter-output>
        </test-method> <!-- relevance -->
      </class> <!-- testcases.TCID8 -->
    </test> <!-- TCID8 -->
    <test started-at="2020-03-25T19:22:39 IST" name="TCID9" finished-at="2020-03-25T19:22:45 IST" duration-ms="5436">
      <class name="testcases.TCID9">
        <test-method signature="lowhigh()[pri:0, instance:testcases.TCID9@21a947fe]" started-at="2020-03-25T19:22:39 IST" name="lowhigh" finished-at="2020-03-25T19:22:45 IST" duration-ms="5434" status="PASS">
          <reporter-output>
          </reporter-output>
        </test-method> <!-- lowhigh -->
      </class> <!-- testcases.TCID9 -->
    </test> <!-- TCID9 -->
    <test started-at="2020-03-25T19:22:45 IST" name="TCID10" finished-at="2020-03-25T19:22:51 IST" duration-ms="5463">
      <class name="testcases.TCID10">
        <test-method signature="highlow()[pri:0, instance:testcases.TCID10@10b48321]" started-at="2020-03-25T19:22:45 IST" name="highlow" finished-at="2020-03-25T19:22:51 IST" duration-ms="5462" status="PASS">
          <reporter-output>
          </reporter-output>
        </test-method> <!-- highlow -->
      </class> <!-- testcases.TCID10 -->
    </test> <!-- TCID10 -->
    <test started-at="2020-03-25T19:22:51 IST" name="TCID11" finished-at="2020-03-25T19:22:56 IST" duration-ms="5610">
      <class name="testcases.TCID11">
        <test-method signature="atoz()[pri:0, instance:testcases.TCID11@1c72da34]" started-at="2020-03-25T19:22:51 IST" name="atoz" finished-at="2020-03-25T19:22:56 IST" duration-ms="5608" status="PASS">
          <reporter-output>
          </reporter-output>
        </test-method> <!-- atoz -->
      </class> <!-- testcases.TCID11 -->
    </test> <!-- TCID11 -->
    <test started-at="2020-03-25T19:22:57 IST" name="TCID12" finished-at="2020-03-25T19:23:04 IST" duration-ms="7419">
      <class name="testcases.TCID12">
        <test-method signature="ztoa()[pri:0, instance:testcases.TCID12@6385cb26]" started-at="2020-03-25T19:22:57 IST" name="ztoa" finished-at="2020-03-25T19:23:04 IST" duration-ms="7414" status="PASS">
          <reporter-output>
          </reporter-output>
        </test-method> <!-- ztoa -->
      </class> <!-- testcases.TCID12 -->
    </test> <!-- TCID12 -->
    <test started-at="2020-03-25T19:23:04 IST" name="TCID13" finished-at="2020-03-25T19:23:18 IST" duration-ms="13855">
      <class name="testcases.TCID13">
        <test-method signature="page()[pri:0, instance:testcases.TCID13@516be40f]" started-at="2020-03-25T19:23:04 IST" name="page" finished-at="2020-03-25T19:23:18 IST" duration-ms="13854" status="PASS">
          <reporter-output>
          </reporter-output>
        </test-method> <!-- page -->
      </class> <!-- testcases.TCID13 -->
    </test> <!-- TCID13 -->
    <test started-at="2020-03-25T19:23:18 IST" name="TCID14" finished-at="2020-03-25T19:23:30 IST" duration-ms="11601">
      <class name="testcases.TCID14">
        <test-method signature="verifypro()[pri:0, instance:testcases.TCID14@23a5fd2]" started-at="2020-03-25T19:23:18 IST" name="verifypro" finished-at="2020-03-25T19:23:30 IST" duration-ms="11600" status="PASS">
          <reporter-output>
          </reporter-output>
        </test-method> <!-- verifypro -->
      </class> <!-- testcases.TCID14 -->
    </test> <!-- TCID14 -->
    <test started-at="2020-03-25T19:23:30 IST" name="TCID15" finished-at="2020-03-25T19:23:30 IST" duration-ms="86">
      <class name="testcases.TCID15">
        <test-method signature="verify()[pri:0, instance:testcases.TCID15@ba8d91c]" started-at="2020-03-25T19:23:30 IST" name="verify" finished-at="2020-03-25T19:23:30 IST" duration-ms="84" status="PASS">
          <reporter-output>
          </reporter-output>
        </test-method> <!-- verify -->
      </class> <!-- testcases.TCID15 -->
    </test> <!-- TCID15 -->
    <test started-at="2020-03-25T19:23:30 IST" name="TCID16" finished-at="2020-03-25T19:23:47 IST" duration-ms="16626">
      <class name="testcases.TCID16">
        <test-method signature="checkout_emp()[pri:0, instance:testcases.TCID16@61d47554]" started-at="2020-03-25T19:23:30 IST" name="checkout_emp" finished-at="2020-03-25T19:23:47 IST" duration-ms="16624" status="PASS">
          <reporter-output>
          </reporter-output>
        </test-method> <!-- checkout_emp -->
      </class> <!-- testcases.TCID16 -->
    </test> <!-- TCID16 -->
    <test started-at="2020-03-25T19:23:47 IST" name="TCID17" finished-at="2020-03-25T19:24:07 IST" duration-ms="19916">
      <class name="testcases.TCID17">
        <test-method signature="verifyTtl()[pri:0, instance:testcases.TCID17@429bd883]" started-at="2020-03-25T19:23:47 IST" name="verifyTtl" finished-at="2020-03-25T19:24:07 IST" duration-ms="19913" status="PASS">
          <reporter-output>
          </reporter-output>
        </test-method> <!-- verifyTtl -->
      </class> <!-- testcases.TCID17 -->
    </test> <!-- TCID17 -->
    <test started-at="2020-03-25T19:24:07 IST" name="TCID18" finished-at="2020-03-25T19:24:20 IST" duration-ms="13048">
      <class name="testcases.TCID18">
        <test-method signature="checkout_pro()[pri:0, instance:testcases.TCID18@35fc6dc4]" started-at="2020-03-25T19:24:07 IST" name="checkout_pro" finished-at="2020-03-25T19:24:20 IST" duration-ms="13045" status="PASS">
          <reporter-output>
          </reporter-output>
        </test-method> <!-- checkout_pro -->
      </class> <!-- testcases.TCID18 -->
    </test> <!-- TCID18 -->
    <test started-at="2020-03-25T19:24:20 IST" name="TCID20" finished-at="2020-03-25T19:24:25 IST" duration-ms="5314">
      <class name="testcases.TCID20">
        <test-method signature="clearPro()[pri:0, instance:testcases.TCID20@1b68b9a4]" started-at="2020-03-25T19:24:20 IST" name="clearPro" finished-at="2020-03-25T19:24:25 IST" duration-ms="5311" status="PASS">
          <reporter-output>
          </reporter-output>
        </test-method> <!-- clearPro -->
      </class> <!-- testcases.TCID20 -->
    </test> <!-- TCID20 -->
    <test started-at="2020-03-25T19:24:26 IST" name="TCID19" finished-at="2020-03-25T19:24:36 IST" duration-ms="10393">
      <class name="testcases.TCID19">
        <test-method signature="clearEmp()[pri:0, instance:testcases.TCID19@564718df]" started-at="2020-03-25T19:24:26 IST" name="clearEmp" finished-at="2020-03-25T19:24:36 IST" duration-ms="10392" status="PASS">
          <reporter-output>
          </reporter-output>
        </test-method> <!-- clearEmp -->
      </class> <!-- testcases.TCID19 -->
    </test> <!-- TCID19 -->
    <test started-at="2020-03-25T19:24:36 IST" name="TCID21" finished-at="2020-03-25T19:24:43 IST" duration-ms="6993">
      <class name="testcases.TCID21">
        <test-method signature="pluscart()[pri:0, instance:testcases.TCID21@57175e74]" started-at="2020-03-25T19:24:36 IST" name="pluscart" finished-at="2020-03-25T19:24:43 IST" duration-ms="6989" status="PASS">
          <reporter-output>
          </reporter-output>
        </test-method> <!-- pluscart -->
      </class> <!-- testcases.TCID21 -->
    </test> <!-- TCID21 -->
    <test started-at="2020-03-25T19:24:43 IST" name="TCID22" finished-at="2020-03-25T19:24:49 IST" duration-ms="5943">
      <class name="testcases.TCID22">
        <test-method signature="minuscart()[pri:0, instance:testcases.TCID22@448ff1a8]" started-at="2020-03-25T19:24:43 IST" name="minuscart" finished-at="2020-03-25T19:24:49 IST" duration-ms="5941" status="PASS">
          <reporter-output>
          </reporter-output>
        </test-method> <!-- minuscart -->
      </class> <!-- testcases.TCID22 -->
    </test> <!-- TCID22 -->
    <test started-at="2020-03-25T19:24:49 IST" name="TCID24" finished-at="2020-03-25T19:24:53 IST" duration-ms="4363">
      <class name="testcases.TCID24">
        <test-method signature="cartupper()[pri:0, instance:testcases.TCID24@15bb6bea]" started-at="2020-03-25T19:24:49 IST" name="cartupper" finished-at="2020-03-25T19:24:53 IST" duration-ms="4361" status="PASS">
          <reporter-output>
          </reporter-output>
        </test-method> <!-- cartupper -->
      </class> <!-- testcases.TCID24 -->
    </test> <!-- TCID24 -->
    <test started-at="2020-03-25T19:24:53 IST" name="TCID23" finished-at="2020-03-25T19:25:18 IST" duration-ms="25014">
      <class name="testcases.TCID23">
        <test-method signature="cartupper()[pri:0, instance:testcases.TCID23@57d5872c]" started-at="2020-03-25T19:24:53 IST" name="cartupper" finished-at="2020-03-25T19:25:18 IST" duration-ms="25012" status="PASS">
          <reporter-output>
          </reporter-output>
        </test-method> <!-- cartupper -->
      </class> <!-- testcases.TCID23 -->
    </test> <!-- TCID23 -->
    <test started-at="2020-03-25T19:25:19 IST" name="TCID25" finished-at="2020-03-25T19:25:24 IST" duration-ms="5353">
      <class name="testcases.TCID25">
        <test-method signature="clearCart()[pri:0, instance:testcases.TCID25@275710fc]" started-at="2020-03-25T19:25:19 IST" name="clearCart" finished-at="2020-03-25T19:25:24 IST" duration-ms="5335" status="PASS">
          <reporter-output>
          </reporter-output>
        </test-method> <!-- clearCart -->
      </class> <!-- testcases.TCID25 -->
    </test> <!-- TCID25 -->
    <test started-at="2020-03-25T19:25:24 IST" name="TCID26" finished-at="2020-03-25T19:25:40 IST" duration-ms="15999">
      <class name="testcases.TCID26">
        <test-method signature="verifyqnty()[pri:0, instance:testcases.TCID26@3bbc39f8]" started-at="2020-03-25T19:25:24 IST" name="verifyqnty" finished-at="2020-03-25T19:25:40 IST" duration-ms="15993" status="PASS">
          <reporter-output>
          </reporter-output>
        </test-method> <!-- verifyqnty -->
      </class> <!-- testcases.TCID26 -->
    </test> <!-- TCID26 -->
    <test started-at="2020-03-25T19:25:40 IST" name="TCID27" finished-at="2020-03-25T19:26:08 IST" duration-ms="27600">
      <class name="testcases.TCID27">
        <test-method signature="verifyttl()[pri:0, instance:testcases.TCID27@534df152]" started-at="2020-03-25T19:25:40 IST" name="verifyttl" finished-at="2020-03-25T19:26:08 IST" duration-ms="27599" status="PASS">
          <reporter-output>
          </reporter-output>
        </test-method> <!-- verifyttl -->
      </class> <!-- testcases.TCID27 -->
    </test> <!-- TCID27 -->
    <test started-at="2020-03-25T19:26:08 IST" name="TCID28" finished-at="2020-03-25T19:26:10 IST" duration-ms="2330">
      <class name="testcases.TCID28">
        <test-method signature="continueCart()[pri:0, instance:testcases.TCID28@40e6dfe1]" started-at="2020-03-25T19:26:08 IST" name="continueCart" finished-at="2020-03-25T19:26:10 IST" duration-ms="2329" status="PASS">
          <reporter-output>
          </reporter-output>
        </test-method> <!-- continueCart -->
      </class> <!-- testcases.TCID28 -->
    </test> <!-- TCID28 -->
    <test started-at="2020-03-25T19:26:10 IST" name="TCID29" finished-at="2020-03-25T19:26:24 IST" duration-ms="13872">
      <class name="testcases.BeforeSuites">
        <test-method is-config="true" signature="init()[pri:0, instance:testcases.BeforeSuites@4d1b0d2a]" started-at="2020-03-25T19:20:34 IST" name="init" finished-at="2020-03-25T19:21:36 IST" duration-ms="62344" status="PASS">
          <reporter-output>
          </reporter-output>
        </test-method> <!-- init -->
      </class> <!-- testcases.BeforeSuites -->
      <class name="testcases.TCID29">
        <test-method signature="clearCart()[pri:0, instance:testcases.TCID29@5b0abc94]" started-at="2020-03-25T19:26:10 IST" name="clearCart" finished-at="2020-03-25T19:26:24 IST" duration-ms="13870" status="PASS">
          <reporter-output>
          </reporter-output>
        </test-method> <!-- clearCart -->
      </class> <!-- testcases.TCID29 -->
    </test> <!-- TCID29 -->
  </suite> <!-- HomePageSuite -->
</testng-results>
