<?xml version="1.0" encoding="UTF-8"?>
<testng-results ignored="0" total="26" passed="23" failed="3" skipped="0">
  <reporter-output>
  </reporter-output>
  <suite started-at="2020-03-24T14:09:06 IST" name="HomePageSuite" finished-at="2020-03-24T14:15:04 IST" duration-ms="358088">
    <groups>
    </groups>
    <test started-at="2020-03-24T14:09:06 IST" name="BeforeSuite" finished-at="2020-03-24T14:09:06 IST" duration-ms="16">
    </test> <!-- BeforeSuite -->
    <test started-at="2020-03-24T14:09:07 IST" name="TCID1" finished-at="2020-03-24T14:09:09 IST" duration-ms="2480">
      <class name="testcases.TCID1">
        <test-method signature="startTest()[pri:0, instance:testcases.TCID1@73d4cc9e]" started-at="2020-03-24T14:09:07 IST" name="startTest" finished-at="2020-03-24T14:09:09 IST" duration-ms="2400" status="PASS">
          <reporter-output>
          </reporter-output>
        </test-method> <!-- startTest -->
      </class> <!-- testcases.TCID1 -->
    </test> <!-- TCID1 -->
    <test started-at="2020-03-24T14:09:10 IST" name="TCID92" finished-at="2020-03-24T14:10:13 IST" duration-ms="63270">
      <class name="testcases.TCID92">
        <test-method signature="startTest92()[pri:0, instance:testcases.TCID92@17baae6e]" started-at="2020-03-24T14:09:10 IST" name="startTest92" finished-at="2020-03-24T14:10:13 IST" duration-ms="63259" status="PASS">
          <reporter-output>
          </reporter-output>
        </test-method> <!-- startTest92 -->
      </class> <!-- testcases.TCID92 -->
    </test> <!-- TCID92 -->
    <test started-at="2020-03-24T14:10:13 IST" name="TCID93" finished-at="2020-03-24T14:10:32 IST" duration-ms="18652">
      <class name="testcases.TCID93">
        <test-method signature="startTest93()[pri:0, instance:testcases.TCID93@4b9e255]" started-at="2020-03-24T14:10:13 IST" name="startTest93" finished-at="2020-03-24T14:10:32 IST" duration-ms="18650" status="PASS">
          <reporter-output>
          </reporter-output>
        </test-method> <!-- startTest93 -->
      </class> <!-- testcases.TCID93 -->
    </test> <!-- TCID93 -->
    <test started-at="2020-03-24T14:10:33 IST" name="TCID94" finished-at="2020-03-24T14:10:51 IST" duration-ms="18736">
      <class name="testcases.TCID94">
        <test-method signature="startTest94()[pri:0, instance:testcases.TCID94@2473b9ce]" started-at="2020-03-24T14:10:33 IST" name="startTest94" finished-at="2020-03-24T14:10:51 IST" duration-ms="18734" status="PASS">
          <reporter-output>
          </reporter-output>
        </test-method> <!-- startTest94 -->
      </class> <!-- testcases.TCID94 -->
    </test> <!-- TCID94 -->
    <test started-at="2020-03-24T14:10:52 IST" name="TCID96" finished-at="2020-03-24T14:11:02 IST" duration-ms="10381">
      <class name="testcases.TCID96">
        <test-method signature="startTest96()[pri:0, instance:testcases.TCID96@de3a06f]" started-at="2020-03-24T14:10:52 IST" name="startTest96" finished-at="2020-03-24T14:11:02 IST" duration-ms="10378" status="PASS">
          <reporter-output>
          </reporter-output>
        </test-method> <!-- startTest96 -->
      </class> <!-- testcases.TCID96 -->
    </test> <!-- TCID96 -->
    <test started-at="2020-03-24T14:11:02 IST" name="TCID95" finished-at="2020-03-24T14:11:28 IST" duration-ms="25943">
      <class name="testcases.TCID95">
        <test-method signature="startTest95()[pri:0, instance:testcases.TCID95@3bd94634]" started-at="2020-03-24T14:11:02 IST" name="startTest95" finished-at="2020-03-24T14:11:28 IST" duration-ms="25941" status="PASS">
          <reporter-output>
          </reporter-output>
        </test-method> <!-- startTest95 -->
      </class> <!-- testcases.TCID95 -->
    </test> <!-- TCID95 -->
    <test started-at="2020-03-24T14:11:29 IST" name="TCID97" finished-at="2020-03-24T14:11:39 IST" duration-ms="10808">
      <class name="testcases.TCID97">
        <test-method signature="startTest97()[pri:0, instance:testcases.TCID97@166fa74d]" started-at="2020-03-24T14:11:29 IST" name="startTest97" finished-at="2020-03-24T14:11:39 IST" duration-ms="10804" status="PASS">
          <reporter-output>
          </reporter-output>
        </test-method> <!-- startTest97 -->
      </class> <!-- testcases.TCID97 -->
    </test> <!-- TCID97 -->
    <test started-at="2020-03-24T14:11:40 IST" name="TCID100" finished-at="2020-03-24T14:11:46 IST" duration-ms="6804">
      <class name="testcases.TCID100">
        <test-method signature="startTest100()[pri:0, instance:testcases.TCID100@69a10787]" started-at="2020-03-24T14:11:40 IST" name="startTest100" finished-at="2020-03-24T14:11:46 IST" duration-ms="6803" status="PASS">
          <reporter-output>
          </reporter-output>
        </test-method> <!-- startTest100 -->
      </class> <!-- testcases.TCID100 -->
    </test> <!-- TCID100 -->
    <test started-at="2020-03-24T14:11:47 IST" name="TCID101" finished-at="2020-03-24T14:11:53 IST" duration-ms="5827">
      <class name="testcases.TCID101">
        <test-method signature="startTest101()[pri:0, instance:testcases.TCID101@365c30cc]" started-at="2020-03-24T14:11:47 IST" name="startTest101" finished-at="2020-03-24T14:11:53 IST" duration-ms="5818" status="FAIL">
          <exception class="java.lang.AssertionError">
            <message>
              <![CDATA[TCID <101> failed: <no show error message when  name field with invalid data>]]>
            </message>
            <full-stacktrace>
              <![CDATA[java.lang.AssertionError: TCID <101> failed: <no show error message when  name field with invalid data>
at org.testng.Assert.fail(Assert.java:97)
at automation.AutomationScript.invalidNameContactUs(AutomationScript.java:656)
at testcases.TCID101.startTest101(TCID101.java:11)
at java.base/jdk.internal.reflect.NativeMethodAccessorImpl.invoke0(Native Method)
at java.base/jdk.internal.reflect.NativeMethodAccessorImpl.invoke(NativeMethodAccessorImpl.java:62)
at java.base/jdk.internal.reflect.DelegatingMethodAccessorImpl.invoke(DelegatingMethodAccessorImpl.java:43)
at java.base/java.lang.reflect.Method.invoke(Method.java:567)
at org.testng.internal.MethodInvocationHelper.invokeMethod(MethodInvocationHelper.java:134)
at org.testng.internal.TestInvoker.invokeMethod(TestInvoker.java:597)
at org.testng.internal.TestInvoker.invokeTestMethod(TestInvoker.java:173)
at org.testng.internal.MethodRunner.runInSequence(MethodRunner.java:46)
at org.testng.internal.TestInvoker$MethodInvocationAgent.invoke(TestInvoker.java:816)
at org.testng.internal.TestInvoker.invokeTestMethods(TestInvoker.java:146)
at org.testng.internal.TestMethodWorker.invokeTestMethods(TestMethodWorker.java:146)
at org.testng.internal.TestMethodWorker.run(TestMethodWorker.java:128)
at java.base/java.util.ArrayList.forEach(ArrayList.java:1507)
at org.testng.TestRunner.privateRun(TestRunner.java:766)
at org.testng.TestRunner.run(TestRunner.java:587)
at org.testng.SuiteRunner.runTest(SuiteRunner.java:384)
at org.testng.SuiteRunner.runSequentially(SuiteRunner.java:378)
at org.testng.SuiteRunner.privateRun(SuiteRunner.java:337)
at org.testng.SuiteRunner.run(SuiteRunner.java:286)
at org.testng.SuiteRunnerWorker.runSuite(SuiteRunnerWorker.java:53)
at org.testng.SuiteRunnerWorker.run(SuiteRunnerWorker.java:96)
at org.testng.TestNG.runSuitesSequentially(TestNG.java:1187)
at org.testng.TestNG.runSuitesLocally(TestNG.java:1109)
at org.testng.TestNG.runSuites(TestNG.java:1039)
at org.testng.TestNG.run(TestNG.java:1007)
at org.apache.maven.surefire.testng.TestNGExecutor.run(TestNGExecutor.java:293)
at org.apache.maven.surefire.testng.TestNGXmlTestSuite.execute(TestNGXmlTestSuite.java:84)
at org.apache.maven.surefire.testng.TestNGProvider.invoke(TestNGProvider.java:91)
at org.apache.maven.surefire.booter.ForkedBooter.invokeProviderInSameClassLoader(ForkedBooter.java:200)
at org.apache.maven.surefire.booter.ForkedBooter.runSuitesInProcess(ForkedBooter.java:153)
at org.apache.maven.surefire.booter.ForkedBooter.main(ForkedBooter.java:103)
]]>
            </full-stacktrace>
          </exception> <!-- java.lang.AssertionError -->
          <reporter-output>
          </reporter-output>
        </test-method> <!-- startTest101 -->
      </class> <!-- testcases.TCID101 -->
    </test> <!-- TCID101 -->
    <test started-at="2020-03-24T14:11:53 IST" name="TCID102" finished-at="2020-03-24T14:12:00 IST" duration-ms="6897">
      <class name="testcases.TCID102">
        <test-method signature="startTest102()[pri:0, instance:testcases.TCID102@4df828d7]" started-at="2020-03-24T14:11:53 IST" name="startTest102" finished-at="2020-03-24T14:12:00 IST" duration-ms="6894" status="PASS">
          <reporter-output>
          </reporter-output>
        </test-method> <!-- startTest102 -->
      </class> <!-- testcases.TCID102 -->
    </test> <!-- TCID102 -->
    <test started-at="2020-03-24T14:12:00 IST" name="TCID103" finished-at="2020-03-24T14:12:07 IST" duration-ms="6973">
      <class name="testcases.TCID103">
        <test-method signature="startTest103()[pri:0, instance:testcases.TCID103@23bb8443]" started-at="2020-03-24T14:12:00 IST" name="startTest103" finished-at="2020-03-24T14:12:07 IST" duration-ms="6970" status="PASS">
          <reporter-output>
          </reporter-output>
        </test-method> <!-- startTest103 -->
      </class> <!-- testcases.TCID103 -->
    </test> <!-- TCID103 -->
    <test started-at="2020-03-24T14:12:08 IST" name="TCID104" finished-at="2020-03-24T14:12:15 IST" duration-ms="7126">
      <class name="testcases.TCID104">
        <test-method signature="startTest104()[pri:0, instance:testcases.TCID104@25359ed8]" started-at="2020-03-24T14:12:08 IST" name="startTest104" finished-at="2020-03-24T14:12:15 IST" duration-ms="7121" status="PASS">
          <reporter-output>
          </reporter-output>
        </test-method> <!-- startTest104 -->
      </class> <!-- testcases.TCID104 -->
    </test> <!-- TCID104 -->
    <test started-at="2020-03-24T14:12:15 IST" name="TCID105" finished-at="2020-03-24T14:12:22 IST" duration-ms="6860">
      <class name="testcases.TCID105">
        <test-method signature="startTest105()[pri:0, instance:testcases.TCID105@314c508a]" started-at="2020-03-24T14:12:15 IST" name="startTest105" finished-at="2020-03-24T14:12:22 IST" duration-ms="6858" status="PASS">
          <reporter-output>
          </reporter-output>
        </test-method> <!-- startTest105 -->
      </class> <!-- testcases.TCID105 -->
    </test> <!-- TCID105 -->
    <test started-at="2020-03-24T14:12:22 IST" name="TCID106" finished-at="2020-03-24T14:12:29 IST" duration-ms="6770">
      <class name="testcases.TCID106">
        <test-method signature="startTest106()[pri:0, instance:testcases.TCID106@49e202ad]" started-at="2020-03-24T14:12:22 IST" name="startTest106" finished-at="2020-03-24T14:12:29 IST" duration-ms="6769" status="PASS">
          <reporter-output>
          </reporter-output>
        </test-method> <!-- startTest106 -->
      </class> <!-- testcases.TCID106 -->
    </test> <!-- TCID106 -->
    <test started-at="2020-03-24T14:12:29 IST" name="TCID107" finished-at="2020-03-24T14:12:36 IST" duration-ms="6536">
      <class name="testcases.TCID107">
        <test-method signature="startTest106()[pri:0, instance:testcases.TCID107@27c6e487]" started-at="2020-03-24T14:12:29 IST" name="startTest106" finished-at="2020-03-24T14:12:36 IST" duration-ms="6534" status="PASS">
          <reporter-output>
          </reporter-output>
        </test-method> <!-- startTest106 -->
      </class> <!-- testcases.TCID107 -->
    </test> <!-- TCID107 -->
    <test started-at="2020-03-24T14:12:36 IST" name="TCID108" finished-at="2020-03-24T14:12:42 IST" duration-ms="6181">
      <class name="testcases.TCID108">
        <test-method signature="startTest108()[pri:0, instance:testcases.TCID108@516be40f]" started-at="2020-03-24T14:12:36 IST" name="startTest108" finished-at="2020-03-24T14:12:42 IST" duration-ms="6178" status="FAIL">
          <exception class="java.lang.AssertionError">
            <message>
              <![CDATA[TCID <108> failed: <no show error message when first name field with invalid data>]]>
            </message>
            <full-stacktrace>
              <![CDATA[java.lang.AssertionError: TCID <108> failed: <no show error message when first name field with invalid data>
at org.testng.Assert.fail(Assert.java:97)
at automation.AutomationScript.invalidFname(AutomationScript.java:922)
at testcases.TCID108.startTest108(TCID108.java:11)
at java.base/jdk.internal.reflect.NativeMethodAccessorImpl.invoke0(Native Method)
at java.base/jdk.internal.reflect.NativeMethodAccessorImpl.invoke(NativeMethodAccessorImpl.java:62)
at java.base/jdk.internal.reflect.DelegatingMethodAccessorImpl.invoke(DelegatingMethodAccessorImpl.java:43)
at java.base/java.lang.reflect.Method.invoke(Method.java:567)
at org.testng.internal.MethodInvocationHelper.invokeMethod(MethodInvocationHelper.java:134)
at org.testng.internal.TestInvoker.invokeMethod(TestInvoker.java:597)
at org.testng.internal.TestInvoker.invokeTestMethod(TestInvoker.java:173)
at org.testng.internal.MethodRunner.runInSequence(MethodRunner.java:46)
at org.testng.internal.TestInvoker$MethodInvocationAgent.invoke(TestInvoker.java:816)
at org.testng.internal.TestInvoker.invokeTestMethods(TestInvoker.java:146)
at org.testng.internal.TestMethodWorker.invokeTestMethods(TestMethodWorker.java:146)
at org.testng.internal.TestMethodWorker.run(TestMethodWorker.java:128)
at java.base/java.util.ArrayList.forEach(ArrayList.java:1507)
at org.testng.TestRunner.privateRun(TestRunner.java:766)
at org.testng.TestRunner.run(TestRunner.java:587)
at org.testng.SuiteRunner.runTest(SuiteRunner.java:384)
at org.testng.SuiteRunner.runSequentially(SuiteRunner.java:378)
at org.testng.SuiteRunner.privateRun(SuiteRunner.java:337)
at org.testng.SuiteRunner.run(SuiteRunner.java:286)
at org.testng.SuiteRunnerWorker.runSuite(SuiteRunnerWorker.java:53)
at org.testng.SuiteRunnerWorker.run(SuiteRunnerWorker.java:96)
at org.testng.TestNG.runSuitesSequentially(TestNG.java:1187)
at org.testng.TestNG.runSuitesLocally(TestNG.java:1109)
at org.testng.TestNG.runSuites(TestNG.java:1039)
at org.testng.TestNG.run(TestNG.java:1007)
at org.apache.maven.surefire.testng.TestNGExecutor.run(TestNGExecutor.java:293)
at org.apache.maven.surefire.testng.TestNGXmlTestSuite.execute(TestNGXmlTestSuite.java:84)
at org.apache.maven.surefire.testng.TestNGProvider.invoke(TestNGProvider.java:91)
at org.apache.maven.surefire.booter.ForkedBooter.invokeProviderInSameClassLoader(ForkedBooter.java:200)
at org.apache.maven.surefire.booter.ForkedBooter.runSuitesInProcess(ForkedBooter.java:153)
at org.apache.maven.surefire.booter.ForkedBooter.main(ForkedBooter.java:103)
]]>
            </full-stacktrace>
          </exception> <!-- java.lang.AssertionError -->
          <reporter-output>
          </reporter-output>
        </test-method> <!-- startTest108 -->
      </class> <!-- testcases.TCID108 -->
    </test> <!-- TCID108 -->
    <test started-at="2020-03-24T14:12:42 IST" name="TCID109" finished-at="2020-03-24T14:12:54 IST" duration-ms="11594">
      <class name="testcases.TCID109">
        <test-method signature="startTest109()[pri:0, instance:testcases.TCID109@23a5fd2]" started-at="2020-03-24T14:12:42 IST" name="startTest109" finished-at="2020-03-24T14:12:54 IST" duration-ms="11592" status="PASS">
          <reporter-output>
          </reporter-output>
        </test-method> <!-- startTest109 -->
      </class> <!-- testcases.TCID109 -->
    </test> <!-- TCID109 -->
    <test started-at="2020-03-24T14:12:54 IST" name="TCID110" finished-at="2020-03-24T14:13:16 IST" duration-ms="21565">
      <class name="testcases.TCID110">
        <test-method signature="startTest110()[pri:0, instance:testcases.TCID110@ba8d91c]" started-at="2020-03-24T14:12:54 IST" name="startTest110" finished-at="2020-03-24T14:13:16 IST" duration-ms="21558" status="PASS">
          <reporter-output>
          </reporter-output>
        </test-method> <!-- startTest110 -->
      </class> <!-- testcases.TCID110 -->
    </test> <!-- TCID110 -->
    <test started-at="2020-03-24T14:13:16 IST" name="TCID111" finished-at="2020-03-24T14:13:27 IST" duration-ms="11488">
      <class name="testcases.TCID111">
        <test-method signature="startTest111()[pri:0, instance:testcases.TCID111@58c1c010]" started-at="2020-03-24T14:13:16 IST" name="startTest111" finished-at="2020-03-24T14:13:27 IST" duration-ms="11486" status="PASS">
          <reporter-output>
          </reporter-output>
        </test-method> <!-- startTest111 -->
      </class> <!-- testcases.TCID111 -->
    </test> <!-- TCID111 -->
    <test started-at="2020-03-24T14:13:27 IST" name="TCID112" finished-at="2020-03-24T14:13:33 IST" duration-ms="5838">
      <class name="testcases.TCID112">
        <test-method signature="startTest112()[pri:0, instance:testcases.TCID112@6591f517]" started-at="2020-03-24T14:13:27 IST" name="startTest112" finished-at="2020-03-24T14:13:33 IST" duration-ms="5836" status="FAIL">
          <exception class="java.lang.AssertionError">
            <message>
              <![CDATA[TCID <112> failed: <no show error message when last name with invalid data>]]>
            </message>
            <full-stacktrace>
              <![CDATA[java.lang.AssertionError: TCID <112> failed: <no show error message when last name with invalid data>
at org.testng.Assert.fail(Assert.java:97)
at automation.AutomationScript.invalidLname(AutomationScript.java:1114)
at testcases.TCID112.startTest112(TCID112.java:12)
at java.base/jdk.internal.reflect.NativeMethodAccessorImpl.invoke0(Native Method)
at java.base/jdk.internal.reflect.NativeMethodAccessorImpl.invoke(NativeMethodAccessorImpl.java:62)
at java.base/jdk.internal.reflect.DelegatingMethodAccessorImpl.invoke(DelegatingMethodAccessorImpl.java:43)
at java.base/java.lang.reflect.Method.invoke(Method.java:567)
at org.testng.internal.MethodInvocationHelper.invokeMethod(MethodInvocationHelper.java:134)
at org.testng.internal.TestInvoker.invokeMethod(TestInvoker.java:597)
at org.testng.internal.TestInvoker.invokeTestMethod(TestInvoker.java:173)
at org.testng.internal.MethodRunner.runInSequence(MethodRunner.java:46)
at org.testng.internal.TestInvoker$MethodInvocationAgent.invoke(TestInvoker.java:816)
at org.testng.internal.TestInvoker.invokeTestMethods(TestInvoker.java:146)
at org.testng.internal.TestMethodWorker.invokeTestMethods(TestMethodWorker.java:146)
at org.testng.internal.TestMethodWorker.run(TestMethodWorker.java:128)
at java.base/java.util.ArrayList.forEach(ArrayList.java:1507)
at org.testng.TestRunner.privateRun(TestRunner.java:766)
at org.testng.TestRunner.run(TestRunner.java:587)
at org.testng.SuiteRunner.runTest(SuiteRunner.java:384)
at org.testng.SuiteRunner.runSequentially(SuiteRunner.java:378)
at org.testng.SuiteRunner.privateRun(SuiteRunner.java:337)
at org.testng.SuiteRunner.run(SuiteRunner.java:286)
at org.testng.SuiteRunnerWorker.runSuite(SuiteRunnerWorker.java:53)
at org.testng.SuiteRunnerWorker.run(SuiteRunnerWorker.java:96)
at org.testng.TestNG.runSuitesSequentially(TestNG.java:1187)
at org.testng.TestNG.runSuitesLocally(TestNG.java:1109)
at org.testng.TestNG.runSuites(TestNG.java:1039)
at org.testng.TestNG.run(TestNG.java:1007)
at org.apache.maven.surefire.testng.TestNGExecutor.run(TestNGExecutor.java:293)
at org.apache.maven.surefire.testng.TestNGXmlTestSuite.execute(TestNGXmlTestSuite.java:84)
at org.apache.maven.surefire.testng.TestNGProvider.invoke(TestNGProvider.java:91)
at org.apache.maven.surefire.booter.ForkedBooter.invokeProviderInSameClassLoader(ForkedBooter.java:200)
at org.apache.maven.surefire.booter.ForkedBooter.runSuitesInProcess(ForkedBooter.java:153)
at org.apache.maven.surefire.booter.ForkedBooter.main(ForkedBooter.java:103)
]]>
            </full-stacktrace>
          </exception> <!-- java.lang.AssertionError -->
          <reporter-output>
          </reporter-output>
        </test-method> <!-- startTest112 -->
      </class> <!-- testcases.TCID112 -->
    </test> <!-- TCID112 -->
    <test started-at="2020-03-24T14:13:33 IST" name="TCID113" finished-at="2020-03-24T14:13:40 IST" duration-ms="6379">
      <class name="testcases.TCID113">
        <test-method signature="startTest113()[pri:0, instance:testcases.TCID113@351d0846]" started-at="2020-03-24T14:13:33 IST" name="startTest113" finished-at="2020-03-24T14:13:40 IST" duration-ms="6378" status="PASS">
          <reporter-output>
          </reporter-output>
        </test-method> <!-- startTest113 -->
      </class> <!-- testcases.TCID113 -->
    </test> <!-- TCID113 -->
    <test started-at="2020-03-24T14:13:40 IST" name="TCID114" finished-at="2020-03-24T14:14:02 IST" duration-ms="21826">
      <class name="testcases.TCID114">
        <test-method signature="startTest114()[pri:0, instance:testcases.TCID114@6b53e23f]" started-at="2020-03-24T14:13:40 IST" name="startTest114" finished-at="2020-03-24T14:14:02 IST" duration-ms="21823" status="PASS">
          <reporter-output>
          </reporter-output>
        </test-method> <!-- startTest114 -->
      </class> <!-- testcases.TCID114 -->
    </test> <!-- TCID114 -->
    <test started-at="2020-03-24T14:14:02 IST" name="TCID115" finished-at="2020-03-24T14:14:13 IST" duration-ms="11668">
      <class name="testcases.TCID115">
        <test-method signature="startTest114()[pri:0, instance:testcases.TCID115@971d0d8]" started-at="2020-03-24T14:14:02 IST" name="startTest114" finished-at="2020-03-24T14:14:13 IST" duration-ms="11666" status="PASS">
          <reporter-output>
          </reporter-output>
        </test-method> <!-- startTest114 -->
      </class> <!-- testcases.TCID115 -->
    </test> <!-- TCID115 -->
    <test started-at="2020-03-24T14:14:13 IST" name="TCID116" finished-at="2020-03-24T14:14:20 IST" duration-ms="6357">
      <class name="testcases.TCID116">
        <test-method signature="startTest116()[pri:0, instance:testcases.TCID116@6279cee3]" started-at="2020-03-24T14:14:13 IST" name="startTest116" finished-at="2020-03-24T14:14:20 IST" duration-ms="6356" status="PASS">
          <reporter-output>
          </reporter-output>
        </test-method> <!-- startTest116 -->
      </class> <!-- testcases.TCID116 -->
    </test> <!-- TCID116 -->
    <test started-at="2020-03-24T14:14:20 IST" name="TCID117" finished-at="2020-03-24T14:14:26 IST" duration-ms="6276">
      <class name="testcases.TCID117">
        <test-method signature="startTest117()[pri:0, instance:testcases.TCID117@4d826d77]" started-at="2020-03-24T14:14:20 IST" name="startTest117" finished-at="2020-03-24T14:14:26 IST" duration-ms="6272" status="PASS">
          <reporter-output>
          </reporter-output>
        </test-method> <!-- startTest117 -->
      </class> <!-- testcases.TCID117 -->
    </test> <!-- TCID117 -->
    <test started-at="2020-03-24T14:14:26 IST" name="TCID118" finished-at="2020-03-24T14:15:04 IST" duration-ms="37749">
      <class name="testcases.BeforeSuites">
        <test-method is-config="true" signature="init()[pri:0, instance:testcases.BeforeSuites@365185bd]" started-at="2020-03-24T14:08:04 IST" name="init" finished-at="2020-03-24T14:09:06 IST" duration-ms="61720" status="PASS">
          <reporter-output>
          </reporter-output>
        </test-method> <!-- init -->
      </class> <!-- testcases.BeforeSuites -->
      <class name="testcases.TCID118">
        <test-method signature="startTest118()[pri:0, instance:testcases.TCID118@2357d90a]" started-at="2020-03-24T14:14:26 IST" name="startTest118" finished-at="2020-03-24T14:15:04 IST" duration-ms="37748" status="PASS">
          <reporter-output>
          </reporter-output>
        </test-method> <!-- startTest118 -->
      </class> <!-- testcases.TCID118 -->
    </test> <!-- TCID118 -->
  </suite> <!-- HomePageSuite -->
</testng-results>
