<?xml version="1.0" encoding="UTF-8"?>
<testng-results ignored="0" total="10" passed="9" failed="1" skipped="0">
  <reporter-output>
  </reporter-output>
  <suite started-at="2020-03-14T22:39:17 IST" name="HomePageSuite" finished-at="2020-03-14T22:40:35 IST" duration-ms="78262">
    <groups>
    </groups>
    <test started-at="2020-03-14T22:39:17 IST" name="BeforeSuite" finished-at="2020-03-14T22:39:17 IST" duration-ms="10">
    </test> <!-- BeforeSuite -->
    <test started-at="2020-03-14T22:39:17 IST" name="TCID1" finished-at="2020-03-14T22:39:31 IST" duration-ms="13453">
      <class name="testcases.TCID1">
        <test-method signature="startTest()[pri:0, instance:testcases.TCID1@50de0926]" started-at="2020-03-14T22:39:17 IST" name="startTest" finished-at="2020-03-14T22:39:31 IST" duration-ms="13410" status="PASS">
          <reporter-output>
          </reporter-output>
        </test-method> <!-- startTest -->
      </class> <!-- testcases.TCID1 -->
    </test> <!-- TCID1 -->
    <test started-at="2020-03-14T22:39:31 IST" name="TCID59" finished-at="2020-03-14T22:39:38 IST" duration-ms="6671">
      <class name="testcases.TCID59">
        <test-method signature="lastNameCheck()[pri:0, instance:testcases.TCID59@76b10754]" started-at="2020-03-14T22:39:31 IST" name="lastNameCheck" finished-at="2020-03-14T22:39:38 IST" duration-ms="6663" status="FAIL">
          <exception class="java.lang.AssertionError">
            <message>
              <![CDATA[TCID <59> failed: <no show error message when give last name length as 16>]]>
            </message>
            <full-stacktrace>
              <![CDATA[java.lang.AssertionError: TCID <59> failed: <no show error message when give last name length as 16>
at org.testng.Assert.fail(Assert.java:97)
at automation.AutomationScript.lastNameValidation(AutomationScript.java:54)
at testcases.TCID59.lastNameCheck(TCID59.java:14)
at java.base/jdk.internal.reflect.NativeMethodAccessorImpl.invoke0(Native Method)
at java.base/jdk.internal.reflect.NativeMethodAccessorImpl.invoke(NativeMethodAccessorImpl.java:62)
at java.base/jdk.internal.reflect.DelegatingMethodAccessorImpl.invoke(DelegatingMethodAccessorImpl.java:43)
at java.base/java.lang.reflect.Method.invoke(Method.java:567)
at org.testng.internal.MethodInvocationHelper.invokeMethod(MethodInvocationHelper.java:134)
at org.testng.internal.TestInvoker.invokeMethod(TestInvoker.java:597)
at org.testng.internal.TestInvoker.invokeTestMethod(TestInvoker.java:173)
at org.testng.internal.MethodRunner.runInSequence(MethodRunner.java:46)
at org.testng.internal.TestInvoker$MethodInvocationAgent.invoke(TestInvoker.java:816)
at org.testng.internal.TestInvoker.invokeTestMethods(TestInvoker.java:146)
at org.testng.internal.TestMethodWorker.invokeTestMethods(TestMethodWorker.java:146)
at org.testng.internal.TestMethodWorker.run(TestMethodWorker.java:128)
at java.base/java.util.ArrayList.forEach(ArrayList.java:1507)
at org.testng.TestRunner.privateRun(TestRunner.java:766)
at org.testng.TestRunner.run(TestRunner.java:587)
at org.testng.SuiteRunner.runTest(SuiteRunner.java:384)
at org.testng.SuiteRunner.runSequentially(SuiteRunner.java:378)
at org.testng.SuiteRunner.privateRun(SuiteRunner.java:337)
at org.testng.SuiteRunner.run(SuiteRunner.java:286)
at org.testng.SuiteRunnerWorker.runSuite(SuiteRunnerWorker.java:53)
at org.testng.SuiteRunnerWorker.run(SuiteRunnerWorker.java:96)
at org.testng.TestNG.runSuitesSequentially(TestNG.java:1187)
at org.testng.TestNG.runSuitesLocally(TestNG.java:1109)
at org.testng.TestNG.runSuites(TestNG.java:1039)
at org.testng.TestNG.run(TestNG.java:1007)
at org.apache.maven.surefire.testng.TestNGExecutor.run(TestNGExecutor.java:293)
at org.apache.maven.surefire.testng.TestNGXmlTestSuite.execute(TestNGXmlTestSuite.java:84)
at org.apache.maven.surefire.testng.TestNGProvider.invoke(TestNGProvider.java:91)
at org.apache.maven.surefire.booter.ForkedBooter.invokeProviderInSameClassLoader(ForkedBooter.java:200)
at org.apache.maven.surefire.booter.ForkedBooter.runSuitesInProcess(ForkedBooter.java:153)
at org.apache.maven.surefire.booter.ForkedBooter.main(ForkedBooter.java:103)
]]>
            </full-stacktrace>
          </exception> <!-- java.lang.AssertionError -->
          <reporter-output>
          </reporter-output>
        </test-method> <!-- lastNameCheck -->
      </class> <!-- testcases.TCID59 -->
    </test> <!-- TCID59 -->
    <test started-at="2020-03-14T22:39:38 IST" name="TCID60" finished-at="2020-03-14T22:39:42 IST" duration-ms="4469">
      <class name="testcases.TCID60">
        <test-method signature="invalidEmailValidation()[pri:0, instance:testcases.TCID60@58a90037]" started-at="2020-03-14T22:39:38 IST" name="invalidEmailValidation" finished-at="2020-03-14T22:39:42 IST" duration-ms="4468" status="PASS">
          <reporter-output>
          </reporter-output>
        </test-method> <!-- invalidEmailValidation -->
      </class> <!-- testcases.TCID60 -->
    </test> <!-- TCID60 -->
    <test started-at="2020-03-14T22:39:42 IST" name="TCID61" finished-at="2020-03-14T22:39:46 IST" duration-ms="4117">
      <class name="testcases.TCID61">
        <test-method signature="emailValidation()[pri:0, instance:testcases.TCID61@40f08448]" started-at="2020-03-14T22:39:42 IST" name="emailValidation" finished-at="2020-03-14T22:39:46 IST" duration-ms="4116" status="PASS">
          <reporter-output>
          </reporter-output>
        </test-method> <!-- emailValidation -->
      </class> <!-- testcases.TCID61 -->
    </test> <!-- TCID61 -->
    <test started-at="2020-03-14T22:39:46 IST" name="TCID62" finished-at="2020-03-14T22:39:52 IST" duration-ms="5262">
      <class name="testcases.TCID62">
        <test-method signature="phoneNumValidation()[pri:0, instance:testcases.TCID62@32464a14]" started-at="2020-03-14T22:39:46 IST" name="phoneNumValidation" finished-at="2020-03-14T22:39:52 IST" duration-ms="5261" status="PASS">
          <reporter-output>
          </reporter-output>
        </test-method> <!-- phoneNumValidation -->
      </class> <!-- testcases.TCID62 -->
    </test> <!-- TCID62 -->
    <test started-at="2020-03-14T22:39:52 IST" name="TCID63" finished-at="2020-03-14T22:39:56 IST" duration-ms="4601">
      <class name="testcases.TCID63">
        <test-method signature="phoneNumEmpty()[pri:0, instance:testcases.TCID63@32cf48b7]" started-at="2020-03-14T22:39:52 IST" name="phoneNumEmpty" finished-at="2020-03-14T22:39:56 IST" duration-ms="4598" status="PASS">
          <reporter-output>
          </reporter-output>
        </test-method> <!-- phoneNumEmpty -->
      </class> <!-- testcases.TCID63 -->
    </test> <!-- TCID63 -->
    <test started-at="2020-03-14T22:39:56 IST" name="TCID64" finished-at="2020-03-14T22:40:09 IST" duration-ms="12593">
      <class name="testcases.TCID64">
        <test-method signature="phoneNumPositive()[pri:0, instance:testcases.TCID64@12028586]" started-at="2020-03-14T22:39:56 IST" name="phoneNumPositive" finished-at="2020-03-14T22:40:09 IST" duration-ms="12592" status="PASS">
          <reporter-output>
          </reporter-output>
        </test-method> <!-- phoneNumPositive -->
      </class> <!-- testcases.TCID64 -->
    </test> <!-- TCID64 -->
    <test started-at="2020-03-14T22:40:09 IST" name="TCID65" finished-at="2020-03-14T22:40:16 IST" duration-ms="6643">
      <class name="testcases.TCID65">
        <test-method signature="phoneNumNegative()[pri:0, instance:testcases.TCID65@1176dcec]" started-at="2020-03-14T22:40:09 IST" name="phoneNumNegative" finished-at="2020-03-14T22:40:16 IST" duration-ms="6642" status="PASS">
          <reporter-output>
          </reporter-output>
        </test-method> <!-- phoneNumNegative -->
      </class> <!-- testcases.TCID65 -->
    </test> <!-- TCID65 -->
    <test started-at="2020-03-14T22:40:16 IST" name="TCID66" finished-at="2020-03-14T22:40:21 IST" duration-ms="4977">
      <class name="testcases.TCID66">
        <test-method signature="passwordFieldEmpty()[pri:0, instance:testcases.TCID66@21a947fe]" started-at="2020-03-14T22:40:16 IST" name="passwordFieldEmpty" finished-at="2020-03-14T22:40:21 IST" duration-ms="4976" status="PASS">
          <reporter-output>
          </reporter-output>
        </test-method> <!-- passwordFieldEmpty -->
      </class> <!-- testcases.TCID66 -->
    </test> <!-- TCID66 -->
    <test started-at="2020-03-14T22:40:21 IST" name="TCID67" finished-at="2020-03-14T22:40:35 IST" duration-ms="14670">
      <class name="testcases.TCID67">
        <test-method signature="passwordFieldPositive()[pri:0, instance:testcases.TCID67@10b48321]" started-at="2020-03-14T22:40:21 IST" name="passwordFieldPositive" finished-at="2020-03-14T22:40:35 IST" duration-ms="14667" status="PASS">
          <reporter-output>
          </reporter-output>
        </test-method> <!-- passwordFieldPositive -->
      </class> <!-- testcases.TCID67 -->
      <class name="testcases.BeforeSuites">
        <test-method is-config="true" signature="init()[pri:0, instance:testcases.BeforeSuites@4d1b0d2a]" started-at="2020-03-14T22:39:07 IST" name="init" finished-at="2020-03-14T22:39:17 IST" duration-ms="10213" status="PASS">
          <reporter-output>
          </reporter-output>
        </test-method> <!-- init -->
      </class> <!-- testcases.BeforeSuites -->
    </test> <!-- TCID67 -->
  </suite> <!-- HomePageSuite -->
</testng-results>
