<?xml version="1.0" encoding="UTF-8"?>
<testng-results ignored="0" total="9" passed="8" failed="1" skipped="0">
  <reporter-output>
  </reporter-output>
  <suite started-at="2020-03-13T22:21:06 IST" name="HomePageSuite" finished-at="2020-03-13T22:23:03 IST" duration-ms="116402">
    <groups>
    </groups>
    <test started-at="2020-03-13T22:21:06 IST" name="BeforeSuite" finished-at="2020-03-13T22:21:06 IST" duration-ms="14">
    </test> <!-- BeforeSuite -->
    <test started-at="2020-03-13T22:21:07 IST" name="TCID1" finished-at="2020-03-13T22:22:04 IST" duration-ms="57229">
      <class name="testcases.TCID1">
        <test-method signature="startTest()[pri:0, instance:testcases.TCID1@50de0926]" started-at="2020-03-13T22:21:07 IST" name="startTest" finished-at="2020-03-13T22:22:04 IST" duration-ms="57162" status="PASS">
          <reporter-output>
          </reporter-output>
        </test-method> <!-- startTest -->
      </class> <!-- testcases.TCID1 -->
    </test> <!-- TCID1 -->
    <test started-at="2020-03-13T22:22:04 IST" name="TCID59" finished-at="2020-03-13T22:22:15 IST" duration-ms="10728">
      <class name="testcases.TCID59">
        <test-method signature="lastNameCheck()[pri:0, instance:testcases.TCID59@76b10754]" started-at="2020-03-13T22:22:04 IST" name="lastNameCheck" finished-at="2020-03-13T22:22:15 IST" duration-ms="10716" status="FAIL">
          <exception class="java.lang.AssertionError">
            <message>
              <![CDATA[TCID <59> failed: <no show error message when give last name length as 16>]]>
            </message>
            <full-stacktrace>
              <![CDATA[java.lang.AssertionError: TCID <59> failed: <no show error message when give last name length as 16>
at org.testng.Assert.fail(Assert.java:97)
at automation.AutomationScript.lastNameValidation(AutomationScript.java:57)
at testcases.TCID59.lastNameCheck(TCID59.java:14)
at java.base/jdk.internal.reflect.NativeMethodAccessorImpl.invoke0(Native Method)
at java.base/jdk.internal.reflect.NativeMethodAccessorImpl.invoke(NativeMethodAccessorImpl.java:62)
at java.base/jdk.internal.reflect.DelegatingMethodAccessorImpl.invoke(DelegatingMethodAccessorImpl.java:43)
at java.base/java.lang.reflect.Method.invoke(Method.java:567)
at org.testng.internal.MethodInvocationHelper.invokeMethod(MethodInvocationHelper.java:134)
at org.testng.internal.TestInvoker.invokeMethod(TestInvoker.java:597)
at org.testng.internal.TestInvoker.invokeTestMethod(TestInvoker.java:173)
at org.testng.internal.MethodRunner.runInSequence(MethodRunner.java:46)
at org.testng.internal.TestInvoker$MethodInvocationAgent.invoke(TestInvoker.java:816)
at org.testng.internal.TestInvoker.invokeTestMethods(TestInvoker.java:146)
at org.testng.internal.TestMethodWorker.invokeTestMethods(TestMethodWorker.java:146)
at org.testng.internal.TestMethodWorker.run(TestMethodWorker.java:128)
at java.base/java.util.ArrayList.forEach(ArrayList.java:1507)
at org.testng.TestRunner.privateRun(TestRunner.java:766)
at org.testng.TestRunner.run(TestRunner.java:587)
at org.testng.SuiteRunner.runTest(SuiteRunner.java:384)
at org.testng.SuiteRunner.runSequentially(SuiteRunner.java:378)
at org.testng.SuiteRunner.privateRun(SuiteRunner.java:337)
at org.testng.SuiteRunner.run(SuiteRunner.java:286)
at org.testng.SuiteRunnerWorker.runSuite(SuiteRunnerWorker.java:53)
at org.testng.SuiteRunnerWorker.run(SuiteRunnerWorker.java:96)
at org.testng.TestNG.runSuitesSequentially(TestNG.java:1187)
at org.testng.TestNG.runSuitesLocally(TestNG.java:1109)
at org.testng.TestNG.runSuites(TestNG.java:1039)
at org.testng.TestNG.run(TestNG.java:1007)
at org.apache.maven.surefire.testng.TestNGExecutor.run(TestNGExecutor.java:293)
at org.apache.maven.surefire.testng.TestNGXmlTestSuite.execute(TestNGXmlTestSuite.java:84)
at org.apache.maven.surefire.testng.TestNGProvider.invoke(TestNGProvider.java:91)
at org.apache.maven.surefire.booter.ForkedBooter.invokeProviderInSameClassLoader(ForkedBooter.java:200)
at org.apache.maven.surefire.booter.ForkedBooter.runSuitesInProcess(ForkedBooter.java:153)
at org.apache.maven.surefire.booter.ForkedBooter.main(ForkedBooter.java:103)
]]>
            </full-stacktrace>
          </exception> <!-- java.lang.AssertionError -->
          <reporter-output>
          </reporter-output>
        </test-method> <!-- lastNameCheck -->
      </class> <!-- testcases.TCID59 -->
    </test> <!-- TCID59 -->
    <test started-at="2020-03-13T22:22:15 IST" name="TCID60" finished-at="2020-03-13T22:22:19 IST" duration-ms="3870">
      <class name="testcases.TCID60">
        <test-method signature="invalidEmailValidation()[pri:0, instance:testcases.TCID60@58a90037]" started-at="2020-03-13T22:22:15 IST" name="invalidEmailValidation" finished-at="2020-03-13T22:22:19 IST" duration-ms="3867" status="PASS">
          <reporter-output>
          </reporter-output>
        </test-method> <!-- invalidEmailValidation -->
      </class> <!-- testcases.TCID60 -->
    </test> <!-- TCID60 -->
    <test started-at="2020-03-13T22:22:19 IST" name="TCID61" finished-at="2020-03-13T22:22:26 IST" duration-ms="6723">
      <class name="testcases.TCID61">
        <test-method signature="emailValidation()[pri:0, instance:testcases.TCID61@40f08448]" started-at="2020-03-13T22:22:19 IST" name="emailValidation" finished-at="2020-03-13T22:22:26 IST" duration-ms="6721" status="PASS">
          <reporter-output>
          </reporter-output>
        </test-method> <!-- emailValidation -->
      </class> <!-- testcases.TCID61 -->
    </test> <!-- TCID61 -->
    <test started-at="2020-03-13T22:22:26 IST" name="TCID62" finished-at="2020-03-13T22:22:30 IST" duration-ms="4124">
      <class name="testcases.TCID62">
        <test-method signature="phoneNumValidation()[pri:0, instance:testcases.TCID62@32464a14]" started-at="2020-03-13T22:22:26 IST" name="phoneNumValidation" finished-at="2020-03-13T22:22:30 IST" duration-ms="4122" status="PASS">
          <reporter-output>
          </reporter-output>
        </test-method> <!-- phoneNumValidation -->
      </class> <!-- testcases.TCID62 -->
    </test> <!-- TCID62 -->
    <test started-at="2020-03-13T22:22:30 IST" name="TCID63" finished-at="2020-03-13T22:22:38 IST" duration-ms="8453">
      <class name="testcases.TCID63">
        <test-method signature="phoneNumEmpty()[pri:0, instance:testcases.TCID63@32cf48b7]" started-at="2020-03-13T22:22:30 IST" name="phoneNumEmpty" finished-at="2020-03-13T22:22:38 IST" duration-ms="8452" status="PASS">
          <reporter-output>
          </reporter-output>
        </test-method> <!-- phoneNumEmpty -->
      </class> <!-- testcases.TCID63 -->
    </test> <!-- TCID63 -->
    <test started-at="2020-03-13T22:22:38 IST" name="TCID64" finished-at="2020-03-13T22:22:50 IST" duration-ms="12074">
      <class name="testcases.TCID64">
        <test-method signature="phoneNumPositive()[pri:0, instance:testcases.TCID64@12028586]" started-at="2020-03-13T22:22:38 IST" name="phoneNumPositive" finished-at="2020-03-13T22:22:50 IST" duration-ms="12072" status="PASS">
          <reporter-output>
          </reporter-output>
        </test-method> <!-- phoneNumPositive -->
      </class> <!-- testcases.TCID64 -->
    </test> <!-- TCID64 -->
    <test started-at="2020-03-13T22:22:50 IST" name="TCID65" finished-at="2020-03-13T22:22:55 IST" duration-ms="4534">
      <class name="testcases.TCID65">
        <test-method signature="phoneNumNegative()[pri:0, instance:testcases.TCID65@1176dcec]" started-at="2020-03-13T22:22:50 IST" name="phoneNumNegative" finished-at="2020-03-13T22:22:55 IST" duration-ms="4532" status="PASS">
          <reporter-output>
          </reporter-output>
        </test-method> <!-- phoneNumNegative -->
      </class> <!-- testcases.TCID65 -->
    </test> <!-- TCID65 -->
    <test started-at="2020-03-13T22:22:55 IST" name="TCID66" finished-at="2020-03-13T22:23:03 IST" duration-ms="7930">
      <class name="testcases.TCID66">
        <test-method signature="passwordFieldEmpty()[pri:0, instance:testcases.TCID66@21a947fe]" started-at="2020-03-13T22:22:55 IST" name="passwordFieldEmpty" finished-at="2020-03-13T22:23:03 IST" duration-ms="7928" status="PASS">
          <reporter-output>
          </reporter-output>
        </test-method> <!-- passwordFieldEmpty -->
      </class> <!-- testcases.TCID66 -->
      <class name="testcases.BeforeSuites">
        <test-method is-config="true" signature="init()[pri:0, instance:testcases.BeforeSuites@4d1b0d2a]" started-at="2020-03-13T22:20:55 IST" name="init" finished-at="2020-03-13T22:21:06 IST" duration-ms="11507" status="PASS">
          <reporter-output>
          </reporter-output>
        </test-method> <!-- init -->
      </class> <!-- testcases.BeforeSuites -->
    </test> <!-- TCID66 -->
  </suite> <!-- HomePageSuite -->
</testng-results>
