<?xml version="1.0" encoding="UTF-8"?>
<testng-results ignored="0" total="2" passed="2" failed="0" skipped="0">
  <reporter-output>
  </reporter-output>
  <suite started-at="2020-03-19T22:12:35 IST" name="HomePageSuite" finished-at="2020-03-19T22:14:28 IST" duration-ms="113693">
    <groups>
    </groups>
    <test started-at="2020-03-19T22:12:35 IST" name="BeforeSuite" finished-at="2020-03-19T22:12:35 IST" duration-ms="9">
    </test> <!-- BeforeSuite -->
    <test started-at="2020-03-19T22:12:35 IST" name="TCID77" finished-at="2020-03-19T22:14:12 IST" duration-ms="96950">
      <class name="testcases.TCID77">
        <test-method signature="search()[pri:0, instance:testcases.TCID77@50de0926]" started-at="2020-03-19T22:12:35 IST" name="search" finished-at="2020-03-19T22:14:12 IST" duration-ms="96896" status="PASS">
          <reporter-output>
          </reporter-output>
        </test-method> <!-- search -->
      </class> <!-- testcases.TCID77 -->
    </test> <!-- TCID77 -->
    <test started-at="2020-03-19T22:14:12 IST" name="TCID79" finished-at="2020-03-19T22:14:28 IST" duration-ms="16588">
      <class name="testcases.TCID79">
        <test-method signature="emptySearch()[pri:0, instance:testcases.TCID79@76b10754]" started-at="2020-03-19T22:14:12 IST" name="emptySearch" finished-at="2020-03-19T22:14:28 IST" duration-ms="16585" status="PASS">
          <reporter-output>
          </reporter-output>
        </test-method> <!-- emptySearch -->
      </class> <!-- testcases.TCID79 -->
      <class name="testcases.BeforeSuites">
        <test-method is-config="true" signature="init()[pri:0, instance:testcases.BeforeSuites@4d1b0d2a]" started-at="2020-03-19T22:12:28 IST" name="init" finished-at="2020-03-19T22:12:35 IST" duration-ms="6425" status="PASS">
          <reporter-output>
          </reporter-output>
        </test-method> <!-- init -->
      </class> <!-- testcases.BeforeSuites -->
    </test> <!-- TCID79 -->
  </suite> <!-- HomePageSuite -->
</testng-results>
