<?xml version="1.0" encoding="UTF-8"?>
<testng-results ignored="0" total="1" passed="1" failed="0" skipped="0">
  <reporter-output>
  </reporter-output>
  <suite started-at="2020-03-12T20:39:06 IST" name="HomePageSuite" finished-at="2020-03-12T20:39:50 IST" duration-ms="44329">
    <groups>
    </groups>
    <test started-at="2020-03-12T20:39:06 IST" name="BeforeSuite" finished-at="2020-03-12T20:39:06 IST" duration-ms="13">
    </test> <!-- BeforeSuite -->
    <test started-at="2020-03-12T20:39:07 IST" name="TCID1" finished-at="2020-03-12T20:39:50 IST" duration-ms="43972">
      <class name="testcases.TCID1">
        <test-method signature="startTest()[pri:0, instance:testcases.TCID1@73d4cc9e]" started-at="2020-03-12T20:39:07 IST" name="startTest" finished-at="2020-03-12T20:39:50 IST" duration-ms="43784" status="PASS">
          <reporter-output>
          </reporter-output>
        </test-method> <!-- startTest -->
      </class> <!-- testcases.TCID1 -->
      <class name="testcases.BeforeSuites">
        <test-method is-config="true" signature="init()[pri:0, instance:testcases.BeforeSuites@365185bd]" started-at="2020-03-12T20:38:32 IST" name="init" finished-at="2020-03-12T20:39:06 IST" duration-ms="34298" status="PASS">
          <reporter-output>
          </reporter-output>
        </test-method> <!-- init -->
      </class> <!-- testcases.BeforeSuites -->
    </test> <!-- TCID1 -->
  </suite> <!-- HomePageSuite -->
</testng-results>
