<?xml version="1.0" encoding="UTF-8"?>
<testng-results ignored="0" total="29" passed="29" failed="0" skipped="0">
  <reporter-output>
  </reporter-output>
  <suite started-at="2020-03-26T20:09:22 IST" name="HomePageSuite" finished-at="2020-03-26T20:17:48 IST" duration-ms="506708">
    <groups>
    </groups>
    <test started-at="2020-03-26T20:09:22 IST" name="BeforeSuite" finished-at="2020-03-26T20:09:22 IST" duration-ms="82">
    </test> <!-- BeforeSuite -->
    <test started-at="2020-03-26T20:09:22 IST" name="TCID1" finished-at="2020-03-26T20:09:25 IST" duration-ms="2834">
      <class name="testcases.TCID1">
        <test-method signature="startTest()[pri:0, instance:testcases.TCID1@50de0926]" started-at="2020-03-26T20:09:23 IST" name="startTest" finished-at="2020-03-26T20:09:25 IST" duration-ms="2714" status="PASS">
          <reporter-output>
          </reporter-output>
        </test-method> <!-- startTest -->
      </class> <!-- testcases.TCID1 -->
    </test> <!-- TCID1 -->
    <test started-at="2020-03-26T20:09:26 IST" name="TCID2" finished-at="2020-03-26T20:12:58 IST" duration-ms="212018">
      <class name="testcases.TCID2">
        <test-method signature="addCart()[pri:0, instance:testcases.TCID2@76b10754]" started-at="2020-03-26T20:09:26 IST" name="addCart" finished-at="2020-03-26T20:12:58 IST" duration-ms="212011" status="PASS">
          <reporter-output>
          </reporter-output>
        </test-method> <!-- addCart -->
      </class> <!-- testcases.TCID2 -->
    </test> <!-- TCID2 -->
    <test started-at="2020-03-26T20:12:58 IST" name="TCID3" finished-at="2020-03-26T20:13:04 IST" duration-ms="5515">
      <class name="testcases.TCID3">
        <test-method signature="cartPlus()[pri:0, instance:testcases.TCID3@58a90037]" started-at="2020-03-26T20:12:58 IST" name="cartPlus" finished-at="2020-03-26T20:13:04 IST" duration-ms="5511" status="PASS">
          <reporter-output>
          </reporter-output>
        </test-method> <!-- cartPlus -->
      </class> <!-- testcases.TCID3 -->
    </test> <!-- TCID3 -->
    <test started-at="2020-03-26T20:13:04 IST" name="TCID4" finished-at="2020-03-26T20:13:15 IST" duration-ms="10618">
      <class name="testcases.TCID4">
        <test-method signature="cartMinus()[pri:0, instance:testcases.TCID4@40f08448]" started-at="2020-03-26T20:13:04 IST" name="cartMinus" finished-at="2020-03-26T20:13:15 IST" duration-ms="10614" status="PASS">
          <reporter-output>
          </reporter-output>
        </test-method> <!-- cartMinus -->
      </class> <!-- testcases.TCID4 -->
    </test> <!-- TCID4 -->
    <test started-at="2020-03-26T20:13:16 IST" name="TCID5" finished-at="2020-03-26T20:13:39 IST" duration-ms="23547">
      <class name="testcases.TCID5">
        <test-method signature="upper()[pri:0, instance:testcases.TCID5@32464a14]" started-at="2020-03-26T20:13:16 IST" name="upper" finished-at="2020-03-26T20:13:39 IST" duration-ms="23544" status="PASS">
          <reporter-output>
          </reporter-output>
        </test-method> <!-- upper -->
      </class> <!-- testcases.TCID5 -->
    </test> <!-- TCID5 -->
    <test started-at="2020-03-26T20:13:40 IST" name="TCID6" finished-at="2020-03-26T20:13:42 IST" duration-ms="2264">
      <class name="testcases.TCID6">
        <test-method signature="lower()[pri:0, instance:testcases.TCID6@32cf48b7]" started-at="2020-03-26T20:13:40 IST" name="lower" finished-at="2020-03-26T20:13:42 IST" duration-ms="2261" status="PASS">
          <reporter-output>
          </reporter-output>
        </test-method> <!-- lower -->
      </class> <!-- testcases.TCID6 -->
    </test> <!-- TCID6 -->
    <test started-at="2020-03-26T20:13:42 IST" name="TCID7" finished-at="2020-03-26T20:13:48 IST" duration-ms="5608">
      <class name="testcases.TCID7">
        <test-method signature="sort()[pri:0, instance:testcases.TCID7@12028586]" started-at="2020-03-26T20:13:42 IST" name="sort" finished-at="2020-03-26T20:13:48 IST" duration-ms="5606" status="PASS">
          <reporter-output>
          </reporter-output>
        </test-method> <!-- sort -->
      </class> <!-- testcases.TCID7 -->
    </test> <!-- TCID7 -->
    <test started-at="2020-03-26T20:13:48 IST" name="TCID8" finished-at="2020-03-26T20:13:53 IST" duration-ms="5157">
      <class name="testcases.TCID8">
        <test-method signature="relevance()[pri:0, instance:testcases.TCID8@1176dcec]" started-at="2020-03-26T20:13:48 IST" name="relevance" finished-at="2020-03-26T20:13:53 IST" duration-ms="5155" status="PASS">
          <reporter-output>
          </reporter-output>
        </test-method> <!-- relevance -->
      </class> <!-- testcases.TCID8 -->
    </test> <!-- TCID8 -->
    <test started-at="2020-03-26T20:13:53 IST" name="TCID9" finished-at="2020-03-26T20:13:59 IST" duration-ms="5555">
      <class name="testcases.TCID9">
        <test-method signature="lowhigh()[pri:0, instance:testcases.TCID9@21a947fe]" started-at="2020-03-26T20:13:53 IST" name="lowhigh" finished-at="2020-03-26T20:13:59 IST" duration-ms="5553" status="PASS">
          <reporter-output>
          </reporter-output>
        </test-method> <!-- lowhigh -->
      </class> <!-- testcases.TCID9 -->
    </test> <!-- TCID9 -->
    <test started-at="2020-03-26T20:13:59 IST" name="TCID10" finished-at="2020-03-26T20:14:05 IST" duration-ms="5478">
      <class name="testcases.TCID10">
        <test-method signature="highlow()[pri:0, instance:testcases.TCID10@10b48321]" started-at="2020-03-26T20:13:59 IST" name="highlow" finished-at="2020-03-26T20:14:05 IST" duration-ms="5460" status="PASS">
          <reporter-output>
          </reporter-output>
        </test-method> <!-- highlow -->
      </class> <!-- testcases.TCID10 -->
    </test> <!-- TCID10 -->
    <test started-at="2020-03-26T20:14:05 IST" name="TCID11" finished-at="2020-03-26T20:14:10 IST" duration-ms="5470">
      <class name="testcases.TCID11">
        <test-method signature="atoz()[pri:0, instance:testcases.TCID11@1c72da34]" started-at="2020-03-26T20:14:05 IST" name="atoz" finished-at="2020-03-26T20:14:10 IST" duration-ms="5468" status="PASS">
          <reporter-output>
          </reporter-output>
        </test-method> <!-- atoz -->
      </class> <!-- testcases.TCID11 -->
    </test> <!-- TCID11 -->
    <test started-at="2020-03-26T20:14:10 IST" name="TCID12" finished-at="2020-03-26T20:14:23 IST" duration-ms="12977">
      <class name="testcases.TCID12">
        <test-method signature="ztoa()[pri:0, instance:testcases.TCID12@6385cb26]" started-at="2020-03-26T20:14:10 IST" name="ztoa" finished-at="2020-03-26T20:14:23 IST" duration-ms="12972" status="PASS">
          <reporter-output>
          </reporter-output>
        </test-method> <!-- ztoa -->
      </class> <!-- testcases.TCID12 -->
    </test> <!-- TCID12 -->
    <test started-at="2020-03-26T20:14:24 IST" name="TCID13" finished-at="2020-03-26T20:14:38 IST" duration-ms="13996">
      <class name="testcases.TCID13">
        <test-method signature="page()[pri:0, instance:testcases.TCID13@516be40f]" started-at="2020-03-26T20:14:24 IST" name="page" finished-at="2020-03-26T20:14:38 IST" duration-ms="13995" status="PASS">
          <reporter-output>
          </reporter-output>
        </test-method> <!-- page -->
      </class> <!-- testcases.TCID13 -->
    </test> <!-- TCID13 -->
    <test started-at="2020-03-26T20:14:38 IST" name="TCID14" finished-at="2020-03-26T20:14:49 IST" duration-ms="11692">
      <class name="testcases.TCID14">
        <test-method signature="verifypro()[pri:0, instance:testcases.TCID14@23a5fd2]" started-at="2020-03-26T20:14:38 IST" name="verifypro" finished-at="2020-03-26T20:14:49 IST" duration-ms="11689" status="PASS">
          <reporter-output>
          </reporter-output>
        </test-method> <!-- verifypro -->
      </class> <!-- testcases.TCID14 -->
    </test> <!-- TCID14 -->
    <test started-at="2020-03-26T20:14:50 IST" name="TCID15" finished-at="2020-03-26T20:14:53 IST" duration-ms="3106">
      <class name="testcases.TCID15">
        <test-method signature="verify()[pri:0, instance:testcases.TCID15@ba8d91c]" started-at="2020-03-26T20:14:50 IST" name="verify" finished-at="2020-03-26T20:14:53 IST" duration-ms="3104" status="PASS">
          <reporter-output>
          </reporter-output>
        </test-method> <!-- verify -->
      </class> <!-- testcases.TCID15 -->
    </test> <!-- TCID15 -->
    <test started-at="2020-03-26T20:14:53 IST" name="TCID16" finished-at="2020-03-26T20:15:10 IST" duration-ms="16730">
      <class name="testcases.TCID16">
        <test-method signature="checkout_emp()[pri:0, instance:testcases.TCID16@61d47554]" started-at="2020-03-26T20:14:53 IST" name="checkout_emp" finished-at="2020-03-26T20:15:10 IST" duration-ms="16726" status="PASS">
          <reporter-output>
          </reporter-output>
        </test-method> <!-- checkout_emp -->
      </class> <!-- testcases.TCID16 -->
    </test> <!-- TCID16 -->
    <test started-at="2020-03-26T20:15:10 IST" name="TCID17" finished-at="2020-03-26T20:15:30 IST" duration-ms="20305">
      <class name="testcases.TCID17">
        <test-method signature="verifyTtl()[pri:0, instance:testcases.TCID17@429bd883]" started-at="2020-03-26T20:15:10 IST" name="verifyTtl" finished-at="2020-03-26T20:15:30 IST" duration-ms="20304" status="PASS">
          <reporter-output>
          </reporter-output>
        </test-method> <!-- verifyTtl -->
      </class> <!-- testcases.TCID17 -->
    </test> <!-- TCID17 -->
    <test started-at="2020-03-26T20:15:30 IST" name="TCID18" finished-at="2020-03-26T20:15:43 IST" duration-ms="13031">
      <class name="testcases.TCID18">
        <test-method signature="checkout_pro()[pri:0, instance:testcases.TCID18@35fc6dc4]" started-at="2020-03-26T20:15:30 IST" name="checkout_pro" finished-at="2020-03-26T20:15:43 IST" duration-ms="13029" status="PASS">
          <reporter-output>
          </reporter-output>
        </test-method> <!-- checkout_pro -->
      </class> <!-- testcases.TCID18 -->
    </test> <!-- TCID18 -->
    <test started-at="2020-03-26T20:15:43 IST" name="TCID20" finished-at="2020-03-26T20:15:49 IST" duration-ms="5392">
      <class name="testcases.TCID20">
        <test-method signature="clearPro()[pri:0, instance:testcases.TCID20@1b68b9a4]" started-at="2020-03-26T20:15:43 IST" name="clearPro" finished-at="2020-03-26T20:15:49 IST" duration-ms="5390" status="PASS">
          <reporter-output>
          </reporter-output>
        </test-method> <!-- clearPro -->
      </class> <!-- testcases.TCID20 -->
    </test> <!-- TCID20 -->
    <test started-at="2020-03-26T20:15:49 IST" name="TCID19" finished-at="2020-03-26T20:15:59 IST" duration-ms="10447">
      <class name="testcases.TCID19">
        <test-method signature="clearEmp()[pri:0, instance:testcases.TCID19@564718df]" started-at="2020-03-26T20:15:49 IST" name="clearEmp" finished-at="2020-03-26T20:15:59 IST" duration-ms="10447" status="PASS">
          <reporter-output>
          </reporter-output>
        </test-method> <!-- clearEmp -->
      </class> <!-- testcases.TCID19 -->
    </test> <!-- TCID19 -->
    <test started-at="2020-03-26T20:15:59 IST" name="TCID21" finished-at="2020-03-26T20:16:07 IST" duration-ms="7201">
      <class name="testcases.TCID21">
        <test-method signature="pluscart()[pri:0, instance:testcases.TCID21@57175e74]" started-at="2020-03-26T20:15:59 IST" name="pluscart" finished-at="2020-03-26T20:16:07 IST" duration-ms="7198" status="PASS">
          <reporter-output>
          </reporter-output>
        </test-method> <!-- pluscart -->
      </class> <!-- testcases.TCID21 -->
    </test> <!-- TCID21 -->
    <test started-at="2020-03-26T20:16:07 IST" name="TCID22" finished-at="2020-03-26T20:16:13 IST" duration-ms="5935">
      <class name="testcases.TCID22">
        <test-method signature="minuscart()[pri:0, instance:testcases.TCID22@448ff1a8]" started-at="2020-03-26T20:16:07 IST" name="minuscart" finished-at="2020-03-26T20:16:13 IST" duration-ms="5933" status="PASS">
          <reporter-output>
          </reporter-output>
        </test-method> <!-- minuscart -->
      </class> <!-- testcases.TCID22 -->
    </test> <!-- TCID22 -->
    <test started-at="2020-03-26T20:16:13 IST" name="TCID24" finished-at="2020-03-26T20:16:17 IST" duration-ms="4365">
      <class name="testcases.TCID24">
        <test-method signature="cartupper()[pri:0, instance:testcases.TCID24@15bb6bea]" started-at="2020-03-26T20:16:13 IST" name="cartupper" finished-at="2020-03-26T20:16:17 IST" duration-ms="4364" status="PASS">
          <reporter-output>
          </reporter-output>
        </test-method> <!-- cartupper -->
      </class> <!-- testcases.TCID24 -->
    </test> <!-- TCID24 -->
    <test started-at="2020-03-26T20:16:17 IST" name="TCID23" finished-at="2020-03-26T20:16:43 IST" duration-ms="25350">
      <class name="testcases.TCID23">
        <test-method signature="cartupper()[pri:0, instance:testcases.TCID23@57d5872c]" started-at="2020-03-26T20:16:17 IST" name="cartupper" finished-at="2020-03-26T20:16:43 IST" duration-ms="25350" status="PASS">
          <reporter-output>
          </reporter-output>
        </test-method> <!-- cartupper -->
      </class> <!-- testcases.TCID23 -->
    </test> <!-- TCID23 -->
    <test started-at="2020-03-26T20:16:43 IST" name="TCID25" finished-at="2020-03-26T20:16:48 IST" duration-ms="5301">
      <class name="testcases.TCID25">
        <test-method signature="clearCart()[pri:0, instance:testcases.TCID25@275710fc]" started-at="2020-03-26T20:16:43 IST" name="clearCart" finished-at="2020-03-26T20:16:48 IST" duration-ms="5299" status="PASS">
          <reporter-output>
          </reporter-output>
        </test-method> <!-- clearCart -->
      </class> <!-- testcases.TCID25 -->
    </test> <!-- TCID25 -->
    <test started-at="2020-03-26T20:16:48 IST" name="TCID26" finished-at="2020-03-26T20:17:04 IST" duration-ms="15917">
      <class name="testcases.TCID26">
        <test-method signature="verifyqnty()[pri:0, instance:testcases.TCID26@3bbc39f8]" started-at="2020-03-26T20:16:48 IST" name="verifyqnty" finished-at="2020-03-26T20:17:04 IST" duration-ms="15914" status="PASS">
          <reporter-output>
          </reporter-output>
        </test-method> <!-- verifyqnty -->
      </class> <!-- testcases.TCID26 -->
    </test> <!-- TCID26 -->
    <test started-at="2020-03-26T20:17:04 IST" name="TCID27" finished-at="2020-03-26T20:17:32 IST" duration-ms="27732">
      <class name="testcases.TCID27">
        <test-method signature="verifyttl()[pri:0, instance:testcases.TCID27@534df152]" started-at="2020-03-26T20:17:04 IST" name="verifyttl" finished-at="2020-03-26T20:17:32 IST" duration-ms="27730" status="PASS">
          <reporter-output>
          </reporter-output>
        </test-method> <!-- verifyttl -->
      </class> <!-- testcases.TCID27 -->
    </test> <!-- TCID27 -->
    <test started-at="2020-03-26T20:17:32 IST" name="TCID28" finished-at="2020-03-26T20:17:34 IST" duration-ms="2451">
      <class name="testcases.TCID28">
        <test-method signature="continueCart()[pri:0, instance:testcases.TCID28@40e6dfe1]" started-at="2020-03-26T20:17:32 IST" name="continueCart" finished-at="2020-03-26T20:17:34 IST" duration-ms="2448" status="PASS">
          <reporter-output>
          </reporter-output>
        </test-method> <!-- continueCart -->
      </class> <!-- testcases.TCID28 -->
    </test> <!-- TCID28 -->
    <test started-at="2020-03-26T20:17:34 IST" name="TCID29" finished-at="2020-03-26T20:17:48 IST" duration-ms="13910">
      <class name="testcases.BeforeSuites">
        <test-method is-config="true" signature="init()[pri:0, instance:testcases.BeforeSuites@4d1b0d2a]" started-at="2020-03-26T20:08:22 IST" name="init" finished-at="2020-03-26T20:09:22 IST" duration-ms="59264" status="PASS">
          <reporter-output>
          </reporter-output>
        </test-method> <!-- init -->
      </class> <!-- testcases.BeforeSuites -->
      <class name="testcases.TCID29">
        <test-method signature="clearCart()[pri:0, instance:testcases.TCID29@5b0abc94]" started-at="2020-03-26T20:17:34 IST" name="clearCart" finished-at="2020-03-26T20:17:48 IST" duration-ms="13908" status="PASS">
          <reporter-output>
          </reporter-output>
        </test-method> <!-- clearCart -->
      </class> <!-- testcases.TCID29 -->
    </test> <!-- TCID29 -->
  </suite> <!-- HomePageSuite -->
</testng-results>
