<?xml version="1.0" encoding="UTF-8"?>
<testsuite name="TestSuite" time="601.498" tests="28" errors="0" skipped="0" failures="1">
  <properties>
[...]
</properties>
  <testcase name="startTest" classname="testcases.TCID1" time="28.254"/>
  <testcase name="lastNameCheck" classname="testcases.TCID59" time="8.113">
    <failure message="TCID &lt;59&gt; failed: &lt;no show error message when give last name length as 16&gt;" type="java.lang.AssertionError"><![CDATA[java.lang.AssertionError: TCID <59> failed: <no show error message when give last name length as 16>
	at org.testng.Assert.fail(Assert.java:97)
	at automation.AutomationScript.lastNameValidation(AutomationScript.java:60)
	at testcases.TCID59.lastNameCheck(TCID59.java:14)
]]></failure>
    <system-err><![CDATA[JavaScript error: resource://gre/modules/XULStore.jsm, line 66: Error: Can't find profile directory.
JavaScript error: resource://gre/modules/XULStore.jsm, line 66: Error: Can't find profile directory.
JavaScript error: https://www.greengavya.com/static/js/main.096ca111.chunk.js, line 1: TypeError: t is null
JavaScript error: https://www.greengavya.com/static/js/main.096ca111.chunk.js, line 1: TypeError: t is null
]]></system-err>
  </testcase>
  <testcase name="invalidEmailValidation" classname="testcases.TCID60" time="4.532"/>
  <testcase name="emailValidation" classname="testcases.TCID61" time="8.272"/>
  <testcase name="phoneNumValidation" classname="testcases.TCID62" time="4.895"/>
  <testcase name="phoneNumEmpty" classname="testcases.TCID63" time="8.179"/>
  <testcase name="phoneNumPositive" classname="testcases.TCID64" time="15.591"/>
  <testcase name="phoneNumNegative" classname="testcases.TCID65" time="8.121"/>
  <testcase name="passwordFieldEmpty" classname="testcases.TCID66" time="8.289"/>
  <testcase name="conformFieldEmpty" classname="testcases.TCID67" time="7.482"/>
  <testcase name="passwordFieldPositive" classname="testcases.TCID68" time="16.548"/>
  <testcase name="passwordFieldNegative" classname="testcases.TCID69" time="10.393"/>
  <testcase name="passwordInvalid" classname="testcases.TCID70" time="9.044"/>
  <testcase name="passwordInvalid" classname="testcases.TCID71" time="6.926"/>
  <testcase name="accountCreation" classname="testcases.TCID72" time="11.021"/>
  <testcase name="accountCreation" classname="testcases.TCID73" time="10.649"/>
  <testcase name="goToHome" classname="testcases.TCID74" time="10.699"/>
  <testcase name="search" classname="testcases.TCID77" time="59.685"/>
  <testcase name="invalidSearch" classname="testcases.TCID78" time="98.193"/>
  <testcase name="emptySearch" classname="testcases.TCID79" time="5.205"/>
  <testcase name="clickSuggestion" classname="testcases.TCID80" time="60.705"/>
  <testcase name="clickSearchButton" classname="testcases.TCID82" time="57.449"/>
  <testcase name="clearOption" classname="testcases.TCID83" time="66.611"/>
  <testcase name="dataBaseCategory" classname="testcases.TCID84" time="14.235"/>
  <testcase name="clickFruite" classname="testcases.TCID85" time="10.384"/>
  <testcase name="clickVegetable" classname="testcases.TCID86" time="18.298"/>
  <testcase name="clickOtherGrocerices" classname="testcases.TCID87" time="18.643"/>
  <testcase name="clickContinueShopping" classname="testcases.TCID88" time="15.082"/>
</testsuite>