<?xml version="1.0" encoding="UTF-8"?>
<testng-results ignored="0" total="1" passed="1" failed="0" skipped="0">
  <reporter-output>
  </reporter-output>
  <suite started-at="2020-03-16T10:59:25 IST" name="HomePageSuite" finished-at="2020-03-16T11:00:51 IST" duration-ms="85800">
    <groups>
    </groups>
    <test started-at="2020-03-16T10:59:25 IST" name="BeforeSuite" finished-at="2020-03-16T10:59:26 IST" duration-ms="19">
    </test> <!-- BeforeSuite -->
    <test started-at="2020-03-16T10:59:26 IST" name="TCID1" finished-at="2020-03-16T11:00:51 IST" duration-ms="85375">
      <class name="testcases.TCID1">
        <test-method signature="startTest()[pri:0, instance:testcases.TCID1@50de0926]" started-at="2020-03-16T10:59:26 IST" name="startTest" finished-at="2020-03-16T11:00:51 IST" duration-ms="85298" status="PASS">
          <reporter-output>
          </reporter-output>
        </test-method> <!-- startTest -->
      </class> <!-- testcases.TCID1 -->
    </test> <!-- TCID1 -->
    <test started-at="2020-03-16T11:00:51 IST" name="TCID7" finished-at="2020-03-16T11:00:51 IST" duration-ms="0">
      <class name="testcases.BeforeSuites">
        <test-method is-config="true" signature="init()[pri:0, instance:testcases.BeforeSuites@4d1b0d2a]" started-at="2020-03-16T10:59:11 IST" name="init" finished-at="2020-03-16T10:59:25 IST" duration-ms="14059" status="PASS">
          <reporter-output>
          </reporter-output>
        </test-method> <!-- init -->
      </class> <!-- testcases.BeforeSuites -->
    </test> <!-- TCID7 -->
  </suite> <!-- HomePageSuite -->
</testng-results>
