<?xml version="1.0" encoding="UTF-8"?>
<testng-results ignored="0" total="3" passed="3" failed="0" skipped="0">
  <reporter-output>
  </reporter-output>
  <suite started-at="2020-03-12T22:11:38 IST" name="HomePageSuite" finished-at="2020-03-12T22:12:11 IST" duration-ms="33557">
    <groups>
    </groups>
    <test started-at="2020-03-12T22:11:38 IST" name="BeforeSuite" finished-at="2020-03-12T22:11:38 IST" duration-ms="13">
    </test> <!-- BeforeSuite -->
    <test started-at="2020-03-12T22:11:38 IST" name="TCID1" finished-at="2020-03-12T22:12:10 IST" duration-ms="31361">
      <class name="testcases.TCID1">
        <test-method signature="startTest()[pri:0, instance:testcases.TCID1@50de0926]" started-at="2020-03-12T22:11:38 IST" name="startTest" finished-at="2020-03-12T22:12:10 IST" duration-ms="31282" status="PASS">
          <reporter-output>
          </reporter-output>
        </test-method> <!-- startTest -->
      </class> <!-- testcases.TCID1 -->
    </test> <!-- TCID1 -->
    <test started-at="2020-03-12T22:12:10 IST" name="TCID2" finished-at="2020-03-12T22:12:11 IST" duration-ms="1132">
      <class name="testcases.TCID2">
        <test-method signature="addCart()[pri:0, instance:testcases.TCID2@76b10754]" started-at="2020-03-12T22:12:10 IST" name="addCart" finished-at="2020-03-12T22:12:11 IST" duration-ms="1130" status="PASS">
          <reporter-output>
          </reporter-output>
        </test-method> <!-- addCart -->
      </class> <!-- testcases.TCID2 -->
    </test> <!-- TCID2 -->
    <test started-at="2020-03-12T22:12:11 IST" name="TCID3" finished-at="2020-03-12T22:12:11 IST" duration-ms="285">
      <class name="testcases.TCID3">
        <test-method signature="cartPlus()[pri:0, instance:testcases.TCID3@58a90037]" started-at="2020-03-12T22:12:11 IST" name="cartPlus" finished-at="2020-03-12T22:12:11 IST" duration-ms="284" status="PASS">
          <reporter-output>
          </reporter-output>
        </test-method> <!-- cartPlus -->
      </class> <!-- testcases.TCID3 -->
      <class name="testcases.BeforeSuites">
        <test-method is-config="true" signature="init()[pri:0, instance:testcases.BeforeSuites@4d1b0d2a]" started-at="2020-03-12T22:11:19 IST" name="init" finished-at="2020-03-12T22:11:38 IST" duration-ms="18870" status="PASS">
          <reporter-output>
          </reporter-output>
        </test-method> <!-- init -->
      </class> <!-- testcases.BeforeSuites -->
    </test> <!-- TCID3 -->
  </suite> <!-- HomePageSuite -->
</testng-results>
