<?xml version="1.0" encoding="UTF-8"?>
<testng-results ignored="0" total="17" passed="16" failed="1" skipped="0">
  <reporter-output>
  </reporter-output>
  <suite started-at="2020-03-17T21:45:18 IST" name="HomePageSuite" finished-at="2020-03-17T21:46:48 IST" duration-ms="90121">
    <groups>
    </groups>
    <test started-at="2020-03-17T21:45:18 IST" name="BeforeSuite" finished-at="2020-03-17T21:45:18 IST" duration-ms="7">
    </test> <!-- BeforeSuite -->
    <test started-at="2020-03-17T21:45:19 IST" name="TCID1" finished-at="2020-03-17T21:45:26 IST" duration-ms="7246">
      <class name="testcases.TCID1">
        <test-method signature="startTest()[pri:0, instance:testcases.TCID1@50de0926]" started-at="2020-03-17T21:45:19 IST" name="startTest" finished-at="2020-03-17T21:45:26 IST" duration-ms="7202" status="PASS">
          <reporter-output>
          </reporter-output>
        </test-method> <!-- startTest -->
      </class> <!-- testcases.TCID1 -->
    </test> <!-- TCID1 -->
    <test started-at="2020-03-17T21:45:26 IST" name="TCID59" finished-at="2020-03-17T21:45:30 IST" duration-ms="4427">
      <class name="testcases.TCID59">
        <test-method signature="lastNameCheck()[pri:0, instance:testcases.TCID59@76b10754]" started-at="2020-03-17T21:45:26 IST" name="lastNameCheck" finished-at="2020-03-17T21:45:30 IST" duration-ms="4416" status="FAIL">
          <exception class="java.lang.AssertionError">
            <message>
              <![CDATA[TCID <59> failed: <no show error message when give last name length as 16>]]>
            </message>
            <full-stacktrace>
              <![CDATA[java.lang.AssertionError: TCID <59> failed: <no show error message when give last name length as 16>
at org.testng.Assert.fail(Assert.java:97)
at automation.AutomationScript.lastNameValidation(AutomationScript.java:55)
at testcases.TCID59.lastNameCheck(TCID59.java:14)
at java.base/jdk.internal.reflect.NativeMethodAccessorImpl.invoke0(Native Method)
at java.base/jdk.internal.reflect.NativeMethodAccessorImpl.invoke(NativeMethodAccessorImpl.java:62)
at java.base/jdk.internal.reflect.DelegatingMethodAccessorImpl.invoke(DelegatingMethodAccessorImpl.java:43)
at java.base/java.lang.reflect.Method.invoke(Method.java:567)
at org.testng.internal.MethodInvocationHelper.invokeMethod(MethodInvocationHelper.java:134)
at org.testng.internal.TestInvoker.invokeMethod(TestInvoker.java:597)
at org.testng.internal.TestInvoker.invokeTestMethod(TestInvoker.java:173)
at org.testng.internal.MethodRunner.runInSequence(MethodRunner.java:46)
at org.testng.internal.TestInvoker$MethodInvocationAgent.invoke(TestInvoker.java:816)
at org.testng.internal.TestInvoker.invokeTestMethods(TestInvoker.java:146)
at org.testng.internal.TestMethodWorker.invokeTestMethods(TestMethodWorker.java:146)
at org.testng.internal.TestMethodWorker.run(TestMethodWorker.java:128)
at java.base/java.util.ArrayList.forEach(ArrayList.java:1507)
at org.testng.TestRunner.privateRun(TestRunner.java:766)
at org.testng.TestRunner.run(TestRunner.java:587)
at org.testng.SuiteRunner.runTest(SuiteRunner.java:384)
at org.testng.SuiteRunner.runSequentially(SuiteRunner.java:378)
at org.testng.SuiteRunner.privateRun(SuiteRunner.java:337)
at org.testng.SuiteRunner.run(SuiteRunner.java:286)
at org.testng.SuiteRunnerWorker.runSuite(SuiteRunnerWorker.java:53)
at org.testng.SuiteRunnerWorker.run(SuiteRunnerWorker.java:96)
at org.testng.TestNG.runSuitesSequentially(TestNG.java:1187)
at org.testng.TestNG.runSuitesLocally(TestNG.java:1109)
at org.testng.TestNG.runSuites(TestNG.java:1039)
at org.testng.TestNG.run(TestNG.java:1007)
at org.apache.maven.surefire.testng.TestNGExecutor.run(TestNGExecutor.java:293)
at org.apache.maven.surefire.testng.TestNGXmlTestSuite.execute(TestNGXmlTestSuite.java:84)
at org.apache.maven.surefire.testng.TestNGProvider.invoke(TestNGProvider.java:91)
at org.apache.maven.surefire.booter.ForkedBooter.invokeProviderInSameClassLoader(ForkedBooter.java:200)
at org.apache.maven.surefire.booter.ForkedBooter.runSuitesInProcess(ForkedBooter.java:153)
at org.apache.maven.surefire.booter.ForkedBooter.main(ForkedBooter.java:103)
]]>
            </full-stacktrace>
          </exception> <!-- java.lang.AssertionError -->
          <reporter-output>
          </reporter-output>
        </test-method> <!-- lastNameCheck -->
      </class> <!-- testcases.TCID59 -->
    </test> <!-- TCID59 -->
    <test started-at="2020-03-17T21:45:31 IST" name="TCID60" finished-at="2020-03-17T21:45:34 IST" duration-ms="3498">
      <class name="testcases.TCID60">
        <test-method signature="invalidEmailValidation()[pri:0, instance:testcases.TCID60@58a90037]" started-at="2020-03-17T21:45:31 IST" name="invalidEmailValidation" finished-at="2020-03-17T21:45:34 IST" duration-ms="3496" status="PASS">
          <reporter-output>
          </reporter-output>
        </test-method> <!-- invalidEmailValidation -->
      </class> <!-- testcases.TCID60 -->
    </test> <!-- TCID60 -->
    <test started-at="2020-03-17T21:45:34 IST" name="TCID61" finished-at="2020-03-17T21:45:38 IST" duration-ms="3891">
      <class name="testcases.TCID61">
        <test-method signature="emailValidation()[pri:0, instance:testcases.TCID61@40f08448]" started-at="2020-03-17T21:45:34 IST" name="emailValidation" finished-at="2020-03-17T21:45:38 IST" duration-ms="3889" status="PASS">
          <reporter-output>
          </reporter-output>
        </test-method> <!-- emailValidation -->
      </class> <!-- testcases.TCID61 -->
    </test> <!-- TCID61 -->
    <test started-at="2020-03-17T21:45:38 IST" name="TCID62" finished-at="2020-03-17T21:45:40 IST" duration-ms="2251">
      <class name="testcases.TCID62">
        <test-method signature="phoneNumValidation()[pri:0, instance:testcases.TCID62@32464a14]" started-at="2020-03-17T21:45:38 IST" name="phoneNumValidation" finished-at="2020-03-17T21:45:40 IST" duration-ms="2250" status="PASS">
          <reporter-output>
          </reporter-output>
        </test-method> <!-- phoneNumValidation -->
      </class> <!-- testcases.TCID62 -->
    </test> <!-- TCID62 -->
    <test started-at="2020-03-17T21:45:41 IST" name="TCID63" finished-at="2020-03-17T21:45:43 IST" duration-ms="2680">
      <class name="testcases.TCID63">
        <test-method signature="phoneNumEmpty()[pri:0, instance:testcases.TCID63@32cf48b7]" started-at="2020-03-17T21:45:41 IST" name="phoneNumEmpty" finished-at="2020-03-17T21:45:43 IST" duration-ms="2678" status="PASS">
          <reporter-output>
          </reporter-output>
        </test-method> <!-- phoneNumEmpty -->
      </class> <!-- testcases.TCID63 -->
    </test> <!-- TCID63 -->
    <test started-at="2020-03-17T21:45:43 IST" name="TCID64" finished-at="2020-03-17T21:45:54 IST" duration-ms="10405">
      <class name="testcases.TCID64">
        <test-method signature="phoneNumPositive()[pri:0, instance:testcases.TCID64@12028586]" started-at="2020-03-17T21:45:43 IST" name="phoneNumPositive" finished-at="2020-03-17T21:45:54 IST" duration-ms="10404" status="PASS">
          <reporter-output>
          </reporter-output>
        </test-method> <!-- phoneNumPositive -->
      </class> <!-- testcases.TCID64 -->
    </test> <!-- TCID64 -->
    <test started-at="2020-03-17T21:45:54 IST" name="TCID65" finished-at="2020-03-17T21:45:59 IST" duration-ms="5553">
      <class name="testcases.TCID65">
        <test-method signature="phoneNumNegative()[pri:0, instance:testcases.TCID65@1176dcec]" started-at="2020-03-17T21:45:54 IST" name="phoneNumNegative" finished-at="2020-03-17T21:45:59 IST" duration-ms="5553" status="PASS">
          <reporter-output>
          </reporter-output>
        </test-method> <!-- phoneNumNegative -->
      </class> <!-- testcases.TCID65 -->
    </test> <!-- TCID65 -->
    <test started-at="2020-03-17T21:45:59 IST" name="TCID66" finished-at="2020-03-17T21:46:03 IST" duration-ms="3761">
      <class name="testcases.TCID66">
        <test-method signature="passwordFieldEmpty()[pri:0, instance:testcases.TCID66@21a947fe]" started-at="2020-03-17T21:45:59 IST" name="passwordFieldEmpty" finished-at="2020-03-17T21:46:03 IST" duration-ms="3760" status="PASS">
          <reporter-output>
          </reporter-output>
        </test-method> <!-- passwordFieldEmpty -->
      </class> <!-- testcases.TCID66 -->
    </test> <!-- TCID66 -->
    <test started-at="2020-03-17T21:46:03 IST" name="TCID67" finished-at="2020-03-17T21:46:07 IST" duration-ms="4050">
      <class name="testcases.TCID67">
        <test-method signature="conformFieldEmpty()[pri:0, instance:testcases.TCID67@10b48321]" started-at="2020-03-17T21:46:03 IST" name="conformFieldEmpty" finished-at="2020-03-17T21:46:07 IST" duration-ms="4047" status="PASS">
          <reporter-output>
          </reporter-output>
        </test-method> <!-- conformFieldEmpty -->
      </class> <!-- testcases.TCID67 -->
    </test> <!-- TCID67 -->
    <test started-at="2020-03-17T21:46:07 IST" name="TCID68" finished-at="2020-03-17T21:46:18 IST" duration-ms="10988">
      <class name="testcases.TCID68">
        <test-method signature="passwordFieldPositive()[pri:0, instance:testcases.TCID68@1c72da34]" started-at="2020-03-17T21:46:07 IST" name="passwordFieldPositive" finished-at="2020-03-17T21:46:18 IST" duration-ms="10987" status="PASS">
          <reporter-output>
          </reporter-output>
        </test-method> <!-- passwordFieldPositive -->
      </class> <!-- testcases.TCID68 -->
    </test> <!-- TCID68 -->
    <test started-at="2020-03-17T21:46:18 IST" name="TCID69" finished-at="2020-03-17T21:46:24 IST" duration-ms="5762">
      <class name="testcases.TCID69">
        <test-method signature="passwordFieldNegative()[pri:0, instance:testcases.TCID69@6385cb26]" started-at="2020-03-17T21:46:18 IST" name="passwordFieldNegative" finished-at="2020-03-17T21:46:24 IST" duration-ms="5761" status="PASS">
          <reporter-output>
          </reporter-output>
        </test-method> <!-- passwordFieldNegative -->
      </class> <!-- testcases.TCID69 -->
    </test> <!-- TCID69 -->
    <test started-at="2020-03-17T21:46:24 IST" name="TCID70" finished-at="2020-03-17T21:46:28 IST" duration-ms="3456">
      <class name="testcases.TCID70">
        <test-method signature="passwordInvalid()[pri:0, instance:testcases.TCID70@516be40f]" started-at="2020-03-17T21:46:24 IST" name="passwordInvalid" finished-at="2020-03-17T21:46:28 IST" duration-ms="3454" status="PASS">
          <reporter-output>
          </reporter-output>
        </test-method> <!-- passwordInvalid -->
      </class> <!-- testcases.TCID70 -->
    </test> <!-- TCID70 -->
    <test started-at="2020-03-17T21:46:28 IST" name="TCID71" finished-at="2020-03-17T21:46:31 IST" duration-ms="3452">
      <class name="testcases.TCID71">
        <test-method signature="passwordInvalid()[pri:0, instance:testcases.TCID71@62bd765]" started-at="2020-03-17T21:46:28 IST" name="passwordInvalid" finished-at="2020-03-17T21:46:31 IST" duration-ms="3452" status="PASS">
          <reporter-output>
          </reporter-output>
        </test-method> <!-- passwordInvalid -->
      </class> <!-- testcases.TCID71 -->
    </test> <!-- TCID71 -->
    <test started-at="2020-03-17T21:46:31 IST" name="TCID72" finished-at="2020-03-17T21:46:38 IST" duration-ms="7215">
      <class name="testcases.TCID72">
        <test-method signature="accountCreation()[pri:0, instance:testcases.TCID72@70b0b186]" started-at="2020-03-17T21:46:31 IST" name="accountCreation" finished-at="2020-03-17T21:46:38 IST" duration-ms="7214" status="PASS">
          <reporter-output>
          </reporter-output>
        </test-method> <!-- accountCreation -->
      </class> <!-- testcases.TCID72 -->
    </test> <!-- TCID72 -->
    <test started-at="2020-03-17T21:46:38 IST" name="TCID73" finished-at="2020-03-17T21:46:45 IST" duration-ms="6779">
      <class name="testcases.TCID73">
        <test-method signature="accountCreation()[pri:0, instance:testcases.TCID73@58c1c010]" started-at="2020-03-17T21:46:38 IST" name="accountCreation" finished-at="2020-03-17T21:46:45 IST" duration-ms="6777" status="PASS">
          <reporter-output>
          </reporter-output>
        </test-method> <!-- accountCreation -->
      </class> <!-- testcases.TCID73 -->
    </test> <!-- TCID73 -->
    <test started-at="2020-03-17T21:46:45 IST" name="TCID74" finished-at="2020-03-17T21:46:48 IST" duration-ms="3179">
      <class name="testcases.TCID74">
        <test-method signature="goToHome()[pri:0, instance:testcases.TCID74@6591f517]" started-at="2020-03-17T21:46:45 IST" name="goToHome" finished-at="2020-03-17T21:46:48 IST" duration-ms="3178" status="PASS">
          <reporter-output>
          </reporter-output>
        </test-method> <!-- goToHome -->
      </class> <!-- testcases.TCID74 -->
      <class name="testcases.BeforeSuites">
        <test-method is-config="true" signature="init()[pri:0, instance:testcases.BeforeSuites@4d1b0d2a]" started-at="2020-03-17T21:45:07 IST" name="init" finished-at="2020-03-17T21:45:18 IST" duration-ms="11673" status="PASS">
          <reporter-output>
          </reporter-output>
        </test-method> <!-- init -->
      </class> <!-- testcases.BeforeSuites -->
    </test> <!-- TCID74 -->
  </suite> <!-- HomePageSuite -->
</testng-results>
