<?xml version="1.0" encoding="UTF-8"?>
<testng-results ignored="0" total="13" passed="12" failed="1" skipped="0">
  <reporter-output>
  </reporter-output>
  <suite started-at="2020-03-16T20:25:46 IST" name="HomePageSuite" finished-at="2020-03-16T20:28:00 IST" duration-ms="134198">
    <groups>
    </groups>
    <test started-at="2020-03-16T20:25:46 IST" name="BeforeSuite" finished-at="2020-03-16T20:25:46 IST" duration-ms="117">
    </test> <!-- BeforeSuite -->
    <test started-at="2020-03-16T20:25:46 IST" name="TCID1" finished-at="2020-03-16T20:25:56 IST" duration-ms="10167">
      <class name="testcases.TCID1">
        <test-method signature="startTest()[pri:0, instance:testcases.TCID1@50de0926]" started-at="2020-03-16T20:25:46 IST" name="startTest" finished-at="2020-03-16T20:25:56 IST" duration-ms="10097" status="PASS">
          <reporter-output>
          </reporter-output>
        </test-method> <!-- startTest -->
      </class> <!-- testcases.TCID1 -->
    </test> <!-- TCID1 -->
    <test started-at="2020-03-16T20:25:57 IST" name="TCID59" finished-at="2020-03-16T20:26:02 IST" duration-ms="5612">
      <class name="testcases.TCID59">
        <test-method signature="lastNameCheck()[pri:0, instance:testcases.TCID59@76b10754]" started-at="2020-03-16T20:25:57 IST" name="lastNameCheck" finished-at="2020-03-16T20:26:02 IST" duration-ms="5593" status="FAIL">
          <exception class="java.lang.AssertionError">
            <message>
              <![CDATA[TCID <59> failed: <no show error message when give last name length as 16>]]>
            </message>
            <full-stacktrace>
              <![CDATA[java.lang.AssertionError: TCID <59> failed: <no show error message when give last name length as 16>
at org.testng.Assert.fail(Assert.java:97)
at automation.AutomationScript.lastNameValidation(AutomationScript.java:54)
at testcases.TCID59.lastNameCheck(TCID59.java:14)
at java.base/jdk.internal.reflect.NativeMethodAccessorImpl.invoke0(Native Method)
at java.base/jdk.internal.reflect.NativeMethodAccessorImpl.invoke(NativeMethodAccessorImpl.java:62)
at java.base/jdk.internal.reflect.DelegatingMethodAccessorImpl.invoke(DelegatingMethodAccessorImpl.java:43)
at java.base/java.lang.reflect.Method.invoke(Method.java:567)
at org.testng.internal.MethodInvocationHelper.invokeMethod(MethodInvocationHelper.java:134)
at org.testng.internal.TestInvoker.invokeMethod(TestInvoker.java:597)
at org.testng.internal.TestInvoker.invokeTestMethod(TestInvoker.java:173)
at org.testng.internal.MethodRunner.runInSequence(MethodRunner.java:46)
at org.testng.internal.TestInvoker$MethodInvocationAgent.invoke(TestInvoker.java:816)
at org.testng.internal.TestInvoker.invokeTestMethods(TestInvoker.java:146)
at org.testng.internal.TestMethodWorker.invokeTestMethods(TestMethodWorker.java:146)
at org.testng.internal.TestMethodWorker.run(TestMethodWorker.java:128)
at java.base/java.util.ArrayList.forEach(ArrayList.java:1507)
at org.testng.TestRunner.privateRun(TestRunner.java:766)
at org.testng.TestRunner.run(TestRunner.java:587)
at org.testng.SuiteRunner.runTest(SuiteRunner.java:384)
at org.testng.SuiteRunner.runSequentially(SuiteRunner.java:378)
at org.testng.SuiteRunner.privateRun(SuiteRunner.java:337)
at org.testng.SuiteRunner.run(SuiteRunner.java:286)
at org.testng.SuiteRunnerWorker.runSuite(SuiteRunnerWorker.java:53)
at org.testng.SuiteRunnerWorker.run(SuiteRunnerWorker.java:96)
at org.testng.TestNG.runSuitesSequentially(TestNG.java:1187)
at org.testng.TestNG.runSuitesLocally(TestNG.java:1109)
at org.testng.TestNG.runSuites(TestNG.java:1039)
at org.testng.TestNG.run(TestNG.java:1007)
at org.apache.maven.surefire.testng.TestNGExecutor.run(TestNGExecutor.java:293)
at org.apache.maven.surefire.testng.TestNGXmlTestSuite.execute(TestNGXmlTestSuite.java:84)
at org.apache.maven.surefire.testng.TestNGProvider.invoke(TestNGProvider.java:91)
at org.apache.maven.surefire.booter.ForkedBooter.invokeProviderInSameClassLoader(ForkedBooter.java:200)
at org.apache.maven.surefire.booter.ForkedBooter.runSuitesInProcess(ForkedBooter.java:153)
at org.apache.maven.surefire.booter.ForkedBooter.main(ForkedBooter.java:103)
]]>
            </full-stacktrace>
          </exception> <!-- java.lang.AssertionError -->
          <reporter-output>
          </reporter-output>
        </test-method> <!-- lastNameCheck -->
      </class> <!-- testcases.TCID59 -->
    </test> <!-- TCID59 -->
    <test started-at="2020-03-16T20:26:02 IST" name="TCID60" finished-at="2020-03-16T20:26:07 IST" duration-ms="4844">
      <class name="testcases.TCID60">
        <test-method signature="invalidEmailValidation()[pri:0, instance:testcases.TCID60@58a90037]" started-at="2020-03-16T20:26:02 IST" name="invalidEmailValidation" finished-at="2020-03-16T20:26:07 IST" duration-ms="4841" status="PASS">
          <reporter-output>
          </reporter-output>
        </test-method> <!-- invalidEmailValidation -->
      </class> <!-- testcases.TCID60 -->
    </test> <!-- TCID60 -->
    <test started-at="2020-03-16T20:26:08 IST" name="TCID61" finished-at="2020-03-16T20:26:12 IST" duration-ms="4890">
      <class name="testcases.TCID61">
        <test-method signature="emailValidation()[pri:0, instance:testcases.TCID61@40f08448]" started-at="2020-03-16T20:26:08 IST" name="emailValidation" finished-at="2020-03-16T20:26:12 IST" duration-ms="4888" status="PASS">
          <reporter-output>
          </reporter-output>
        </test-method> <!-- emailValidation -->
      </class> <!-- testcases.TCID61 -->
    </test> <!-- TCID61 -->
    <test started-at="2020-03-16T20:26:13 IST" name="TCID62" finished-at="2020-03-16T20:26:17 IST" duration-ms="4418">
      <class name="testcases.TCID62">
        <test-method signature="phoneNumValidation()[pri:0, instance:testcases.TCID62@32464a14]" started-at="2020-03-16T20:26:13 IST" name="phoneNumValidation" finished-at="2020-03-16T20:26:17 IST" duration-ms="4413" status="PASS">
          <reporter-output>
          </reporter-output>
        </test-method> <!-- phoneNumValidation -->
      </class> <!-- testcases.TCID62 -->
    </test> <!-- TCID62 -->
    <test started-at="2020-03-16T20:26:17 IST" name="TCID63" finished-at="2020-03-16T20:26:21 IST" duration-ms="3931">
      <class name="testcases.TCID63">
        <test-method signature="phoneNumEmpty()[pri:0, instance:testcases.TCID63@32cf48b7]" started-at="2020-03-16T20:26:17 IST" name="phoneNumEmpty" finished-at="2020-03-16T20:26:21 IST" duration-ms="3926" status="PASS">
          <reporter-output>
          </reporter-output>
        </test-method> <!-- phoneNumEmpty -->
      </class> <!-- testcases.TCID63 -->
    </test> <!-- TCID63 -->
    <test started-at="2020-03-16T20:26:21 IST" name="TCID64" finished-at="2020-03-16T20:26:32 IST" duration-ms="10303">
      <class name="testcases.TCID64">
        <test-method signature="phoneNumPositive()[pri:0, instance:testcases.TCID64@12028586]" started-at="2020-03-16T20:26:21 IST" name="phoneNumPositive" finished-at="2020-03-16T20:26:32 IST" duration-ms="10301" status="PASS">
          <reporter-output>
          </reporter-output>
        </test-method> <!-- phoneNumPositive -->
      </class> <!-- testcases.TCID64 -->
    </test> <!-- TCID64 -->
    <test started-at="2020-03-16T20:26:32 IST" name="TCID65" finished-at="2020-03-16T20:26:39 IST" duration-ms="7394">
      <class name="testcases.TCID65">
        <test-method signature="phoneNumNegative()[pri:0, instance:testcases.TCID65@1176dcec]" started-at="2020-03-16T20:26:32 IST" name="phoneNumNegative" finished-at="2020-03-16T20:26:39 IST" duration-ms="7390" status="PASS">
          <reporter-output>
          </reporter-output>
        </test-method> <!-- phoneNumNegative -->
      </class> <!-- testcases.TCID65 -->
    </test> <!-- TCID65 -->
    <test started-at="2020-03-16T20:26:39 IST" name="TCID66" finished-at="2020-03-16T20:26:46 IST" duration-ms="6379">
      <class name="testcases.TCID66">
        <test-method signature="passwordFieldEmpty()[pri:0, instance:testcases.TCID66@21a947fe]" started-at="2020-03-16T20:26:39 IST" name="passwordFieldEmpty" finished-at="2020-03-16T20:26:46 IST" duration-ms="6376" status="PASS">
          <reporter-output>
          </reporter-output>
        </test-method> <!-- passwordFieldEmpty -->
      </class> <!-- testcases.TCID66 -->
    </test> <!-- TCID66 -->
    <test started-at="2020-03-16T20:26:46 IST" name="TCID67" finished-at="2020-03-16T20:27:16 IST" duration-ms="30327">
      <class name="testcases.TCID67">
        <test-method signature="conformFieldEmpty()[pri:0, instance:testcases.TCID67@10b48321]" started-at="2020-03-16T20:26:46 IST" name="conformFieldEmpty" finished-at="2020-03-16T20:27:16 IST" duration-ms="30324" status="PASS">
          <reporter-output>
          </reporter-output>
        </test-method> <!-- conformFieldEmpty -->
      </class> <!-- testcases.TCID67 -->
    </test> <!-- TCID67 -->
    <test started-at="2020-03-16T20:27:16 IST" name="TCID68" finished-at="2020-03-16T20:27:29 IST" duration-ms="13075">
      <class name="testcases.TCID68">
        <test-method signature="passwordFieldPositive()[pri:0, instance:testcases.TCID68@1c72da34]" started-at="2020-03-16T20:27:16 IST" name="passwordFieldPositive" finished-at="2020-03-16T20:27:29 IST" duration-ms="13071" status="PASS">
          <reporter-output>
          </reporter-output>
        </test-method> <!-- passwordFieldPositive -->
      </class> <!-- testcases.TCID68 -->
    </test> <!-- TCID68 -->
    <test started-at="2020-03-16T20:27:29 IST" name="TCID69" finished-at="2020-03-16T20:27:46 IST" duration-ms="16471">
      <class name="testcases.TCID69">
        <test-method signature="passwordFieldNegative()[pri:0, instance:testcases.TCID69@6385cb26]" started-at="2020-03-16T20:27:29 IST" name="passwordFieldNegative" finished-at="2020-03-16T20:27:46 IST" duration-ms="16469" status="PASS">
          <reporter-output>
          </reporter-output>
        </test-method> <!-- passwordFieldNegative -->
      </class> <!-- testcases.TCID69 -->
    </test> <!-- TCID69 -->
    <test started-at="2020-03-16T20:27:46 IST" name="TCID70" finished-at="2020-03-16T20:28:00 IST" duration-ms="14138">
      <class name="testcases.TCID70">
        <test-method signature="passwordInvalid()[pri:0, instance:testcases.TCID70@516be40f]" started-at="2020-03-16T20:27:46 IST" name="passwordInvalid" finished-at="2020-03-16T20:28:00 IST" duration-ms="14136" status="PASS">
          <reporter-output>
          </reporter-output>
        </test-method> <!-- passwordInvalid -->
      </class> <!-- testcases.TCID70 -->
      <class name="testcases.BeforeSuites">
        <test-method is-config="true" signature="init()[pri:0, instance:testcases.BeforeSuites@4d1b0d2a]" started-at="2020-03-16T20:25:34 IST" name="init" finished-at="2020-03-16T20:25:46 IST" duration-ms="12311" status="PASS">
          <reporter-output>
          </reporter-output>
        </test-method> <!-- init -->
      </class> <!-- testcases.BeforeSuites -->
    </test> <!-- TCID70 -->
  </suite> <!-- HomePageSuite -->
</testng-results>
