-------------------------------------------------------------------------------
Test set: TestSuite
-------------------------------------------------------------------------------
Tests run: 1, Failures: 1, Errors: 0, Skipped: 0, Time elapsed: 92.587 sec <<< FAILURE! - in TestSuite
search(testcases.TCID77)  Time elapsed: 84.265 sec  <<< FAILURE!
java.lang.NullPointerException: null
	at automation.AutomationScript.getData(AutomationScript.java:574)
	at testcases.TCID77.search(TCID77.java:13)

