<?xml version="1.0" encoding="UTF-8"?>
<testng-results ignored="0" total="28" passed="27" failed="1" skipped="0">
  <reporter-output>
  </reporter-output>
  <suite started-at="2020-03-26T18:57:24 IST" name="HomePageSuite" finished-at="2020-03-26T19:07:32 IST" duration-ms="607831">
    <groups>
    </groups>
    <test started-at="2020-03-26T18:57:24 IST" name="BeforeSuite" finished-at="2020-03-26T18:57:24 IST" duration-ms="10">
    </test> <!-- BeforeSuite -->
    <test started-at="2020-03-26T18:57:24 IST" name="TCID1" finished-at="2020-03-26T18:57:53 IST" duration-ms="28322">
      <class name="testcases.TCID1">
        <test-method signature="startTest()[pri:0, instance:testcases.TCID1@50de0926]" started-at="2020-03-26T18:57:24 IST" name="startTest" finished-at="2020-03-26T18:57:53 IST" duration-ms="28224" status="PASS">
          <reporter-output>
          </reporter-output>
        </test-method> <!-- startTest -->
      </class> <!-- testcases.TCID1 -->
    </test> <!-- TCID1 -->
    <test started-at="2020-03-26T18:57:53 IST" name="TCID59" finished-at="2020-03-26T18:58:01 IST" duration-ms="8126">
      <class name="testcases.TCID59">
        <test-method signature="lastNameCheck()[pri:0, instance:testcases.TCID59@76b10754]" started-at="2020-03-26T18:57:53 IST" name="lastNameCheck" finished-at="2020-03-26T18:58:01 IST" duration-ms="8112" status="FAIL">
          <exception class="java.lang.AssertionError">
            <message>
              <![CDATA[TCID <59> failed: <no show error message when give last name length as 16>]]>
            </message>
            <full-stacktrace>
              <![CDATA[java.lang.AssertionError: TCID <59> failed: <no show error message when give last name length as 16>
at org.testng.Assert.fail(Assert.java:97)
at automation.AutomationScript.lastNameValidation(AutomationScript.java:60)
at testcases.TCID59.lastNameCheck(TCID59.java:14)
at java.base/jdk.internal.reflect.NativeMethodAccessorImpl.invoke0(Native Method)
at java.base/jdk.internal.reflect.NativeMethodAccessorImpl.invoke(NativeMethodAccessorImpl.java:62)
at java.base/jdk.internal.reflect.DelegatingMethodAccessorImpl.invoke(DelegatingMethodAccessorImpl.java:43)
at java.base/java.lang.reflect.Method.invoke(Method.java:567)
at org.testng.internal.MethodInvocationHelper.invokeMethod(MethodInvocationHelper.java:134)
at org.testng.internal.TestInvoker.invokeMethod(TestInvoker.java:597)
at org.testng.internal.TestInvoker.invokeTestMethod(TestInvoker.java:173)
at org.testng.internal.MethodRunner.runInSequence(MethodRunner.java:46)
at org.testng.internal.TestInvoker$MethodInvocationAgent.invoke(TestInvoker.java:816)
at org.testng.internal.TestInvoker.invokeTestMethods(TestInvoker.java:146)
at org.testng.internal.TestMethodWorker.invokeTestMethods(TestMethodWorker.java:146)
at org.testng.internal.TestMethodWorker.run(TestMethodWorker.java:128)
at java.base/java.util.ArrayList.forEach(ArrayList.java:1507)
at org.testng.TestRunner.privateRun(TestRunner.java:766)
at org.testng.TestRunner.run(TestRunner.java:587)
at org.testng.SuiteRunner.runTest(SuiteRunner.java:384)
at org.testng.SuiteRunner.runSequentially(SuiteRunner.java:378)
at org.testng.SuiteRunner.privateRun(SuiteRunner.java:337)
at org.testng.SuiteRunner.run(SuiteRunner.java:286)
at org.testng.SuiteRunnerWorker.runSuite(SuiteRunnerWorker.java:53)
at org.testng.SuiteRunnerWorker.run(SuiteRunnerWorker.java:96)
at org.testng.TestNG.runSuitesSequentially(TestNG.java:1187)
at org.testng.TestNG.runSuitesLocally(TestNG.java:1109)
at org.testng.TestNG.runSuites(TestNG.java:1039)
at org.testng.TestNG.run(TestNG.java:1007)
at org.apache.maven.surefire.testng.TestNGExecutor.run(TestNGExecutor.java:293)
at org.apache.maven.surefire.testng.TestNGXmlTestSuite.execute(TestNGXmlTestSuite.java:84)
at org.apache.maven.surefire.testng.TestNGProvider.invoke(TestNGProvider.java:91)
at org.apache.maven.surefire.booter.ForkedBooter.invokeProviderInSameClassLoader(ForkedBooter.java:200)
at org.apache.maven.surefire.booter.ForkedBooter.runSuitesInProcess(ForkedBooter.java:153)
at org.apache.maven.surefire.booter.ForkedBooter.main(ForkedBooter.java:103)
]]>
            </full-stacktrace>
          </exception> <!-- java.lang.AssertionError -->
          <reporter-output>
          </reporter-output>
        </test-method> <!-- lastNameCheck -->
      </class> <!-- testcases.TCID59 -->
    </test> <!-- TCID59 -->
    <test started-at="2020-03-26T18:58:02 IST" name="TCID60" finished-at="2020-03-26T18:58:06 IST" duration-ms="4533">
      <class name="testcases.TCID60">
        <test-method signature="invalidEmailValidation()[pri:0, instance:testcases.TCID60@58a90037]" started-at="2020-03-26T18:58:02 IST" name="invalidEmailValidation" finished-at="2020-03-26T18:58:06 IST" duration-ms="4532" status="PASS">
          <reporter-output>
          </reporter-output>
        </test-method> <!-- invalidEmailValidation -->
      </class> <!-- testcases.TCID60 -->
    </test> <!-- TCID60 -->
    <test started-at="2020-03-26T18:58:07 IST" name="TCID61" finished-at="2020-03-26T18:58:15 IST" duration-ms="8274">
      <class name="testcases.TCID61">
        <test-method signature="emailValidation()[pri:0, instance:testcases.TCID61@40f08448]" started-at="2020-03-26T18:58:07 IST" name="emailValidation" finished-at="2020-03-26T18:58:15 IST" duration-ms="8272" status="PASS">
          <reporter-output>
          </reporter-output>
        </test-method> <!-- emailValidation -->
      </class> <!-- testcases.TCID61 -->
    </test> <!-- TCID61 -->
    <test started-at="2020-03-26T18:58:15 IST" name="TCID62" finished-at="2020-03-26T18:58:20 IST" duration-ms="4896">
      <class name="testcases.TCID62">
        <test-method signature="phoneNumValidation()[pri:0, instance:testcases.TCID62@32464a14]" started-at="2020-03-26T18:58:15 IST" name="phoneNumValidation" finished-at="2020-03-26T18:58:20 IST" duration-ms="4894" status="PASS">
          <reporter-output>
          </reporter-output>
        </test-method> <!-- phoneNumValidation -->
      </class> <!-- testcases.TCID62 -->
    </test> <!-- TCID62 -->
    <test started-at="2020-03-26T18:58:20 IST" name="TCID63" finished-at="2020-03-26T18:58:29 IST" duration-ms="8180">
      <class name="testcases.TCID63">
        <test-method signature="phoneNumEmpty()[pri:0, instance:testcases.TCID63@32cf48b7]" started-at="2020-03-26T18:58:20 IST" name="phoneNumEmpty" finished-at="2020-03-26T18:58:29 IST" duration-ms="8177" status="PASS">
          <reporter-output>
          </reporter-output>
        </test-method> <!-- phoneNumEmpty -->
      </class> <!-- testcases.TCID63 -->
    </test> <!-- TCID63 -->
    <test started-at="2020-03-26T18:58:29 IST" name="TCID64" finished-at="2020-03-26T18:58:44 IST" duration-ms="15592">
      <class name="testcases.TCID64">
        <test-method signature="phoneNumPositive()[pri:0, instance:testcases.TCID64@12028586]" started-at="2020-03-26T18:58:29 IST" name="phoneNumPositive" finished-at="2020-03-26T18:58:44 IST" duration-ms="15589" status="PASS">
          <reporter-output>
          </reporter-output>
        </test-method> <!-- phoneNumPositive -->
      </class> <!-- testcases.TCID64 -->
    </test> <!-- TCID64 -->
    <test started-at="2020-03-26T18:58:45 IST" name="TCID65" finished-at="2020-03-26T18:58:53 IST" duration-ms="8121">
      <class name="testcases.TCID65">
        <test-method signature="phoneNumNegative()[pri:0, instance:testcases.TCID65@1176dcec]" started-at="2020-03-26T18:58:45 IST" name="phoneNumNegative" finished-at="2020-03-26T18:58:53 IST" duration-ms="8119" status="PASS">
          <reporter-output>
          </reporter-output>
        </test-method> <!-- phoneNumNegative -->
      </class> <!-- testcases.TCID65 -->
    </test> <!-- TCID65 -->
    <test started-at="2020-03-26T18:58:53 IST" name="TCID66" finished-at="2020-03-26T18:59:01 IST" duration-ms="8289">
      <class name="testcases.TCID66">
        <test-method signature="passwordFieldEmpty()[pri:0, instance:testcases.TCID66@21a947fe]" started-at="2020-03-26T18:58:53 IST" name="passwordFieldEmpty" finished-at="2020-03-26T18:59:01 IST" duration-ms="8286" status="PASS">
          <reporter-output>
          </reporter-output>
        </test-method> <!-- passwordFieldEmpty -->
      </class> <!-- testcases.TCID66 -->
    </test> <!-- TCID66 -->
    <test started-at="2020-03-26T18:59:02 IST" name="TCID67" finished-at="2020-03-26T18:59:09 IST" duration-ms="7484">
      <class name="testcases.TCID67">
        <test-method signature="conformFieldEmpty()[pri:0, instance:testcases.TCID67@10b48321]" started-at="2020-03-26T18:59:02 IST" name="conformFieldEmpty" finished-at="2020-03-26T18:59:09 IST" duration-ms="7482" status="PASS">
          <reporter-output>
          </reporter-output>
        </test-method> <!-- conformFieldEmpty -->
      </class> <!-- testcases.TCID67 -->
    </test> <!-- TCID67 -->
    <test started-at="2020-03-26T18:59:10 IST" name="TCID68" finished-at="2020-03-26T18:59:26 IST" duration-ms="16549">
      <class name="testcases.TCID68">
        <test-method signature="passwordFieldPositive()[pri:0, instance:testcases.TCID68@1c72da34]" started-at="2020-03-26T18:59:10 IST" name="passwordFieldPositive" finished-at="2020-03-26T18:59:26 IST" duration-ms="16547" status="PASS">
          <reporter-output>
          </reporter-output>
        </test-method> <!-- passwordFieldPositive -->
      </class> <!-- testcases.TCID68 -->
    </test> <!-- TCID68 -->
    <test started-at="2020-03-26T18:59:26 IST" name="TCID69" finished-at="2020-03-26T18:59:37 IST" duration-ms="10395">
      <class name="testcases.TCID69">
        <test-method signature="passwordFieldNegative()[pri:0, instance:testcases.TCID69@6385cb26]" started-at="2020-03-26T18:59:26 IST" name="passwordFieldNegative" finished-at="2020-03-26T18:59:37 IST" duration-ms="10392" status="PASS">
          <reporter-output>
          </reporter-output>
        </test-method> <!-- passwordFieldNegative -->
      </class> <!-- testcases.TCID69 -->
    </test> <!-- TCID69 -->
    <test started-at="2020-03-26T18:59:37 IST" name="TCID70" finished-at="2020-03-26T18:59:46 IST" duration-ms="9046">
      <class name="testcases.TCID70">
        <test-method signature="passwordInvalid()[pri:0, instance:testcases.TCID70@516be40f]" started-at="2020-03-26T18:59:37 IST" name="passwordInvalid" finished-at="2020-03-26T18:59:46 IST" duration-ms="9044" status="PASS">
          <reporter-output>
          </reporter-output>
        </test-method> <!-- passwordInvalid -->
      </class> <!-- testcases.TCID70 -->
    </test> <!-- TCID70 -->
    <test started-at="2020-03-26T18:59:46 IST" name="TCID71" finished-at="2020-03-26T18:59:53 IST" duration-ms="6927">
      <class name="testcases.TCID71">
        <test-method signature="passwordInvalid()[pri:0, instance:testcases.TCID71@62bd765]" started-at="2020-03-26T18:59:46 IST" name="passwordInvalid" finished-at="2020-03-26T18:59:53 IST" duration-ms="6925" status="PASS">
          <reporter-output>
          </reporter-output>
        </test-method> <!-- passwordInvalid -->
      </class> <!-- testcases.TCID71 -->
    </test> <!-- TCID71 -->
    <test started-at="2020-03-26T18:59:53 IST" name="TCID72" finished-at="2020-03-26T19:00:04 IST" duration-ms="11024">
      <class name="testcases.TCID72">
        <test-method signature="accountCreation()[pri:0, instance:testcases.TCID72@70b0b186]" started-at="2020-03-26T18:59:53 IST" name="accountCreation" finished-at="2020-03-26T19:00:04 IST" duration-ms="11022" status="PASS">
          <reporter-output>
          </reporter-output>
        </test-method> <!-- accountCreation -->
      </class> <!-- testcases.TCID72 -->
    </test> <!-- TCID72 -->
    <test started-at="2020-03-26T19:00:04 IST" name="TCID73" finished-at="2020-03-26T19:00:15 IST" duration-ms="10650">
      <class name="testcases.TCID73">
        <test-method signature="accountCreation()[pri:0, instance:testcases.TCID73@58c1c010]" started-at="2020-03-26T19:00:04 IST" name="accountCreation" finished-at="2020-03-26T19:00:15 IST" duration-ms="10648" status="PASS">
          <reporter-output>
          </reporter-output>
        </test-method> <!-- accountCreation -->
      </class> <!-- testcases.TCID73 -->
    </test> <!-- TCID73 -->
    <test started-at="2020-03-26T19:00:15 IST" name="TCID74" finished-at="2020-03-26T19:00:26 IST" duration-ms="10701">
      <class name="testcases.TCID74">
        <test-method signature="goToHome()[pri:0, instance:testcases.TCID74@6591f517]" started-at="2020-03-26T19:00:15 IST" name="goToHome" finished-at="2020-03-26T19:00:26 IST" duration-ms="10699" status="PASS">
          <reporter-output>
          </reporter-output>
        </test-method> <!-- goToHome -->
      </class> <!-- testcases.TCID74 -->
    </test> <!-- TCID74 -->
    <test started-at="2020-03-26T19:00:26 IST" name="TCID77" finished-at="2020-03-26T19:01:26 IST" duration-ms="59687">
      <class name="testcases.TCID77">
        <test-method signature="search()[pri:0, instance:testcases.TCID77@351d0846]" started-at="2020-03-26T19:00:26 IST" name="search" finished-at="2020-03-26T19:01:26 IST" duration-ms="59685" status="PASS">
          <reporter-output>
          </reporter-output>
        </test-method> <!-- search -->
      </class> <!-- testcases.TCID77 -->
    </test> <!-- TCID77 -->
    <test started-at="2020-03-26T19:01:26 IST" name="TCID78" finished-at="2020-03-26T19:03:04 IST" duration-ms="98194">
      <class name="testcases.TCID78">
        <test-method signature="invalidSearch()[pri:0, instance:testcases.TCID78@6b53e23f]" started-at="2020-03-26T19:01:26 IST" name="invalidSearch" finished-at="2020-03-26T19:03:04 IST" duration-ms="98192" status="PASS">
          <reporter-output>
          </reporter-output>
        </test-method> <!-- invalidSearch -->
      </class> <!-- testcases.TCID78 -->
    </test> <!-- TCID78 -->
    <test started-at="2020-03-26T19:03:04 IST" name="TCID79" finished-at="2020-03-26T19:03:10 IST" duration-ms="5207">
      <class name="testcases.TCID79">
        <test-method signature="emptySearch()[pri:0, instance:testcases.TCID79@51931956]" started-at="2020-03-26T19:03:04 IST" name="emptySearch" finished-at="2020-03-26T19:03:10 IST" duration-ms="5206" status="PASS">
          <reporter-output>
          </reporter-output>
        </test-method> <!-- emptySearch -->
      </class> <!-- testcases.TCID79 -->
    </test> <!-- TCID79 -->
    <test started-at="2020-03-26T19:03:10 IST" name="TCID80" finished-at="2020-03-26T19:04:10 IST" duration-ms="60705">
      <class name="testcases.TCID80">
        <test-method signature="clickSuggestion()[pri:0, instance:testcases.TCID80@4206a205]" started-at="2020-03-26T19:03:10 IST" name="clickSuggestion" finished-at="2020-03-26T19:04:10 IST" duration-ms="60704" status="PASS">
          <reporter-output>
          </reporter-output>
        </test-method> <!-- clickSuggestion -->
      </class> <!-- testcases.TCID80 -->
    </test> <!-- TCID80 -->
    <test started-at="2020-03-26T19:04:11 IST" name="TCID82" finished-at="2020-03-26T19:05:08 IST" duration-ms="57452">
      <class name="testcases.TCID82">
        <test-method signature="clickSearchButton()[pri:0, instance:testcases.TCID82@61009542]" started-at="2020-03-26T19:04:11 IST" name="clickSearchButton" finished-at="2020-03-26T19:05:08 IST" duration-ms="57448" status="PASS">
          <reporter-output>
          </reporter-output>
        </test-method> <!-- clickSearchButton -->
      </class> <!-- testcases.TCID82 -->
    </test> <!-- TCID82 -->
    <test started-at="2020-03-26T19:05:08 IST" name="TCID83" finished-at="2020-03-26T19:06:15 IST" duration-ms="66610">
      <class name="testcases.TCID83">
        <test-method signature="clearOption()[pri:0, instance:testcases.TCID83@6328d34a]" started-at="2020-03-26T19:05:08 IST" name="clearOption" finished-at="2020-03-26T19:06:15 IST" duration-ms="66608" status="PASS">
          <reporter-output>
          </reporter-output>
        </test-method> <!-- clearOption -->
      </class> <!-- testcases.TCID83 -->
    </test> <!-- TCID83 -->
    <test started-at="2020-03-26T19:06:15 IST" name="TCID84" finished-at="2020-03-26T19:06:29 IST" duration-ms="14238">
      <class name="testcases.TCID84">
        <test-method signature="dataBaseCategory()[pri:0, instance:testcases.TCID84@1e67a849]" started-at="2020-03-26T19:06:15 IST" name="dataBaseCategory" finished-at="2020-03-26T19:06:29 IST" duration-ms="14234" status="PASS">
          <reporter-output>
          </reporter-output>
        </test-method> <!-- dataBaseCategory -->
      </class> <!-- testcases.TCID84 -->
    </test> <!-- TCID84 -->
    <test started-at="2020-03-26T19:06:29 IST" name="TCID85" finished-at="2020-03-26T19:06:40 IST" duration-ms="10386">
      <class name="testcases.TCID85">
        <test-method signature="clickFruite()[pri:0, instance:testcases.TCID85@400cff1a]" started-at="2020-03-26T19:06:29 IST" name="clickFruite" finished-at="2020-03-26T19:06:40 IST" duration-ms="10383" status="PASS">
          <reporter-output>
          </reporter-output>
        </test-method> <!-- clickFruite -->
      </class> <!-- testcases.TCID85 -->
    </test> <!-- TCID85 -->
    <test started-at="2020-03-26T19:06:40 IST" name="TCID86" finished-at="2020-03-26T19:06:58 IST" duration-ms="18300">
      <class name="testcases.TCID86">
        <test-method signature="clickVegetable()[pri:0, instance:testcases.TCID86@5ea434c8]" started-at="2020-03-26T19:06:40 IST" name="clickVegetable" finished-at="2020-03-26T19:06:58 IST" duration-ms="18297" status="PASS">
          <reporter-output>
          </reporter-output>
        </test-method> <!-- clickVegetable -->
      </class> <!-- testcases.TCID86 -->
    </test> <!-- TCID86 -->
    <test started-at="2020-03-26T19:06:58 IST" name="TCID87" finished-at="2020-03-26T19:07:17 IST" duration-ms="18645">
      <class name="testcases.TCID87">
        <test-method signature="clickOtherGrocerices()[pri:0, instance:testcases.TCID87@4c6e276e]" started-at="2020-03-26T19:06:58 IST" name="clickOtherGrocerices" finished-at="2020-03-26T19:07:17 IST" duration-ms="18643" status="PASS">
          <reporter-output>
          </reporter-output>
        </test-method> <!-- clickOtherGrocerices -->
      </class> <!-- testcases.TCID87 -->
    </test> <!-- TCID87 -->
    <test started-at="2020-03-26T19:07:17 IST" name="TCID88" finished-at="2020-03-26T19:07:32 IST" duration-ms="15085">
      <class name="testcases.TCID88">
        <test-method signature="clickContinueShopping()[pri:0, instance:testcases.TCID88@2890c451]" started-at="2020-03-26T19:07:17 IST" name="clickContinueShopping" finished-at="2020-03-26T19:07:32 IST" duration-ms="15083" status="PASS">
          <reporter-output>
          </reporter-output>
        </test-method> <!-- clickContinueShopping -->
      </class> <!-- testcases.TCID88 -->
      <class name="testcases.BeforeSuites">
        <test-method is-config="true" signature="init()[pri:0, instance:testcases.BeforeSuites@4d1b0d2a]" started-at="2020-03-26T18:57:16 IST" name="init" finished-at="2020-03-26T18:57:24 IST" duration-ms="7708" status="PASS">
          <reporter-output>
          </reporter-output>
        </test-method> <!-- init -->
      </class> <!-- testcases.BeforeSuites -->
    </test> <!-- TCID88 -->
  </suite> <!-- HomePageSuite -->
</testng-results>
