<?xml version="1.0" encoding="UTF-8"?>
<testng-results ignored="0" total="1" passed="1" failed="0" skipped="0">
  <reporter-output>
  </reporter-output>
  <suite started-at="2020-03-11T15:29:02 IST" name="HomePageSuite" finished-at="2020-03-11T15:29:25 IST" duration-ms="23350">
    <groups>
    </groups>
    <test started-at="2020-03-11T15:29:02 IST" name="BeforeSuite" finished-at="2020-03-11T15:29:02 IST" duration-ms="15">
    </test> <!-- BeforeSuite -->
    <test started-at="2020-03-11T15:29:08 IST" name="TCID1" finished-at="2020-03-11T15:29:25 IST" duration-ms="16974">
      <class name="testcases.TCID1">
        <test-method signature="startTest()[pri:0, instance:testcases.TCID1@50de0926]" started-at="2020-03-11T15:29:08 IST" name="startTest" finished-at="2020-03-11T15:29:25 IST" duration-ms="16917" status="PASS">
          <reporter-output>
          </reporter-output>
        </test-method> <!-- startTest -->
      </class> <!-- testcases.TCID1 -->
      <class name="testcases.BeforeSuites">
        <test-method is-config="true" signature="init()[pri:0, instance:testcases.BeforeSuites@4d1b0d2a]" started-at="2020-03-11T15:28:29 IST" name="init" finished-at="2020-03-11T15:29:02 IST" duration-ms="32987" status="PASS">
          <reporter-output>
          </reporter-output>
        </test-method> <!-- init -->
      </class> <!-- testcases.BeforeSuites -->
    </test> <!-- TCID1 -->
  </suite> <!-- HomePageSuite -->
</testng-results>
