<?xml version="1.0" encoding="UTF-8"?>
<!-- Generated by org.testng.reporters.JUnitXMLReporter -->
<testsuite ignored="0" hostname="LAPTOP-U11H1911" failures="0" tests="0" time="0.015" errors="0" timestamp="2020-03-13T11:16:13 IST">
  <testcase classname="testcases.BeforeSuites" name="@BeforeSuite init" time="0.25">
    <failure type="java.lang.IllegalStateException" message="The driver executable does not exist: C:\Users\USER\Desktop\selenium\dependency\geckodriver-v0.26.0-win64\geckodriver.exe">
      <![CDATA[java.lang.IllegalStateException: The driver executable does not exist: C:\Users\USER\Desktop\selenium\dependency\geckodriver-v0.26.0-win64\geckodriver.exe
at com.google.common.base.Preconditions.checkState(Preconditions.java:585)
at org.openqa.selenium.remote.service.DriverService.checkExecutable(DriverService.java:146)
at org.openqa.selenium.remote.service.DriverService.findExecutable(DriverService.java:141)
at org.openqa.selenium.firefox.GeckoDriverService.access$100(GeckoDriverService.java:44)
at org.openqa.selenium.firefox.GeckoDriverService$Builder.findDefaultExecutable(GeckoDriverService.java:167)
at org.openqa.selenium.remote.service.DriverService$Builder.build(DriverService.java:355)
at org.openqa.selenium.firefox.FirefoxDriver.toExecutor(FirefoxDriver.java:190)
at org.openqa.selenium.firefox.FirefoxDriver.<init>(FirefoxDriver.java:147)
at org.openqa.selenium.firefox.FirefoxDriver.<init>(FirefoxDriver.java:125)
at webdriver.CustomWebDriver.initialize(CustomWebDriver.java:17)
at testcases.BeforeSuites.init(BeforeSuites.java:12)
... Removed 19 stack frames]]>
    </failure>
  </testcase> <!-- @BeforeSuite init -->
</testsuite>
