<?xml version="1.0" encoding="UTF-8"?>
<!-- Generated by org.testng.reporters.JUnitXMLReporter -->
<testsuite ignored="0" hostname="DESKTOP-3GBAJJR" failures="1" tests="1" name="TCID108" time="6.095" errors="0" timestamp="2020-03-24T22:02:39 IST">
  <testcase classname="testcases.TCID108" name="startTest108" time="6.061">
    <failure type="java.lang.AssertionError" message="TCID &amp;lt;108&amp;gt; failed: &amp;lt;no show error message when first name field with invalid data&amp;gt;">
      <![CDATA[java.lang.AssertionError: TCID <108> failed: <no show error message when first name field with invalid data>
at automation.AutomationScript.invalidFname(AutomationScript.java:932)
at testcases.TCID108.startTest108(TCID108.java:11)
at java.base/java.util.ArrayList.forEach(ArrayList.java:1507)
... Removed 28 stack frames]]>
    </failure>
  </testcase> <!-- startTest108 -->
</testsuite> <!-- TCID108 -->
