<?xml version="1.0" encoding="UTF-8"?>
<!-- Generated by org.testng.reporters.JUnitXMLReporter -->
<testsuite ignored="0" hostname="DESKTOP-26CSK06" failures="1" tests="1" name="TCID52" time="6.66" errors="0" timestamp="2020-03-15T21:45:28 IST">
  <testcase classname="testcases.TCID52" name="invalidFname" time="6.643">
    <failure type="java.lang.AssertionError" message="TCID52 failed: Didnt show error message with invalid first name">
      <![CDATA[java.lang.AssertionError: TCID52 failed: Didnt show error message with invalid first name
at automation.AutomationScript.invalidFname(AutomationScript.java:125)
at testcases.TCID52.invalidFname(TCID52.java:12)
at java.base/java.util.ArrayList.forEach(ArrayList.java:1507)
... Removed 28 stack frames]]>
    </failure>
  </testcase> <!-- invalidFname -->
</testsuite> <!-- TCID52 -->
