<?xml version="1.0" encoding="UTF-8"?>
<!-- Generated by org.testng.reporters.JUnitXMLReporter -->
<testsuite ignored="0" hostname="DESKTOP-3GBAJJR" failures="1" tests="1" name="TCID109" time="6.618" errors="0" timestamp="2020-03-17T22:30:46 IST">
  <testcase classname="testcases.TCID109" name="startTest" time="6.613">
    <failure type="java.lang.AssertionError" message="TCID &amp;lt;109&amp;gt; failed: &amp;lt;no show error message when empty first name field&amp;gt;">
      <![CDATA[java.lang.AssertionError: TCID <109> failed: <no show error message when empty first name field>
at automation.AutomationScript.emptyFname(AutomationScript.java:217)
at testcases.TCID109.startTest(TCID109.java:11)
at java.base/java.util.ArrayList.forEach(ArrayList.java:1507)
... Removed 28 stack frames]]>
    </failure>
  </testcase> <!-- startTest -->
</testsuite> <!-- TCID109 -->
