<?xml version="1.0" encoding="UTF-8"?>
<!-- Generated by org.testng.reporters.JUnitXMLReporter -->
<testsuite ignored="0" hostname="DESKTOP-3GBAJJR" failures="1" tests="1" name="TCID92" time="63.584" errors="0" timestamp="2020-03-20T23:14:43 IST">
  <testcase classname="testcases.TCID92" name="startTest92" time="63.363">
    <failure type="java.lang.AssertionError" message="TCID &amp;lt;92&amp;gt; failed:  Doesnt redirect to ConfirmReorder page&amp;gt;">
      <![CDATA[java.lang.AssertionError: TCID <92> failed:  Doesnt redirect to ConfirmReorder page>
at automation.AutomationScript.reorder(AutomationScript.java:184)
at testcases.TCID92.startTest92(TCID92.java:14)
at java.base/java.util.ArrayList.forEach(ArrayList.java:1507)
... Removed 28 stack frames]]>
    </failure>
  </testcase> <!-- startTest92 -->
</testsuite> <!-- TCID92 -->
