<?xml version="1.0" encoding="UTF-8"?>
<!-- Generated by org.testng.reporters.JUnitXMLReporter -->
<testsuite ignored="0" hostname="DESKTOP-26CSK06" failures="1" tests="1" name="TCID31" time="0.158" errors="0" timestamp="2020-03-14T17:08:48 IST">
  <testcase classname="testcases.TCID31" name="startTest" time="0.094">
    <failure type="java.lang.NullPointerException">
      <![CDATA[java.lang.NullPointerException
at dbcontroller.DbConnection.getData(DbConnection.java:45)
at automation.AutomationScript.loggedUser(AutomationScript.java:74)
at testcases.TCID31.startTest(TCID31.java:11)
at java.base/java.util.ArrayList.forEach(ArrayList.java:1507)
... Removed 27 stack frames]]>
    </failure>
  </testcase> <!-- startTest -->
</testsuite> <!-- TCID31 -->
