<?xml version="1.0" encoding="UTF-8"?>
<!-- Generated by org.testng.reporters.JUnitXMLReporter -->
<testsuite ignored="0" hostname="DESKTOP-P4MLSHK" failures="1" tests="1" name="TCID4" time="0.767" errors="0" timestamp="2020-03-16T21:49:16 IST">
  <testcase classname="testcases.TCID4" name="cartMinus" time="0.671">
    <failure type="java.lang.AssertionError" message="TCID &amp;lt;3&amp;gt; failed: Not decreased by one">
      <![CDATA[java.lang.AssertionError: TCID <3> failed: Not decreased by one
at automation.AutomationScript.minusProduct(AutomationScript.java:72)
at testcases.TCID4.cartMinus(TCID4.java:10)
at java.base/java.util.ArrayList.forEach(ArrayList.java:1507)
... Removed 28 stack frames]]>
    </failure>
  </testcase> <!-- cartMinus -->
</testsuite> <!-- TCID4 -->
