<?xml version="1.0" encoding="UTF-8"?>
<!-- Generated by org.testng.reporters.JUnitXMLReporter -->
<testsuite ignored="0" hostname="DESKTOP-26CSK06" failures="1" tests="1" name="TCID56" time="6.749" errors="0" timestamp="2020-03-23T20:32:53 IST">
  <testcase classname="testcases.TCID56" name="invalidLname" time="6.742">
    <failure type="java.lang.AssertionError" message="TCID56 failed: Didnt show error message with invalid Last name">
      <![CDATA[java.lang.AssertionError: TCID56 failed: Didnt show error message with invalid Last name
at automation.AutomationScript.invalidLname(AutomationScript.java:1007)
at testcases.TCID56.invalidLname(TCID56.java:11)
at java.base/java.util.ArrayList.forEach(ArrayList.java:1507)
... Removed 28 stack frames]]>
    </failure>
  </testcase> <!-- invalidLname -->
</testsuite> <!-- TCID56 -->
