<?xml version="1.0" encoding="UTF-8"?>
<!-- Generated by org.testng.reporters.JUnitXMLReporter -->
<testsuite ignored="0" hostname="DESKTOP-P4MLSHK" failures="1" tests="1" name="TCID3" time="0.271" errors="0" timestamp="2020-03-12T19:38:59 IST">
  <testcase classname="testcases.TCID3" name="cartPlus" time="0.004">
    <failure type="java.lang.NullPointerException">
      <![CDATA[java.lang.NullPointerException
at automation.AutomationScript.addProduct(AutomationScript.java:37)
at testcases.TCID3.cartPlus(TCID3.java:11)
at java.base/java.util.ArrayList.forEach(ArrayList.java:1507)
... Removed 27 stack frames]]>
    </failure>
  </testcase> <!-- cartPlus -->
</testsuite> <!-- TCID3 -->
