<?xml version="1.0" encoding="UTF-8"?>
<!-- Generated by org.testng.reporters.JUnitXMLReporter -->
<testsuite ignored="0" hostname="DESKTOP-3GBAJJR" failures="1" tests="1" name="TCID112" time="6.236" errors="0" timestamp="2020-03-24T22:03:31 IST">
  <testcase classname="testcases.TCID112" name="startTest112" time="6.225">
    <failure type="java.lang.AssertionError" message="TCID &amp;lt;112&amp;gt; failed: &amp;lt;no show error message when last name with invalid data&amp;gt;">
      <![CDATA[java.lang.AssertionError: TCID <112> failed: <no show error message when last name with invalid data>
at automation.AutomationScript.invalidLname(AutomationScript.java:1124)
at testcases.TCID112.startTest112(TCID112.java:12)
at java.base/java.util.ArrayList.forEach(ArrayList.java:1507)
... Removed 28 stack frames]]>
    </failure>
  </testcase> <!-- startTest112 -->
</testsuite> <!-- TCID112 -->
