<?xml version="1.0" encoding="UTF-8"?>
<!-- Generated by org.testng.reporters.JUnitXMLReporter -->
<testsuite ignored="0" hostname="DESKTOP-3GBAJJR" failures="1" tests="1" name="TCID101" time="12.23" errors="0" timestamp="2020-03-18T23:17:27 IST">
  <testcase classname="testcases.TCID101" name="startTest101" time="12.199">
    <failure type="java.lang.AssertionError" message="TCID &amp;lt;101&amp;gt; failed: &amp;lt;no show error message when  name field with invalid data&amp;gt;">
      <![CDATA[java.lang.AssertionError: TCID <101> failed: <no show error message when  name field with invalid data>
at automation.AutomationScript.invalidNameContactUs(AutomationScript.java:153)
at testcases.TCID101.startTest101(TCID101.java:11)
at java.base/java.util.ArrayList.forEach(ArrayList.java:1507)
... Removed 28 stack frames]]>
    </failure>
  </testcase> <!-- startTest101 -->
</testsuite> <!-- TCID101 -->
