<?xml version="1.0" encoding="UTF-8"?>
<!-- Generated by org.testng.reporters.JUnitXMLReporter -->
<testsuite ignored="0" hostname="DESKTOP-26CSK06" failures="1" tests="1" name="TCID56" time="3.023" errors="0" timestamp="2020-03-18T18:56:07 IST">
  <testcase classname="testcases.TCID56" name="invalidLname" time="3.016">
    <failure type="java.lang.AssertionError" message="TCID56 failed: Didnt show error message with invalid Last name">
      <![CDATA[java.lang.AssertionError: TCID56 failed: Didnt show error message with invalid Last name
at automation.AutomationScript.invalidLname(AutomationScript.java:500)
at testcases.TCID56.invalidLname(TCID56.java:12)
at java.base/java.util.ArrayList.forEach(ArrayList.java:1507)
... Removed 28 stack frames]]>
    </failure>
  </testcase> <!-- invalidLname -->
</testsuite> <!-- TCID56 -->
