<?xml version="1.0" encoding="UTF-8"?>
<testng-results ignored="0" total="1" passed="1" failed="0" skipped="0">
  <reporter-output>
  </reporter-output>
  <suite started-at="2020-03-11T13:27:53 IST" name="HomePageSuite" finished-at="2020-03-11T13:27:54 IST" duration-ms="1000">
    <groups>
    </groups>
    <test started-at="2020-03-11T13:27:53 IST" name="BeforeSuite" finished-at="2020-03-11T13:27:53 IST" duration-ms="48">
    </test> <!-- BeforeSuite -->
    <test started-at="2020-03-11T13:27:54 IST" name="TCID1" finished-at="2020-03-11T13:27:54 IST" duration-ms="163">
      <class name="testcases.TCID1">
        <test-method signature="startTest()[pri:0, instance:testcases.TCID1@4e91d63f]" started-at="2020-03-11T13:27:54 IST" name="startTest" finished-at="2020-03-11T13:27:54 IST" duration-ms="33" status="PASS">
          <reporter-output>
          </reporter-output>
        </test-method> <!-- startTest -->
      </class> <!-- testcases.TCID1 -->
      <class name="testcases.BeforeSuites">
        <test-method is-config="true" signature="init()[pri:0, instance:testcases.BeforeSuites@add0edd]" started-at="2020-03-11T13:27:40 IST" name="init" finished-at="2020-03-11T13:27:53 IST" duration-ms="12474" status="PASS">
          <reporter-output>
          </reporter-output>
        </test-method> <!-- init -->
      </class> <!-- testcases.BeforeSuites -->
    </test> <!-- TCID1 -->
  </suite> <!-- HomePageSuite -->
</testng-results>
