<?xml version="1.0" encoding="UTF-8"?>
<testng-results ignored="0" total="26" passed="23" failed="3" skipped="0">
  <reporter-output>
  </reporter-output>
  <suite started-at="2020-03-24T21:58:49 IST" name="HomePageSuite" finished-at="2020-03-24T22:05:02 IST" duration-ms="372899">
    <groups>
    </groups>
    <test started-at="2020-03-24T21:58:49 IST" name="BeforeSuite" finished-at="2020-03-24T21:58:49 IST" duration-ms="236">
    </test> <!-- BeforeSuite -->
    <test started-at="2020-03-24T21:58:51 IST" name="TCID1" finished-at="2020-03-24T21:59:01 IST" duration-ms="9781">
      <class name="testcases.TCID1">
        <test-method signature="startTest()[pri:0, instance:testcases.TCID1@77167fb7]" started-at="2020-03-24T21:58:51 IST" name="startTest" finished-at="2020-03-24T21:59:01 IST" duration-ms="9504" status="PASS">
          <reporter-output>
          </reporter-output>
        </test-method> <!-- startTest -->
      </class> <!-- testcases.TCID1 -->
    </test> <!-- TCID1 -->
    <test started-at="2020-03-24T21:59:01 IST" name="TCID92" finished-at="2020-03-24T22:00:05 IST" duration-ms="63415">
      <class name="testcases.TCID92">
        <test-method signature="startTest92()[pri:0, instance:testcases.TCID92@309e345f]" started-at="2020-03-24T21:59:01 IST" name="startTest92" finished-at="2020-03-24T22:00:05 IST" duration-ms="63278" status="PASS">
          <reporter-output>
          </reporter-output>
        </test-method> <!-- startTest92 -->
      </class> <!-- testcases.TCID92 -->
    </test> <!-- TCID92 -->
    <test started-at="2020-03-24T22:00:05 IST" name="TCID93" finished-at="2020-03-24T22:00:25 IST" duration-ms="19461">
      <class name="testcases.TCID93">
        <test-method signature="startTest93()[pri:0, instance:testcases.TCID93@54c562f7]" started-at="2020-03-24T22:00:05 IST" name="startTest93" finished-at="2020-03-24T22:00:25 IST" duration-ms="19393" status="PASS">
          <reporter-output>
          </reporter-output>
        </test-method> <!-- startTest93 -->
      </class> <!-- testcases.TCID93 -->
    </test> <!-- TCID93 -->
    <test started-at="2020-03-24T22:00:25 IST" name="TCID94" finished-at="2020-03-24T22:00:44 IST" duration-ms="18813">
      <class name="testcases.TCID94">
        <test-method signature="startTest94()[pri:0, instance:testcases.TCID94@163e4e87]" started-at="2020-03-24T22:00:25 IST" name="startTest94" finished-at="2020-03-24T22:00:44 IST" duration-ms="18696" status="PASS">
          <reporter-output>
          </reporter-output>
        </test-method> <!-- startTest94 -->
      </class> <!-- testcases.TCID94 -->
    </test> <!-- TCID94 -->
    <test started-at="2020-03-24T22:00:45 IST" name="TCID96" finished-at="2020-03-24T22:00:55 IST" duration-ms="10450">
      <class name="testcases.TCID96">
        <test-method signature="startTest96()[pri:0, instance:testcases.TCID96@159f197]" started-at="2020-03-24T22:00:45 IST" name="startTest96" finished-at="2020-03-24T22:00:55 IST" duration-ms="10373" status="PASS">
          <reporter-output>
          </reporter-output>
        </test-method> <!-- startTest96 -->
      </class> <!-- testcases.TCID96 -->
    </test> <!-- TCID96 -->
    <test started-at="2020-03-24T22:00:56 IST" name="TCID95" finished-at="2020-03-24T22:01:22 IST" duration-ms="26119">
      <class name="testcases.TCID95">
        <test-method signature="startTest95()[pri:0, instance:testcases.TCID95@48fa0f47]" started-at="2020-03-24T22:00:56 IST" name="startTest95" finished-at="2020-03-24T22:01:22 IST" duration-ms="26080" status="PASS">
          <reporter-output>
          </reporter-output>
        </test-method> <!-- startTest95 -->
      </class> <!-- testcases.TCID95 -->
    </test> <!-- TCID95 -->
    <test started-at="2020-03-24T22:01:22 IST" name="TCID97" finished-at="2020-03-24T22:01:33 IST" duration-ms="10741">
      <class name="testcases.TCID97">
        <test-method signature="startTest97()[pri:0, instance:testcases.TCID97@2b6faea6]" started-at="2020-03-24T22:01:22 IST" name="startTest97" finished-at="2020-03-24T22:01:33 IST" duration-ms="10694" status="PASS">
          <reporter-output>
          </reporter-output>
        </test-method> <!-- startTest97 -->
      </class> <!-- testcases.TCID97 -->
    </test> <!-- TCID97 -->
    <test started-at="2020-03-24T22:01:33 IST" name="TCID100" finished-at="2020-03-24T22:01:41 IST" duration-ms="7257">
      <class name="testcases.TCID100">
        <test-method signature="startTest100()[pri:0, instance:testcases.TCID100@59d016c9]" started-at="2020-03-24T22:01:33 IST" name="startTest100" finished-at="2020-03-24T22:01:40 IST" duration-ms="7213" status="PASS">
          <reporter-output>
          </reporter-output>
        </test-method> <!-- startTest100 -->
      </class> <!-- testcases.TCID100 -->
    </test> <!-- TCID100 -->
    <test started-at="2020-03-24T22:01:41 IST" name="TCID101" finished-at="2020-03-24T22:01:48 IST" duration-ms="6380">
      <class name="testcases.TCID101">
        <test-method signature="startTest101()[pri:0, instance:testcases.TCID101@433d61fb]" started-at="2020-03-24T22:01:41 IST" name="startTest101" finished-at="2020-03-24T22:01:48 IST" duration-ms="6277" status="FAIL">
          <exception class="java.lang.AssertionError">
            <message>
              <![CDATA[TCID <101> failed: <no show error message when  name field with invalid data>]]>
            </message>
            <full-stacktrace>
              <![CDATA[java.lang.AssertionError: TCID <101> failed: <no show error message when  name field with invalid data>
at org.testng.Assert.fail(Assert.java:97)
at automation.AutomationScript.invalidNameContactUs(AutomationScript.java:666)
at testcases.TCID101.startTest101(TCID101.java:11)
at java.base/jdk.internal.reflect.NativeMethodAccessorImpl.invoke0(Native Method)
at java.base/jdk.internal.reflect.NativeMethodAccessorImpl.invoke(NativeMethodAccessorImpl.java:62)
at java.base/jdk.internal.reflect.DelegatingMethodAccessorImpl.invoke(DelegatingMethodAccessorImpl.java:43)
at java.base/java.lang.reflect.Method.invoke(Method.java:567)
at org.testng.internal.MethodInvocationHelper.invokeMethod(MethodInvocationHelper.java:134)
at org.testng.internal.TestInvoker.invokeMethod(TestInvoker.java:597)
at org.testng.internal.TestInvoker.invokeTestMethod(TestInvoker.java:173)
at org.testng.internal.MethodRunner.runInSequence(MethodRunner.java:46)
at org.testng.internal.TestInvoker$MethodInvocationAgent.invoke(TestInvoker.java:816)
at org.testng.internal.TestInvoker.invokeTestMethods(TestInvoker.java:146)
at org.testng.internal.TestMethodWorker.invokeTestMethods(TestMethodWorker.java:146)
at org.testng.internal.TestMethodWorker.run(TestMethodWorker.java:128)
at java.base/java.util.ArrayList.forEach(ArrayList.java:1507)
at org.testng.TestRunner.privateRun(TestRunner.java:766)
at org.testng.TestRunner.run(TestRunner.java:587)
at org.testng.SuiteRunner.runTest(SuiteRunner.java:384)
at org.testng.SuiteRunner.runSequentially(SuiteRunner.java:378)
at org.testng.SuiteRunner.privateRun(SuiteRunner.java:337)
at org.testng.SuiteRunner.run(SuiteRunner.java:286)
at org.testng.SuiteRunnerWorker.runSuite(SuiteRunnerWorker.java:53)
at org.testng.SuiteRunnerWorker.run(SuiteRunnerWorker.java:96)
at org.testng.TestNG.runSuitesSequentially(TestNG.java:1187)
at org.testng.TestNG.runSuitesLocally(TestNG.java:1109)
at org.testng.TestNG.runSuites(TestNG.java:1039)
at org.testng.TestNG.run(TestNG.java:1007)
at org.testng.remote.AbstractRemoteTestNG.run(AbstractRemoteTestNG.java:115)
at org.testng.remote.RemoteTestNG.initAndRun(RemoteTestNG.java:251)
at org.testng.remote.RemoteTestNG.main(RemoteTestNG.java:77)
]]>
            </full-stacktrace>
          </exception> <!-- java.lang.AssertionError -->
          <reporter-output>
          </reporter-output>
        </test-method> <!-- startTest101 -->
      </class> <!-- testcases.TCID101 -->
    </test> <!-- TCID101 -->
    <test started-at="2020-03-24T22:01:48 IST" name="TCID102" finished-at="2020-03-24T22:01:56 IST" duration-ms="7633">
      <class name="testcases.TCID102">
        <test-method signature="startTest102()[pri:0, instance:testcases.TCID102@363ee3a2]" started-at="2020-03-24T22:01:48 IST" name="startTest102" finished-at="2020-03-24T22:01:56 IST" duration-ms="7581" status="PASS">
          <reporter-output>
          </reporter-output>
        </test-method> <!-- startTest102 -->
      </class> <!-- testcases.TCID102 -->
    </test> <!-- TCID102 -->
    <test started-at="2020-03-24T22:01:56 IST" name="TCID103" finished-at="2020-03-24T22:02:03 IST" duration-ms="7044">
      <class name="testcases.TCID103">
        <test-method signature="startTest103()[pri:0, instance:testcases.TCID103@3aefe5e5]" started-at="2020-03-24T22:01:56 IST" name="startTest103" finished-at="2020-03-24T22:02:03 IST" duration-ms="7008" status="PASS">
          <reporter-output>
          </reporter-output>
        </test-method> <!-- startTest103 -->
      </class> <!-- testcases.TCID103 -->
    </test> <!-- TCID103 -->
    <test started-at="2020-03-24T22:02:04 IST" name="TCID104" finished-at="2020-03-24T22:02:11 IST" duration-ms="6956">
      <class name="testcases.TCID104">
        <test-method signature="startTest104()[pri:0, instance:testcases.TCID104@1c93084c]" started-at="2020-03-24T22:02:04 IST" name="startTest104" finished-at="2020-03-24T22:02:11 IST" duration-ms="6934" status="PASS">
          <reporter-output>
          </reporter-output>
        </test-method> <!-- startTest104 -->
      </class> <!-- testcases.TCID104 -->
    </test> <!-- TCID104 -->
    <test started-at="2020-03-24T22:02:11 IST" name="TCID105" finished-at="2020-03-24T22:02:18 IST" duration-ms="6884">
      <class name="testcases.TCID105">
        <test-method signature="startTest105()[pri:0, instance:testcases.TCID105@6fe7aac8]" started-at="2020-03-24T22:02:11 IST" name="startTest105" finished-at="2020-03-24T22:02:18 IST" duration-ms="6857" status="PASS">
          <reporter-output>
          </reporter-output>
        </test-method> <!-- startTest105 -->
      </class> <!-- testcases.TCID105 -->
    </test> <!-- TCID105 -->
    <test started-at="2020-03-24T22:02:18 IST" name="TCID106" finished-at="2020-03-24T22:02:25 IST" duration-ms="7035">
      <class name="testcases.TCID106">
        <test-method signature="startTest106()[pri:0, instance:testcases.TCID106@5ae50ce6]" started-at="2020-03-24T22:02:18 IST" name="startTest106" finished-at="2020-03-24T22:02:25 IST" duration-ms="7011" status="PASS">
          <reporter-output>
          </reporter-output>
        </test-method> <!-- startTest106 -->
      </class> <!-- testcases.TCID106 -->
    </test> <!-- TCID106 -->
    <test started-at="2020-03-24T22:02:26 IST" name="TCID107" finished-at="2020-03-24T22:02:32 IST" duration-ms="6647">
      <class name="testcases.TCID107">
        <test-method signature="startTest106()[pri:0, instance:testcases.TCID107@4a22f9e2]" started-at="2020-03-24T22:02:26 IST" name="startTest106" finished-at="2020-03-24T22:02:32 IST" duration-ms="6629" status="PASS">
          <reporter-output>
          </reporter-output>
        </test-method> <!-- startTest106 -->
      </class> <!-- testcases.TCID107 -->
    </test> <!-- TCID107 -->
    <test started-at="2020-03-24T22:02:33 IST" name="TCID108" finished-at="2020-03-24T22:02:39 IST" duration-ms="6095">
      <class name="testcases.TCID108">
        <test-method signature="startTest108()[pri:0, instance:testcases.TCID108@1622f1b]" started-at="2020-03-24T22:02:33 IST" name="startTest108" finished-at="2020-03-24T22:02:39 IST" duration-ms="6061" status="FAIL">
          <exception class="java.lang.AssertionError">
            <message>
              <![CDATA[TCID <108> failed: <no show error message when first name field with invalid data>]]>
            </message>
            <full-stacktrace>
              <![CDATA[java.lang.AssertionError: TCID <108> failed: <no show error message when first name field with invalid data>
at org.testng.Assert.fail(Assert.java:97)
at automation.AutomationScript.invalidFname(AutomationScript.java:932)
at testcases.TCID108.startTest108(TCID108.java:11)
at java.base/jdk.internal.reflect.NativeMethodAccessorImpl.invoke0(Native Method)
at java.base/jdk.internal.reflect.NativeMethodAccessorImpl.invoke(NativeMethodAccessorImpl.java:62)
at java.base/jdk.internal.reflect.DelegatingMethodAccessorImpl.invoke(DelegatingMethodAccessorImpl.java:43)
at java.base/java.lang.reflect.Method.invoke(Method.java:567)
at org.testng.internal.MethodInvocationHelper.invokeMethod(MethodInvocationHelper.java:134)
at org.testng.internal.TestInvoker.invokeMethod(TestInvoker.java:597)
at org.testng.internal.TestInvoker.invokeTestMethod(TestInvoker.java:173)
at org.testng.internal.MethodRunner.runInSequence(MethodRunner.java:46)
at org.testng.internal.TestInvoker$MethodInvocationAgent.invoke(TestInvoker.java:816)
at org.testng.internal.TestInvoker.invokeTestMethods(TestInvoker.java:146)
at org.testng.internal.TestMethodWorker.invokeTestMethods(TestMethodWorker.java:146)
at org.testng.internal.TestMethodWorker.run(TestMethodWorker.java:128)
at java.base/java.util.ArrayList.forEach(ArrayList.java:1507)
at org.testng.TestRunner.privateRun(TestRunner.java:766)
at org.testng.TestRunner.run(TestRunner.java:587)
at org.testng.SuiteRunner.runTest(SuiteRunner.java:384)
at org.testng.SuiteRunner.runSequentially(SuiteRunner.java:378)
at org.testng.SuiteRunner.privateRun(SuiteRunner.java:337)
at org.testng.SuiteRunner.run(SuiteRunner.java:286)
at org.testng.SuiteRunnerWorker.runSuite(SuiteRunnerWorker.java:53)
at org.testng.SuiteRunnerWorker.run(SuiteRunnerWorker.java:96)
at org.testng.TestNG.runSuitesSequentially(TestNG.java:1187)
at org.testng.TestNG.runSuitesLocally(TestNG.java:1109)
at org.testng.TestNG.runSuites(TestNG.java:1039)
at org.testng.TestNG.run(TestNG.java:1007)
at org.testng.remote.AbstractRemoteTestNG.run(AbstractRemoteTestNG.java:115)
at org.testng.remote.RemoteTestNG.initAndRun(RemoteTestNG.java:251)
at org.testng.remote.RemoteTestNG.main(RemoteTestNG.java:77)
]]>
            </full-stacktrace>
          </exception> <!-- java.lang.AssertionError -->
          <reporter-output>
          </reporter-output>
        </test-method> <!-- startTest108 -->
      </class> <!-- testcases.TCID108 -->
    </test> <!-- TCID108 -->
    <test started-at="2020-03-24T22:02:39 IST" name="TCID109" finished-at="2020-03-24T22:02:50 IST" duration-ms="11531">
      <class name="testcases.TCID109">
        <test-method signature="startTest109()[pri:0, instance:testcases.TCID109@34b7ac2f]" started-at="2020-03-24T22:02:39 IST" name="startTest109" finished-at="2020-03-24T22:02:50 IST" duration-ms="11519" status="PASS">
          <reporter-output>
          </reporter-output>
        </test-method> <!-- startTest109 -->
      </class> <!-- testcases.TCID109 -->
    </test> <!-- TCID109 -->
    <test started-at="2020-03-24T22:02:51 IST" name="TCID110" finished-at="2020-03-24T22:03:12 IST" duration-ms="21711">
      <class name="testcases.TCID110">
        <test-method signature="startTest110()[pri:0, instance:testcases.TCID110@a9cd3b1]" started-at="2020-03-24T22:02:51 IST" name="startTest110" finished-at="2020-03-24T22:03:12 IST" duration-ms="21698" status="PASS">
          <reporter-output>
          </reporter-output>
        </test-method> <!-- startTest110 -->
      </class> <!-- testcases.TCID110 -->
    </test> <!-- TCID110 -->
    <test started-at="2020-03-24T22:03:13 IST" name="TCID111" finished-at="2020-03-24T22:03:24 IST" duration-ms="11687">
      <class name="testcases.TCID111">
        <test-method signature="startTest111()[pri:0, instance:testcases.TCID111@9353778]" started-at="2020-03-24T22:03:13 IST" name="startTest111" finished-at="2020-03-24T22:03:24 IST" duration-ms="11671" status="PASS">
          <reporter-output>
          </reporter-output>
        </test-method> <!-- startTest111 -->
      </class> <!-- testcases.TCID111 -->
    </test> <!-- TCID111 -->
    <test started-at="2020-03-24T22:03:25 IST" name="TCID112" finished-at="2020-03-24T22:03:31 IST" duration-ms="6236">
      <class name="testcases.TCID112">
        <test-method signature="startTest112()[pri:0, instance:testcases.TCID112@5c30a9b0]" started-at="2020-03-24T22:03:25 IST" name="startTest112" finished-at="2020-03-24T22:03:31 IST" duration-ms="6225" status="FAIL">
          <exception class="java.lang.AssertionError">
            <message>
              <![CDATA[TCID <112> failed: <no show error message when last name with invalid data>]]>
            </message>
            <full-stacktrace>
              <![CDATA[java.lang.AssertionError: TCID <112> failed: <no show error message when last name with invalid data>
at org.testng.Assert.fail(Assert.java:97)
at automation.AutomationScript.invalidLname(AutomationScript.java:1124)
at testcases.TCID112.startTest112(TCID112.java:12)
at java.base/jdk.internal.reflect.NativeMethodAccessorImpl.invoke0(Native Method)
at java.base/jdk.internal.reflect.NativeMethodAccessorImpl.invoke(NativeMethodAccessorImpl.java:62)
at java.base/jdk.internal.reflect.DelegatingMethodAccessorImpl.invoke(DelegatingMethodAccessorImpl.java:43)
at java.base/java.lang.reflect.Method.invoke(Method.java:567)
at org.testng.internal.MethodInvocationHelper.invokeMethod(MethodInvocationHelper.java:134)
at org.testng.internal.TestInvoker.invokeMethod(TestInvoker.java:597)
at org.testng.internal.TestInvoker.invokeTestMethod(TestInvoker.java:173)
at org.testng.internal.MethodRunner.runInSequence(MethodRunner.java:46)
at org.testng.internal.TestInvoker$MethodInvocationAgent.invoke(TestInvoker.java:816)
at org.testng.internal.TestInvoker.invokeTestMethods(TestInvoker.java:146)
at org.testng.internal.TestMethodWorker.invokeTestMethods(TestMethodWorker.java:146)
at org.testng.internal.TestMethodWorker.run(TestMethodWorker.java:128)
at java.base/java.util.ArrayList.forEach(ArrayList.java:1507)
at org.testng.TestRunner.privateRun(TestRunner.java:766)
at org.testng.TestRunner.run(TestRunner.java:587)
at org.testng.SuiteRunner.runTest(SuiteRunner.java:384)
at org.testng.SuiteRunner.runSequentially(SuiteRunner.java:378)
at org.testng.SuiteRunner.privateRun(SuiteRunner.java:337)
at org.testng.SuiteRunner.run(SuiteRunner.java:286)
at org.testng.SuiteRunnerWorker.runSuite(SuiteRunnerWorker.java:53)
at org.testng.SuiteRunnerWorker.run(SuiteRunnerWorker.java:96)
at org.testng.TestNG.runSuitesSequentially(TestNG.java:1187)
at org.testng.TestNG.runSuitesLocally(TestNG.java:1109)
at org.testng.TestNG.runSuites(TestNG.java:1039)
at org.testng.TestNG.run(TestNG.java:1007)
at org.testng.remote.AbstractRemoteTestNG.run(AbstractRemoteTestNG.java:115)
at org.testng.remote.RemoteTestNG.initAndRun(RemoteTestNG.java:251)
at org.testng.remote.RemoteTestNG.main(RemoteTestNG.java:77)
]]>
            </full-stacktrace>
          </exception> <!-- java.lang.AssertionError -->
          <reporter-output>
          </reporter-output>
        </test-method> <!-- startTest112 -->
      </class> <!-- testcases.TCID112 -->
    </test> <!-- TCID112 -->
    <test started-at="2020-03-24T22:03:31 IST" name="TCID113" finished-at="2020-03-24T22:03:38 IST" duration-ms="6610">
      <class name="testcases.TCID113">
        <test-method signature="startTest113()[pri:0, instance:testcases.TCID113@6ca8564a]" started-at="2020-03-24T22:03:31 IST" name="startTest113" finished-at="2020-03-24T22:03:38 IST" duration-ms="6603" status="PASS">
          <reporter-output>
          </reporter-output>
        </test-method> <!-- startTest113 -->
      </class> <!-- testcases.TCID113 -->
    </test> <!-- TCID113 -->
    <test started-at="2020-03-24T22:03:38 IST" name="TCID114" finished-at="2020-03-24T22:03:59 IST" duration-ms="21598">
      <class name="testcases.TCID114">
        <test-method signature="startTest114()[pri:0, instance:testcases.TCID114@15c43bd9]" started-at="2020-03-24T22:03:38 IST" name="startTest114" finished-at="2020-03-24T22:03:59 IST" duration-ms="21587" status="PASS">
          <reporter-output>
          </reporter-output>
        </test-method> <!-- startTest114 -->
      </class> <!-- testcases.TCID114 -->
    </test> <!-- TCID114 -->
    <test started-at="2020-03-24T22:03:59 IST" name="TCID115" finished-at="2020-03-24T22:04:11 IST" duration-ms="11655">
      <class name="testcases.TCID115">
        <test-method signature="startTest114()[pri:0, instance:testcases.TCID115@31c88ec8]" started-at="2020-03-24T22:03:59 IST" name="startTest114" finished-at="2020-03-24T22:04:11 IST" duration-ms="11650" status="PASS">
          <reporter-output>
          </reporter-output>
        </test-method> <!-- startTest114 -->
      </class> <!-- testcases.TCID115 -->
    </test> <!-- TCID115 -->
    <test started-at="2020-03-24T22:04:11 IST" name="TCID116" finished-at="2020-03-24T22:04:17 IST" duration-ms="6353">
      <class name="testcases.TCID116">
        <test-method signature="startTest116()[pri:0, instance:testcases.TCID116@41fbdac4]" started-at="2020-03-24T22:04:11 IST" name="startTest116" finished-at="2020-03-24T22:04:17 IST" duration-ms="6343" status="PASS">
          <reporter-output>
          </reporter-output>
        </test-method> <!-- startTest116 -->
      </class> <!-- testcases.TCID116 -->
    </test> <!-- TCID116 -->
    <test started-at="2020-03-24T22:04:17 IST" name="TCID117" finished-at="2020-03-24T22:04:24 IST" duration-ms="6632">
      <class name="testcases.TCID117">
        <test-method signature="startTest117()[pri:0, instance:testcases.TCID117@7722c3c3]" started-at="2020-03-24T22:04:17 IST" name="startTest117" finished-at="2020-03-24T22:04:24 IST" duration-ms="6628" status="PASS">
          <reporter-output>
          </reporter-output>
        </test-method> <!-- startTest117 -->
      </class> <!-- testcases.TCID117 -->
    </test> <!-- TCID117 -->
    <test started-at="2020-03-24T22:04:24 IST" name="TCID118" finished-at="2020-03-24T22:05:02 IST" duration-ms="37364">
      <class name="testcases.BeforeSuites">
        <test-method is-config="true" signature="init()[pri:0, instance:testcases.BeforeSuites@45dd4eda]" started-at="2020-03-24T21:57:43 IST" name="init" finished-at="2020-03-24T21:58:49 IST" duration-ms="65276" status="PASS">
          <reporter-output>
          </reporter-output>
        </test-method> <!-- init -->
      </class> <!-- testcases.BeforeSuites -->
      <class name="testcases.TCID118">
        <test-method signature="startTest118()[pri:0, instance:testcases.TCID118@1ea9f6af]" started-at="2020-03-24T22:04:24 IST" name="startTest118" finished-at="2020-03-24T22:05:02 IST" duration-ms="37360" status="PASS">
          <reporter-output>
          </reporter-output>
        </test-method> <!-- startTest118 -->
      </class> <!-- testcases.TCID118 -->
    </test> <!-- TCID118 -->
  </suite> <!-- HomePageSuite -->
</testng-results>
